{
"contracts/mintable_tokens/QTRToken.sol":{"l":{"9":0,"10":0,"14":0},"path":"/Users/michaldedyk/Documents/Projects/GitHub_LLDEX/LLDEX/Quoter-Core/contracts/mintable_tokens/QTRToken.sol","s":{"1":0,"2":0,"3":0},"b":{},"f":{"1":0,"2":0},"fnMap":{"1":{"name":"constructor","line":8,"loc":{"start":{"line":8,"column":4},"end":{"line":11,"column":4}}},"2":{"name":"decimals","line":13,"loc":{"start":{"line":13,"column":4},"end":{"line":15,"column":4}}}},"statementMap":{"1":{"start":{"line":9,"column":8},"end":{"line":9,"column":56}},"2":{"start":{"line":10,"column":8},"end":{"line":10,"column":21}},"3":{"start":{"line":14,"column":8},"end":{"line":14,"column":24}}},"branchMap":{}},
"contracts/mintable_tokens/USDT.sol":{"l":{"9":0,"10":0,"14":0},"path":"/Users/michaldedyk/Documents/Projects/GitHub_LLDEX/LLDEX/Quoter-Core/contracts/mintable_tokens/USDT.sol","s":{"1":0,"2":0,"3":0},"b":{},"f":{"1":0,"2":0},"fnMap":{"1":{"name":"constructor","line":8,"loc":{"start":{"line":8,"column":4},"end":{"line":11,"column":4}}},"2":{"name":"decimals","line":13,"loc":{"start":{"line":13,"column":4},"end":{"line":15,"column":4}}}},"statementMap":{"1":{"start":{"line":9,"column":8},"end":{"line":9,"column":20}},"2":{"start":{"line":10,"column":8},"end":{"line":10,"column":45}},"3":{"start":{"line":14,"column":8},"end":{"line":14,"column":24}}},"branchMap":{}},
"contracts/mintable_tokens/WBNB.sol":{"l":{"9":0,"10":0,"14":0},"path":"/Users/michaldedyk/Documents/Projects/GitHub_LLDEX/LLDEX/Quoter-Core/contracts/mintable_tokens/WBNB.sol","s":{"1":0,"2":0,"3":0},"b":{},"f":{"1":0,"2":0},"fnMap":{"1":{"name":"constructor","line":8,"loc":{"start":{"line":8,"column":4},"end":{"line":11,"column":4}}},"2":{"name":"decimals","line":13,"loc":{"start":{"line":13,"column":4},"end":{"line":15,"column":4}}}},"statementMap":{"1":{"start":{"line":9,"column":8},"end":{"line":9,"column":21}},"2":{"start":{"line":10,"column":8},"end":{"line":10,"column":60}},"3":{"start":{"line":14,"column":8},"end":{"line":14,"column":24}}},"branchMap":{}},
"contracts/mintable_tokens/WBTC.sol":{"l":{"9":0,"10":0,"14":0},"path":"/Users/michaldedyk/Documents/Projects/GitHub_LLDEX/LLDEX/Quoter-Core/contracts/mintable_tokens/WBTC.sol","s":{"1":0,"2":0,"3":0},"b":{},"f":{"1":0,"2":0},"fnMap":{"1":{"name":"constructor","line":8,"loc":{"start":{"line":8,"column":4},"end":{"line":11,"column":4}}},"2":{"name":"decimals","line":13,"loc":{"start":{"line":13,"column":4},"end":{"line":15,"column":4}}}},"statementMap":{"1":{"start":{"line":9,"column":8},"end":{"line":9,"column":20}},"2":{"start":{"line":10,"column":8},"end":{"line":10,"column":47}},"3":{"start":{"line":14,"column":8},"end":{"line":14,"column":24}}},"branchMap":{}},
"contracts/mintable_tokens/WETH.sol":{"l":{"9":0,"10":0,"14":0},"path":"/Users/michaldedyk/Documents/Projects/GitHub_LLDEX/LLDEX/Quoter-Core/contracts/mintable_tokens/WETH.sol","s":{"1":0,"2":0,"3":0},"b":{},"f":{"1":0,"2":0},"fnMap":{"1":{"name":"constructor","line":8,"loc":{"start":{"line":8,"column":4},"end":{"line":11,"column":4}}},"2":{"name":"decimals","line":13,"loc":{"start":{"line":13,"column":4},"end":{"line":15,"column":4}}}},"statementMap":{"1":{"start":{"line":9,"column":8},"end":{"line":9,"column":21}},"2":{"start":{"line":10,"column":8},"end":{"line":10,"column":60}},"3":{"start":{"line":14,"column":8},"end":{"line":14,"column":24}}},"branchMap":{}},
"contracts/mintable_tokens/WONE.sol":{"l":{"9":0,"10":0,"14":0},"path":"/Users/michaldedyk/Documents/Projects/GitHub_LLDEX/LLDEX/Quoter-Core/contracts/mintable_tokens/WONE.sol","s":{"1":0,"2":0,"3":0},"b":{},"f":{"1":0,"2":0},"fnMap":{"1":{"name":"constructor","line":8,"loc":{"start":{"line":8,"column":4},"end":{"line":11,"column":4}}},"2":{"name":"decimals","line":13,"loc":{"start":{"line":13,"column":4},"end":{"line":15,"column":4}}}},"statementMap":{"1":{"start":{"line":9,"column":8},"end":{"line":9,"column":21}},"2":{"start":{"line":10,"column":8},"end":{"line":10,"column":60}},"3":{"start":{"line":14,"column":8},"end":{"line":14,"column":24}}},"branchMap":{}},
"contracts/Quoter/helpers/ERC1155Proxy.sol":{"l":{"14":129,"30":0},"path":"/Users/michaldedyk/Documents/Projects/GitHub_LLDEX/LLDEX/Quoter-Core/contracts/Quoter/helpers/ERC1155Proxy.sol","s":{"1":129,"2":0},"b":{"1":[129,0],"2":[0,0]},"f":{"1":129,"2":0},"fnMap":{"1":{"name":"constructor","line":13,"loc":{"start":{"line":13,"column":4},"end":{"line":19,"column":4}}},"2":{"name":"func_733NCGU","line":29,"loc":{"start":{"line":22,"column":4},"end":{"line":31,"column":4}}}},"statementMap":{"1":{"start":{"line":14,"column":8},"end":{"line":14,"column":340}},"2":{"start":{"line":30,"column":8},"end":{"line":30,"column":62}}},"branchMap":{"1":{"line":14,"type":"if","locations":[{"start":{"line":14,"column":8},"end":{"line":14,"column":8}},{"start":{"line":14,"column":8},"end":{"line":14,"column":8}}]},"2":{"line":29,"type":"if","locations":[{"start":{"line":29,"column":15},"end":{"line":29,"column":15}},{"start":{"line":29,"column":15},"end":{"line":29,"column":15}}]}}},
"contracts/Quoter/helpers/ERC721Proxy.sol":{"l":{"13":129,"28":2},"path":"/Users/michaldedyk/Documents/Projects/GitHub_LLDEX/LLDEX/Quoter-Core/contracts/Quoter/helpers/ERC721Proxy.sol","s":{"1":129,"2":2},"b":{"1":[129,0],"2":[2,0]},"f":{"1":129,"2":2},"fnMap":{"1":{"name":"constructor","line":12,"loc":{"start":{"line":12,"column":4},"end":{"line":17,"column":4}}},"2":{"name":"func_602HzuS","line":27,"loc":{"start":{"line":22,"column":4},"end":{"line":29,"column":4}}}},"statementMap":{"1":{"start":{"line":13,"column":8},"end":{"line":13,"column":336}},"2":{"start":{"line":28,"column":8},"end":{"line":28,"column":44}}},"branchMap":{"1":{"line":13,"type":"if","locations":[{"start":{"line":13,"column":8},"end":{"line":13,"column":8}},{"start":{"line":13,"column":8},"end":{"line":13,"column":8}}]},"2":{"line":27,"type":"if","locations":[{"start":{"line":27,"column":15},"end":{"line":27,"column":15}},{"start":{"line":27,"column":15},"end":{"line":27,"column":15}}]}}},
"contracts/Quoter/helpers/FullMath.sol":{"l":{"27":5,"28":5,"29":5,"36":5,"37":5,"38":5,"41":5,"46":0,"54":0,"55":0,"59":0,"67":0},"path":"/Users/michaldedyk/Documents/Projects/GitHub_LLDEX/LLDEX/Quoter-Core/contracts/Quoter/helpers/FullMath.sol","s":{"1":5,"2":5,"3":5,"4":5,"5":5,"6":0,"7":0},"b":{"1":[5,0],"2":[5,0],"3":[0,0]},"f":{"1":5},"fnMap":{"1":{"name":"mulDiv","line":17,"loc":{"start":{"line":17,"column":4},"end":{"line":111,"column":4}}}},"statementMap":{"1":{"start":{"line":27,"column":8},"end":{"line":27,"column":21}},"2":{"start":{"line":28,"column":8},"end":{"line":28,"column":21}},"3":{"start":{"line":36,"column":8},"end":{"line":36,"column":1377}},"4":{"start":{"line":37,"column":12},"end":{"line":37,"column":55}},"5":{"start":{"line":41,"column":12},"end":{"line":41,"column":25}},"6":{"start":{"line":46,"column":8},"end":{"line":46,"column":55}},"7":{"start":{"line":54,"column":8},"end":{"line":54,"column":25}}},"branchMap":{"1":{"line":36,"type":"if","locations":[{"start":{"line":36,"column":8},"end":{"line":36,"column":8}},{"start":{"line":36,"column":8},"end":{"line":36,"column":8}}]},"2":{"line":37,"type":"if","locations":[{"start":{"line":37,"column":12},"end":{"line":37,"column":12}},{"start":{"line":37,"column":12},"end":{"line":37,"column":12}}]},"3":{"line":46,"type":"if","locations":[{"start":{"line":46,"column":8},"end":{"line":46,"column":8}},{"start":{"line":46,"column":8},"end":{"line":46,"column":8}}]}}},
"contracts/Quoter/helpers/ImmutableOwner.sol":{"l":{"10":2,"11":2,"15":129},"path":"/Users/michaldedyk/Documents/Projects/GitHub_LLDEX/LLDEX/Quoter-Core/contracts/Quoter/helpers/ImmutableOwner.sol","s":{"1":2,"2":129},"b":{"1":[2,0]},"f":{"1":2,"2":129},"fnMap":{"1":{"name":"onlyImmutableOwner","line":9,"loc":{"start":{"line":9,"column":4},"end":{"line":12,"column":4}}},"2":{"name":"constructor","line":14,"loc":{"start":{"line":14,"column":4},"end":{"line":16,"column":4}}}},"statementMap":{"1":{"start":{"line":10,"column":8},"end":{"line":10,"column":65}},"2":{"start":{"line":15,"column":8},"end":{"line":15,"column":39}}},"branchMap":{"1":{"line":10,"type":"if","locations":[{"start":{"line":10,"column":8},"end":{"line":10,"column":8}},{"start":{"line":10,"column":8},"end":{"line":10,"column":8}}]}}},
"contracts/Quoter/helpers/MutableOwner.sol":{"l":{"15":44,"16":32,"20":182,"24":2,"25":2,"27":2,"31":16},"path":"/Users/michaldedyk/Documents/Projects/GitHub_LLDEX/LLDEX/Quoter-Core/contracts/Quoter/helpers/MutableOwner.sol","s":{"1":44,"2":182,"3":2,"4":2,"5":2,"6":16},"b":{"1":[32,12],"2":[2,0]},"f":{"1":44,"2":182,"3":2,"4":16},"fnMap":{"1":{"name":"onlyOwner","line":14,"loc":{"start":{"line":14,"column":4},"end":{"line":17,"column":4}}},"2":{"name":"constructor","line":19,"loc":{"start":{"line":19,"column":4},"end":{"line":21,"column":4}}},"3":{"name":"_mutateOwner","line":23,"loc":{"start":{"line":23,"column":4},"end":{"line":28,"column":4}}},"4":{"name":"mutableOwner","line":30,"loc":{"start":{"line":30,"column":4},"end":{"line":32,"column":4}}}},"statementMap":{"1":{"start":{"line":15,"column":8},"end":{"line":15,"column":64}},"2":{"start":{"line":20,"column":8},"end":{"line":20,"column":29}},"3":{"start":{"line":24,"column":8},"end":{"line":24,"column":45}},"4":{"start":{"line":25,"column":8},"end":{"line":25,"column":28}},"5":{"start":{"line":27,"column":8},"end":{"line":27,"column":54}},"6":{"start":{"line":31,"column":8},"end":{"line":31,"column":28}}},"branchMap":{"1":{"line":15,"type":"if","locations":[{"start":{"line":15,"column":8},"end":{"line":15,"column":8}},{"start":{"line":15,"column":8},"end":{"line":15,"column":8}}]},"2":{"line":23,"type":"if","locations":[{"start":{"line":23,"column":50},"end":{"line":23,"column":50}},{"start":{"line":23,"column":50},"end":{"line":23,"column":50}}]}}},
"contracts/Quoter/helpers/SplitBonus.sol":{"l":{"17":194,"18":194,"19":194,"21":192,"22":192,"26":5,"27":5,"31":20,"35":1,"39":6,"41":4},"path":"/Users/michaldedyk/Documents/Projects/GitHub_LLDEX/LLDEX/Quoter-Core/contracts/Quoter/helpers/SplitBonus.sol","s":{"1":194,"2":194,"3":194,"4":192,"5":192,"6":5,"7":5,"8":20,"9":1,"10":6,"11":4},"b":{"1":[194,0],"2":[194,0],"3":[192,2],"4":[4,2]},"f":{"1":194,"2":5,"3":20,"4":1,"5":6},"fnMap":{"1":{"name":"constructor","line":16,"loc":{"start":{"line":16,"column":4},"end":{"line":23,"column":4}}},"2":{"name":"_calculateBonus","line":25,"loc":{"start":{"line":25,"column":4},"end":{"line":28,"column":4}}},"3":{"name":"getSplitBonus","line":30,"loc":{"start":{"line":30,"column":4},"end":{"line":32,"column":4}}},"4":{"name":"getSplitScale","line":34,"loc":{"start":{"line":34,"column":4},"end":{"line":36,"column":4}}},"5":{"name":"_setSplitBonus","line":38,"loc":{"start":{"line":38,"column":4},"end":{"line":42,"column":4}}}},"statementMap":{"1":{"start":{"line":17,"column":8},"end":{"line":17,"column":67}},"2":{"start":{"line":18,"column":8},"end":{"line":18,"column":68}},"3":{"start":{"line":19,"column":8},"end":{"line":19,"column":67}},"4":{"start":{"line":21,"column":8},"end":{"line":21,"column":32}},"5":{"start":{"line":22,"column":8},"end":{"line":22,"column":32}},"6":{"start":{"line":26,"column":8},"end":{"line":26,"column":72}},"7":{"start":{"line":27,"column":8},"end":{"line":27,"column":40}},"8":{"start":{"line":31,"column":8},"end":{"line":31,"column":27}},"9":{"start":{"line":35,"column":8},"end":{"line":35,"column":27}},"10":{"start":{"line":39,"column":8},"end":{"line":39,"column":65}},"11":{"start":{"line":41,"column":8},"end":{"line":41,"column":28}}},"branchMap":{"1":{"line":17,"type":"if","locations":[{"start":{"line":17,"column":8},"end":{"line":17,"column":8}},{"start":{"line":17,"column":8},"end":{"line":17,"column":8}}]},"2":{"line":18,"type":"if","locations":[{"start":{"line":18,"column":8},"end":{"line":18,"column":8}},{"start":{"line":18,"column":8},"end":{"line":18,"column":8}}]},"3":{"line":19,"type":"if","locations":[{"start":{"line":19,"column":8},"end":{"line":19,"column":8}},{"start":{"line":19,"column":8},"end":{"line":19,"column":8}}]},"4":{"line":39,"type":"if","locations":[{"start":{"line":39,"column":8},"end":{"line":39,"column":8}},{"start":{"line":39,"column":8},"end":{"line":39,"column":8}}]}}},
"contracts/Quoter/interfaces/AggregatorV3Interface.sol":{"l":{},"path":"/Users/michaldedyk/Documents/Projects/GitHub_LLDEX/LLDEX/Quoter-Core/contracts/Quoter/interfaces/AggregatorV3Interface.sol","s":{},"b":{},"f":{},"fnMap":{},"statementMap":{},"branchMap":{}},
"contracts/Quoter/interfaces/IBalanceAccessor.sol":{"l":{},"path":"/Users/michaldedyk/Documents/Projects/GitHub_LLDEX/LLDEX/Quoter-Core/contracts/Quoter/interfaces/IBalanceAccessor.sol","s":{},"b":{},"f":{},"fnMap":{},"statementMap":{},"branchMap":{}},
"contracts/Quoter/interfaces/IPenaltyManager.sol":{"l":{},"path":"/Users/michaldedyk/Documents/Projects/GitHub_LLDEX/LLDEX/Quoter-Core/contracts/Quoter/interfaces/IPenaltyManager.sol","s":{},"b":{},"f":{},"fnMap":{},"statementMap":{},"branchMap":{}},
"contracts/Quoter/interfaces/IPeripheryCallback.sol":{"l":{},"path":"/Users/michaldedyk/Documents/Projects/GitHub_LLDEX/LLDEX/Quoter-Core/contracts/Quoter/interfaces/IPeripheryCallback.sol","s":{},"b":{},"f":{},"fnMap":{},"statementMap":{},"branchMap":{}},
"contracts/Quoter/interfaces/IRFQOrder.sol":{"l":{},"path":"/Users/michaldedyk/Documents/Projects/GitHub_LLDEX/LLDEX/Quoter-Core/contracts/Quoter/interfaces/IRFQOrder.sol","s":{},"b":{},"f":{},"fnMap":{},"statementMap":{},"branchMap":{}},
"contracts/Quoter/interfaces/ITradingSession.sol":{"l":{},"path":"/Users/michaldedyk/Documents/Projects/GitHub_LLDEX/LLDEX/Quoter-Core/contracts/Quoter/interfaces/ITradingSession.sol","s":{},"b":{},"f":{},"fnMap":{},"statementMap":{},"branchMap":{}},
"contracts/Quoter/libraries/ArgumentsDecoder.sol":{"l":{"7":64,"18":205,"29":76,"40":22,"51":42},"path":"/Users/michaldedyk/Documents/Projects/GitHub_LLDEX/LLDEX/Quoter-Core/contracts/Quoter/libraries/ArgumentsDecoder.sol","s":{},"b":{},"f":{"1":64,"2":205,"3":76,"4":22,"5":42},"fnMap":{"1":{"name":"decodeSelector","line":6,"loc":{"start":{"line":6,"column":4},"end":{"line":11,"column":4}}},"2":{"name":"decodeAddress","line":13,"loc":{"start":{"line":13,"column":4},"end":{"line":22,"column":4}}},"3":{"name":"decodeUint256","line":24,"loc":{"start":{"line":24,"column":4},"end":{"line":33,"column":4}}},"4":{"name":"patchAddress","line":35,"loc":{"start":{"line":35,"column":4},"end":{"line":44,"column":4}}},"5":{"name":"patchUint256","line":46,"loc":{"start":{"line":46,"column":4},"end":{"line":55,"column":4}}}},"statementMap":{},"branchMap":{}},
"contracts/Quoter/libraries/UncheckedAddress.sol":{"l":{"11":42,"20":42,"25":42,"26":42,"35":42,"36":36,"39":6,"43":2,"47":4},"path":"/Users/michaldedyk/Documents/Projects/GitHub_LLDEX/LLDEX/Quoter-Core/contracts/Quoter/libraries/UncheckedAddress.sol","s":{"1":42,"2":42,"3":42,"4":42,"5":42,"6":36,"7":6,"8":4},"b":{"1":[42,0],"2":[36,6],"3":[2,4]},"f":{"1":42,"2":42,"3":42},"fnMap":{"1":{"name":"uncheckedFunctionCall","line":6,"loc":{"start":{"line":6,"column":4},"end":{"line":12,"column":4}}},"2":{"name":"uncheckedFunctionCallWithValue","line":14,"loc":{"start":{"line":14,"column":4},"end":{"line":27,"column":4}}},"3":{"name":"_verifyCallResult","line":30,"loc":{"start":{"line":30,"column":4},"end":{"line":50,"column":4}}}},"statementMap":{"1":{"start":{"line":11,"column":8},"end":{"line":11,"column":76}},"2":{"start":{"line":20,"column":8},"end":{"line":20,"column":74}},"3":{"start":{"line":25,"column":8},"end":{"line":25,"column":81}},"4":{"start":{"line":26,"column":8},"end":{"line":26,"column":67}},"5":{"start":{"line":35,"column":8},"end":{"line":35,"column":1135}},"6":{"start":{"line":36,"column":12},"end":{"line":36,"column":29}},"7":{"start":{"line":39,"column":12},"end":{"line":39,"column":1280}},"8":{"start":{"line":47,"column":16},"end":{"line":47,"column":35}}},"branchMap":{"1":{"line":20,"type":"if","locations":[{"start":{"line":20,"column":8},"end":{"line":20,"column":8}},{"start":{"line":20,"column":8},"end":{"line":20,"column":8}}]},"2":{"line":35,"type":"if","locations":[{"start":{"line":35,"column":8},"end":{"line":35,"column":8}},{"start":{"line":35,"column":8},"end":{"line":35,"column":8}}]},"3":{"line":39,"type":"if","locations":[{"start":{"line":39,"column":12},"end":{"line":39,"column":12}},{"start":{"line":39,"column":12},"end":{"line":39,"column":12}}]}}},
"contracts/Quoter/mocks/CallbackMock.sol":{"l":{"33":1,"35":1},"path":"/Users/michaldedyk/Documents/Projects/GitHub_LLDEX/LLDEX/Quoter-Core/contracts/Quoter/mocks/CallbackMock.sol","s":{"1":1,"2":1},"b":{},"f":{"1":1,"2":1},"fnMap":{"1":{"name":"constructor","line":17,"loc":{"start":{"line":17,"column":4},"end":{"line":17,"column":19}}},"2":{"name":"quoterPeripheryCallback","line":19,"loc":{"start":{"line":19,"column":4},"end":{"line":36,"column":4}}}},"statementMap":{"1":{"start":{"line":33,"column":8},"end":{"line":33,"column":78}},"2":{"start":{"line":35,"column":8},"end":{"line":35,"column":90}}},"branchMap":{}},
"contracts/Quoter/mocks/SplitBonusMock.sol":{"l":{"14":3},"path":"/Users/michaldedyk/Documents/Projects/GitHub_LLDEX/LLDEX/Quoter-Core/contracts/Quoter/mocks/SplitBonusMock.sol","s":{"1":3},"b":{},"f":{"1":5,"2":3},"fnMap":{"1":{"name":"constructor","line":9,"loc":{"start":{"line":9,"column":4},"end":{"line":9,"column":82}}},"2":{"name":"setSplitBonus","line":11,"loc":{"start":{"line":11,"column":4},"end":{"line":15,"column":4}}}},"statementMap":{"1":{"start":{"line":14,"column":8},"end":{"line":14,"column":39}}},"branchMap":{}},
"contracts/Quoter/mocks/TokenMock.sol":{"l":{"13":874,"17":129},"path":"/Users/michaldedyk/Documents/Projects/GitHub_LLDEX/LLDEX/Quoter-Core/contracts/Quoter/mocks/TokenMock.sol","s":{"1":874,"2":129},"b":{"1":[874,0]},"f":{"1":438,"2":874,"3":129},"fnMap":{"1":{"name":"constructor","line":10,"loc":{"start":{"line":10,"column":4},"end":{"line":10,"column":79}}},"2":{"name":"mint","line":12,"loc":{"start":{"line":12,"column":4},"end":{"line":14,"column":4}}},"3":{"name":"getChainId","line":16,"loc":{"start":{"line":16,"column":4},"end":{"line":18,"column":4}}}},"statementMap":{"1":{"start":{"line":13,"column":8},"end":{"line":13,"column":29}},"2":{"start":{"line":17,"column":8},"end":{"line":17,"column":28}}},"branchMap":{"1":{"line":12,"type":"if","locations":[{"start":{"line":12,"column":60},"end":{"line":12,"column":60}},{"start":{"line":12,"column":60},"end":{"line":12,"column":60}}]}}},
"contracts/Quoter/periphery/interfaces/ILendingPool.sol":{"l":{},"path":"/Users/michaldedyk/Documents/Projects/GitHub_LLDEX/LLDEX/Quoter-Core/contracts/Quoter/periphery/interfaces/ILendingPool.sol","s":{},"b":{},"f":{},"fnMap":{},"statementMap":{},"branchMap":{}},
"contracts/Quoter/periphery/interfaces/ILendingPoolAddressesProvider.sol":{"l":{},"path":"/Users/michaldedyk/Documents/Projects/GitHub_LLDEX/LLDEX/Quoter-Core/contracts/Quoter/periphery/interfaces/ILendingPoolAddressesProvider.sol","s":{},"b":{},"f":{},"fnMap":{},"statementMap":{},"branchMap":{}},
"contracts/Quoter/periphery/interfaces/IProtocolDataProvider.sol":{"l":{},"path":"/Users/michaldedyk/Documents/Projects/GitHub_LLDEX/LLDEX/Quoter-Core/contracts/Quoter/periphery/interfaces/IProtocolDataProvider.sol","s":{},"b":{},"f":{},"fnMap":{},"statementMap":{},"branchMap":{}},
"contracts/Quoter/periphery/libraries/DataTypes.sol":{"l":{},"path":"/Users/michaldedyk/Documents/Projects/GitHub_LLDEX/LLDEX/Quoter-Core/contracts/Quoter/periphery/libraries/DataTypes.sol","s":{},"b":{},"f":{},"fnMap":{},"statementMap":{},"branchMap":{}},
"contracts/Quoter/QuoterPenaltyManager.sol":{"l":{"33":30,"35":26,"43":53,"45":53,"49":23,"51":21,"52":15,"54":15,"56":15,"60":6,"62":2,"63":2,"72":6,"74":2,"75":2,"84":12,"86":6,"87":4,"89":2,"90":2,"92":2,"99":2,"109":10,"111":4,"112":4,"114":2,"115":2,"117":2,"118":2,"128":16,"129":10,"131":4,"132":4,"133":4,"135":2,"136":2,"137":2,"139":2,"140":2,"142":2,"144":0,"146":0,"149":2,"153":22,"155":20,"159":3,"161":1,"165":11,"169":24,"178":1,"180":1,"181":1,"183":1,"184":1,"191":1,"195":39,"196":33,"197":27,"201":10,"202":8,"203":6,"207":12,"208":10,"212":12,"214":8,"215":6,"217":4,"218":4},"path":"/Users/michaldedyk/Documents/Projects/GitHub_LLDEX/LLDEX/Quoter-Core/contracts/Quoter/QuoterPenaltyManager.sol","s":{"1":30,"2":53,"3":53,"4":23,"5":21,"6":15,"7":15,"8":15,"9":6,"10":2,"11":2,"12":6,"13":2,"14":2,"15":12,"16":6,"17":4,"18":2,"19":2,"20":2,"21":2,"22":10,"23":4,"24":4,"25":2,"26":2,"27":2,"28":2,"29":16,"30":10,"31":4,"32":4,"33":4,"34":2,"35":2,"36":2,"37":2,"38":2,"39":2,"40":0,"41":0,"42":2,"43":22,"44":20,"45":3,"46":1,"47":11,"48":24,"49":1,"50":1,"51":1,"52":1,"53":1,"54":1,"55":39,"56":33,"57":27,"58":10,"59":8,"60":6,"61":12,"62":10,"63":12,"64":8,"65":6,"66":4,"67":4},"b":{"1":[26,4],"2":[53,0],"3":[23,0],"4":[21,2],"5":[6,0],"6":[6,0],"7":[12,0],"8":[4,2],"9":[2,2],"10":[12,0],"11":[10,2],"12":[4,0],"13":[2,2],"14":[18,0],"15":[16,2],"16":[4,0],"17":[4,0],"18":[2,2],"19":[2,0],"20":[22,2],"21":[20,2],"22":[3,2],"23":[1,2],"24":[1,2],"25":[1,2],"26":[33,6],"27":[27,6],"28":[21,6],"29":[8,2],"30":[6,2],"31":[4,2],"32":[10,2],"33":[8,2],"34":[6,2],"35":[4,2]},"f":{"1":30,"2":53,"3":23,"4":6,"5":6,"6":12,"7":10,"8":16,"9":22,"10":3,"11":11,"12":24,"13":1,"14":1,"15":39,"16":10,"17":12,"18":12},"fnMap":{"1":{"name":"collectorOnly","line":32,"loc":{"start":{"line":32,"column":4},"end":{"line":36,"column":4}}},"2":{"name":"constructor","line":42,"loc":{"start":{"line":38,"column":4},"end":{"line":46,"column":4}}},"3":{"name":"depositToken","line":48,"loc":{"start":{"line":48,"column":4},"end":{"line":57,"column":4}}},"4":{"name":"withdrawToken","line":59,"loc":{"start":{"line":59,"column":4},"end":{"line":64,"column":4}}},"5":{"name":"withdrawTokenTo","line":69,"loc":{"start":{"line":66,"column":4},"end":{"line":76,"column":4}}},"6":{"name":"transferTo","line":81,"loc":{"start":{"line":78,"column":4},"end":{"line":100,"column":4}}},"7":{"name":"issuePenalty","line":106,"loc":{"start":{"line":102,"column":4},"end":{"line":119,"column":4}}},"8":{"name":"issuePenaltySplit","line":125,"loc":{"start":{"line":121,"column":4},"end":{"line":150,"column":4}}},"9":{"name":"addCollector","line":152,"loc":{"start":{"line":152,"column":4},"end":{"line":156,"column":4}}},"10":{"name":"removeCollector","line":158,"loc":{"start":{"line":158,"column":4},"end":{"line":162,"column":4}}},"11":{"name":"isCollector","line":164,"loc":{"start":{"line":164,"column":4},"end":{"line":166,"column":4}}},"12":{"name":"balanceOf","line":168,"loc":{"start":{"line":168,"column":4},"end":{"line":170,"column":4}}},"13":{"name":"transferOwnership","line":175,"loc":{"start":{"line":172,"column":4},"end":{"line":185,"column":4}}},"14":{"name":"setSplitBonus","line":189,"loc":{"start":{"line":187,"column":4},"end":{"line":192,"column":4}}},"15":{"name":"_validateTo","line":194,"loc":{"start":{"line":194,"column":4},"end":{"line":198,"column":4}}},"16":{"name":"_validateSR","line":200,"loc":{"start":{"line":200,"column":4},"end":{"line":204,"column":4}}},"17":{"name":"_validateAddress","line":206,"loc":{"start":{"line":206,"column":4},"end":{"line":209,"column":4}}},"18":{"name":"_withdrawTransferTo","line":211,"loc":{"start":{"line":211,"column":4},"end":{"line":219,"column":4}}}},"statementMap":{"1":{"start":{"line":33,"column":8},"end":{"line":33,"column":67}},"2":{"start":{"line":43,"column":8},"end":{"line":43,"column":74}},"3":{"start":{"line":45,"column":8},"end":{"line":45,"column":43}},"4":{"start":{"line":49,"column":8},"end":{"line":49,"column":52}},"5":{"start":{"line":51,"column":8},"end":{"line":51,"column":71}},"6":{"start":{"line":52,"column":8},"end":{"line":52,"column":38}},"7":{"start":{"line":54,"column":8},"end":{"line":54,"column":70}},"8":{"start":{"line":56,"column":8},"end":{"line":56,"column":36}},"9":{"start":{"line":60,"column":8},"end":{"line":60,"column":46}},"10":{"start":{"line":62,"column":8},"end":{"line":62,"column":70}},"11":{"start":{"line":63,"column":8},"end":{"line":63,"column":36}},"12":{"start":{"line":72,"column":8},"end":{"line":72,"column":38}},"13":{"start":{"line":74,"column":8},"end":{"line":74,"column":70}},"14":{"start":{"line":75,"column":8},"end":{"line":75,"column":36}},"15":{"start":{"line":84,"column":8},"end":{"line":84,"column":22}},"16":{"start":{"line":86,"column":8},"end":{"line":86,"column":52}},"17":{"start":{"line":87,"column":8},"end":{"line":87,"column":82}},"18":{"start":{"line":89,"column":8},"end":{"line":89,"column":38}},"19":{"start":{"line":90,"column":8},"end":{"line":90,"column":30}},"20":{"start":{"line":92,"column":8},"end":{"line":92,"column":2659}},"21":{"start":{"line":99,"column":8},"end":{"line":99,"column":53}},"22":{"start":{"line":109,"column":8},"end":{"line":109,"column":22}},"23":{"start":{"line":111,"column":8},"end":{"line":111,"column":52}},"24":{"start":{"line":112,"column":8},"end":{"line":112,"column":74}},"25":{"start":{"line":114,"column":8},"end":{"line":114,"column":30}},"26":{"start":{"line":115,"column":8},"end":{"line":115,"column":42}},"27":{"start":{"line":117,"column":8},"end":{"line":117,"column":53}},"28":{"start":{"line":118,"column":8},"end":{"line":118,"column":28}},"29":{"start":{"line":128,"column":8},"end":{"line":128,"column":22}},"30":{"start":{"line":129,"column":8},"end":{"line":129,"column":34}},"31":{"start":{"line":131,"column":8},"end":{"line":131,"column":52}},"32":{"start":{"line":132,"column":8},"end":{"line":132,"column":73}},"33":{"start":{"line":133,"column":8},"end":{"line":133,"column":74}},"34":{"start":{"line":135,"column":8},"end":{"line":135,"column":30}},"35":{"start":{"line":136,"column":9},"end":{"line":136,"column":3879}},"36":{"start":{"line":137,"column":12},"end":{"line":137,"column":90}},"37":{"start":{"line":139,"column":12},"end":{"line":139,"column":50}},"38":{"start":{"line":140,"column":12},"end":{"line":140,"column":51}},"39":{"start":{"line":142,"column":12},"end":{"line":142,"column":106}},"40":{"start":{"line":144,"column":12},"end":{"line":144,"column":46}},"41":{"start":{"line":146,"column":12},"end":{"line":146,"column":57}},"42":{"start":{"line":149,"column":8},"end":{"line":149,"column":28}},"43":{"start":{"line":153,"column":8},"end":{"line":153,"column":73}},"44":{"start":{"line":155,"column":8},"end":{"line":155,"column":36}},"45":{"start":{"line":159,"column":8},"end":{"line":159,"column":73}},"46":{"start":{"line":161,"column":8},"end":{"line":161,"column":37}},"47":{"start":{"line":165,"column":8},"end":{"line":165,"column":32}},"48":{"start":{"line":169,"column":8},"end":{"line":169,"column":30}},"49":{"start":{"line":178,"column":8},"end":{"line":178,"column":22}},"50":{"start":{"line":180,"column":8},"end":{"line":180,"column":45}},"51":{"start":{"line":181,"column":8},"end":{"line":181,"column":32}},"52":{"start":{"line":183,"column":8},"end":{"line":183,"column":23}},"53":{"start":{"line":184,"column":8},"end":{"line":184,"column":31}},"54":{"start":{"line":191,"column":8},"end":{"line":191,"column":39}},"55":{"start":{"line":195,"column":8},"end":{"line":195,"column":69}},"56":{"start":{"line":196,"column":8},"end":{"line":196,"column":72}},"57":{"start":{"line":197,"column":8},"end":{"line":197,"column":69}},"58":{"start":{"line":201,"column":8},"end":{"line":201,"column":69}},"59":{"start":{"line":202,"column":8},"end":{"line":202,"column":72}},"60":{"start":{"line":203,"column":8},"end":{"line":203,"column":69}},"61":{"start":{"line":207,"column":8},"end":{"line":207,"column":68}},"62":{"start":{"line":208,"column":8},"end":{"line":208,"column":71}},"63":{"start":{"line":212,"column":8},"end":{"line":212,"column":27}},"64":{"start":{"line":214,"column":8},"end":{"line":214,"column":52}},"65":{"start":{"line":215,"column":8},"end":{"line":215,"column":82}},"66":{"start":{"line":217,"column":8},"end":{"line":217,"column":44}},"67":{"start":{"line":218,"column":8},"end":{"line":218,"column":38}}},"branchMap":{"1":{"line":33,"type":"if","locations":[{"start":{"line":33,"column":8},"end":{"line":33,"column":8}},{"start":{"line":33,"column":8},"end":{"line":33,"column":8}}]},"2":{"line":43,"type":"if","locations":[{"start":{"line":43,"column":8},"end":{"line":43,"column":8}},{"start":{"line":43,"column":8},"end":{"line":43,"column":8}}]},"3":{"line":48,"type":"if","locations":[{"start":{"line":48,"column":60},"end":{"line":48,"column":60}},{"start":{"line":48,"column":60},"end":{"line":48,"column":60}}]},"4":{"line":49,"type":"if","locations":[{"start":{"line":49,"column":8},"end":{"line":49,"column":8}},{"start":{"line":49,"column":8},"end":{"line":49,"column":8}}]},"5":{"line":59,"type":"if","locations":[{"start":{"line":59,"column":61},"end":{"line":59,"column":61}},{"start":{"line":59,"column":61},"end":{"line":59,"column":61}}]},"6":{"line":69,"type":"if","locations":[{"start":{"line":69,"column":8},"end":{"line":69,"column":8}},{"start":{"line":69,"column":8},"end":{"line":69,"column":8}}]},"7":{"line":81,"type":"if","locations":[{"start":{"line":81,"column":8},"end":{"line":81,"column":8}},{"start":{"line":81,"column":8},"end":{"line":81,"column":8}}]},"8":{"line":86,"type":"if","locations":[{"start":{"line":86,"column":8},"end":{"line":86,"column":8}},{"start":{"line":86,"column":8},"end":{"line":86,"column":8}}]},"9":{"line":87,"type":"if","locations":[{"start":{"line":87,"column":8},"end":{"line":87,"column":8}},{"start":{"line":87,"column":8},"end":{"line":87,"column":8}}]},"10":{"line":105,"type":"if","locations":[{"start":{"line":105,"column":8},"end":{"line":105,"column":8}},{"start":{"line":105,"column":8},"end":{"line":105,"column":8}}]},"11":{"line":106,"type":"if","locations":[{"start":{"line":106,"column":8},"end":{"line":106,"column":8}},{"start":{"line":106,"column":8},"end":{"line":106,"column":8}}]},"12":{"line":111,"type":"if","locations":[{"start":{"line":111,"column":8},"end":{"line":111,"column":8}},{"start":{"line":111,"column":8},"end":{"line":111,"column":8}}]},"13":{"line":112,"type":"if","locations":[{"start":{"line":112,"column":8},"end":{"line":112,"column":8}},{"start":{"line":112,"column":8},"end":{"line":112,"column":8}}]},"14":{"line":124,"type":"if","locations":[{"start":{"line":124,"column":8},"end":{"line":124,"column":8}},{"start":{"line":124,"column":8},"end":{"line":124,"column":8}}]},"15":{"line":125,"type":"if","locations":[{"start":{"line":125,"column":8},"end":{"line":125,"column":8}},{"start":{"line":125,"column":8},"end":{"line":125,"column":8}}]},"16":{"line":131,"type":"if","locations":[{"start":{"line":131,"column":8},"end":{"line":131,"column":8}},{"start":{"line":131,"column":8},"end":{"line":131,"column":8}}]},"17":{"line":132,"type":"if","locations":[{"start":{"line":132,"column":8},"end":{"line":132,"column":8}},{"start":{"line":132,"column":8},"end":{"line":132,"column":8}}]},"18":{"line":133,"type":"if","locations":[{"start":{"line":133,"column":8},"end":{"line":133,"column":8}},{"start":{"line":133,"column":8},"end":{"line":133,"column":8}}]},"19":{"line":136,"type":"if","locations":[{"start":{"line":136,"column":9},"end":{"line":136,"column":9}},{"start":{"line":136,"column":9},"end":{"line":136,"column":9}}]},"20":{"line":152,"type":"if","locations":[{"start":{"line":152,"column":63},"end":{"line":152,"column":63}},{"start":{"line":152,"column":63},"end":{"line":152,"column":63}}]},"21":{"line":153,"type":"if","locations":[{"start":{"line":153,"column":8},"end":{"line":153,"column":8}},{"start":{"line":153,"column":8},"end":{"line":153,"column":8}}]},"22":{"line":158,"type":"if","locations":[{"start":{"line":158,"column":66},"end":{"line":158,"column":66}},{"start":{"line":158,"column":66},"end":{"line":158,"column":66}}]},"23":{"line":159,"type":"if","locations":[{"start":{"line":159,"column":8},"end":{"line":159,"column":8}},{"start":{"line":159,"column":8},"end":{"line":159,"column":8}}]},"24":{"line":175,"type":"if","locations":[{"start":{"line":175,"column":8},"end":{"line":175,"column":8}},{"start":{"line":175,"column":8},"end":{"line":175,"column":8}}]},"25":{"line":189,"type":"if","locations":[{"start":{"line":189,"column":8},"end":{"line":189,"column":8}},{"start":{"line":189,"column":8},"end":{"line":189,"column":8}}]},"26":{"line":195,"type":"if","locations":[{"start":{"line":195,"column":8},"end":{"line":195,"column":8}},{"start":{"line":195,"column":8},"end":{"line":195,"column":8}}]},"27":{"line":196,"type":"if","locations":[{"start":{"line":196,"column":8},"end":{"line":196,"column":8}},{"start":{"line":196,"column":8},"end":{"line":196,"column":8}}]},"28":{"line":197,"type":"if","locations":[{"start":{"line":197,"column":8},"end":{"line":197,"column":8}},{"start":{"line":197,"column":8},"end":{"line":197,"column":8}}]},"29":{"line":201,"type":"if","locations":[{"start":{"line":201,"column":8},"end":{"line":201,"column":8}},{"start":{"line":201,"column":8},"end":{"line":201,"column":8}}]},"30":{"line":202,"type":"if","locations":[{"start":{"line":202,"column":8},"end":{"line":202,"column":8}},{"start":{"line":202,"column":8},"end":{"line":202,"column":8}}]},"31":{"line":203,"type":"if","locations":[{"start":{"line":203,"column":8},"end":{"line":203,"column":8}},{"start":{"line":203,"column":8},"end":{"line":203,"column":8}}]},"32":{"line":207,"type":"if","locations":[{"start":{"line":207,"column":8},"end":{"line":207,"column":8}},{"start":{"line":207,"column":8},"end":{"line":207,"column":8}}]},"33":{"line":208,"type":"if","locations":[{"start":{"line":208,"column":8},"end":{"line":208,"column":8}},{"start":{"line":208,"column":8},"end":{"line":208,"column":8}}]},"34":{"line":214,"type":"if","locations":[{"start":{"line":214,"column":8},"end":{"line":214,"column":8}},{"start":{"line":214,"column":8},"end":{"line":214,"column":8}}]},"35":{"line":215,"type":"if","locations":[{"start":{"line":215,"column":8},"end":{"line":215,"column":8}},{"start":{"line":215,"column":8},"end":{"line":215,"column":8}}]}}},
"contracts/Quoter/QuoterProtocol.sol":{"l":{"53":50,"54":50,"59":46,"90":1,"98":1,"99":1,"100":1,"107":2,"111":1,"112":1,"113":1,"123":2,"127":3,"141":41,"143":41,"160":5,"162":3,"164":1,"168":1,"179":1,"182":1,"190":1,"193":1,"201":1,"208":1,"214":1,"223":41,"226":23,"234":19,"240":15,"242":13,"251":42,"252":42,"254":40,"257":40,"258":40,"259":40,"260":40,"261":40,"262":38,"266":38,"267":38,"269":38,"274":36,"276":1,"277":1,"287":33,"291":2,"294":34,"299":34,"302":32,"303":32,"311":16,"313":7,"322":14,"324":14,"333":91,"334":85,"337":83,"338":4,"341":4,"342":1,"345":4,"347":4,"349":79,"356":79,"359":79,"363":8,"364":8,"365":6,"370":4,"372":4,"381":9,"395":7,"404":99,"405":97,"406":95,"410":32,"434":32,"435":32,"436":32,"437":32,"438":32,"442":30,"447":28,"448":28,"451":25,"462":3,"476":24,"478":24,"479":24,"485":22,"486":22,"494":22,"496":22,"503":22,"507":20,"508":19,"517":20,"519":20,"520":20,"527":20,"529":20,"536":20,"540":16,"541":15,"549":14,"550":14,"552":14,"553":14,"555":14,"556":14,"566":7,"567":7,"568":7,"569":7,"574":5,"575":5,"576":4,"577":3,"579":3,"580":3,"582":1,"585":4,"595":1,"597":1,"613":20,"614":18,"615":16,"617":14,"618":14,"619":10,"621":10,"622":10,"631":10,"632":8,"633":6,"634":4,"636":2,"637":2,"639":2,"641":2,"642":2,"646":30},"path":"/Users/michaldedyk/Documents/Projects/GitHub_LLDEX/LLDEX/Quoter-Core/contracts/Quoter/QuoterProtocol.sol","s":{"1":50,"2":50,"3":1,"4":1,"5":1,"6":1,"7":2,"8":1,"9":1,"10":1,"11":2,"12":3,"13":41,"14":41,"15":5,"16":3,"17":1,"18":1,"19":1,"20":1,"21":1,"22":1,"23":1,"24":1,"25":1,"26":41,"27":23,"28":19,"29":15,"30":13,"31":42,"32":42,"33":40,"34":40,"35":40,"36":40,"37":40,"38":38,"39":38,"40":38,"41":38,"42":36,"43":1,"44":1,"45":35,"46":35,"47":33,"48":2,"49":34,"50":34,"51":32,"52":32,"53":16,"54":7,"55":14,"56":14,"57":91,"58":85,"59":83,"60":4,"61":4,"62":1,"63":4,"64":4,"65":79,"66":79,"67":79,"68":8,"69":8,"70":6,"71":4,"72":4,"73":9,"74":7,"75":99,"76":97,"77":95,"78":32,"79":32,"80":32,"81":32,"82":32,"83":32,"84":30,"85":28,"86":28,"87":25,"88":3,"89":24,"90":24,"91":24,"92":22,"93":22,"94":22,"95":22,"96":22,"97":20,"98":19,"99":20,"100":20,"101":20,"102":20,"103":20,"104":20,"105":16,"106":15,"107":14,"108":14,"109":14,"110":14,"111":14,"112":14,"113":7,"114":7,"115":7,"116":7,"117":5,"118":5,"119":4,"120":3,"121":3,"122":3,"123":1,"124":4,"125":1,"126":1,"127":20,"128":18,"129":16,"130":14,"131":14,"132":10,"133":10,"134":10,"135":10,"136":8,"137":6,"138":4,"139":2,"140":2,"141":2,"142":2,"143":2,"144":30},"b":{"1":[46,4],"2":[1,2],"3":[2,2],"4":[1,0],"5":[1,0],"6":[1,0],"7":[41,4],"8":[5,0],"9":[3,2],"10":[1,2],"11":[40,2],"12":[0,40],"13":[38,2],"14":[36,2],"15":[1,35],"16":[0,35],"17":[33,2],"18":[34,0],"19":[32,2],"20":[7,9],"21":[91,0],"22":[83,2],"23":[4,79],"24":[1,3],"25":[8,0],"26":[6,2],"27":[4,2],"28":[97,2],"29":[95,2],"30":[93,2],"31":[32,0],"32":[32,0],"33":[30,2],"34":[28,2],"35":[25,3],"36":[23,2],"37":[1,2],"38":[24,0],"39":[22,2],"40":[22,0],"41":[22,0],"42":[19,1],"43":[19,0],"44":[20,0],"45":[20,0],"46":[20,0],"47":[15,1],"48":[15,0],"49":[14,0],"50":[14,0],"51":[7,0],"52":[7,0],"53":[7,0],"54":[5,2],"55":[4,1],"56":[3,1],"57":[20,0],"58":[18,2],"59":[16,2],"60":[14,2],"61":[10,0],"62":[8,2],"63":[6,2],"64":[4,2],"65":[2,2]},"f":{"1":50,"2":129,"3":1,"4":1,"5":2,"6":1,"7":2,"8":3,"9":41,"10":5,"11":1,"12":41,"13":42,"14":16,"15":91,"16":8,"17":9,"18":7,"19":99,"20":32,"21":32,"22":24,"23":20,"24":14,"25":7,"26":20,"27":10,"28":30},"fnMap":{"1":{"name":"makerSessionNotExpired","line":51,"loc":{"start":{"line":51,"column":4},"end":{"line":60,"column":4}}},"2":{"name":"constructor","line":84,"loc":{"start":{"line":82,"column":4},"end":{"line":86,"column":5}}},"3":{"name":"DOMAIN_SEPARATOR","line":89,"loc":{"start":{"line":89,"column":4},"end":{"line":91,"column":4}}},"4":{"name":"transferOwnership","line":95,"loc":{"start":{"line":93,"column":4},"end":{"line":101,"column":4}}},"5":{"name":"setReferralBonus","line":105,"loc":{"start":{"line":103,"column":4},"end":{"line":108,"column":4}}},"6":{"name":"_validateTo","line":110,"loc":{"start":{"line":110,"column":4},"end":{"line":114,"column":4}}},"7":{"name":"invalidatorForOrderRFQ","line":118,"loc":{"start":{"line":118,"column":4},"end":{"line":124,"column":4}}},"8":{"name":"cancelOrderRFQ","line":126,"loc":{"start":{"line":126,"column":4},"end":{"line":128,"column":4}}},"9":{"name":"fillOrderRFQ","line":138,"loc":{"start":{"line":130,"column":4},"end":{"line":144,"column":4}}},"10":{"name":"fillOrderRFQCallPeriphery","line":156,"loc":{"start":{"line":146,"column":4},"end":{"line":169,"column":4}}},"11":{"name":"fillOrderRFQToWithCallback","line":171,"loc":{"start":{"line":171,"column":4},"end":{"line":215,"column":4}}},"12":{"name":"fillOrderRFQTo","line":217,"loc":{"start":{"line":217,"column":4},"end":{"line":243,"column":4}}},"13":{"name":"_validateRFQOrder","line":245,"loc":{"start":{"line":245,"column":4},"end":{"line":304,"column":4}}},"14":{"name":"_finishRFQOrder","line":306,"loc":{"start":{"line":306,"column":4},"end":{"line":325,"column":4}}},"15":{"name":"createOrUpdateSession","line":330,"loc":{"start":{"line":327,"column":4},"end":{"line":360,"column":4}}},"16":{"name":"endSession","line":362,"loc":{"start":{"line":362,"column":4},"end":{"line":373,"column":4}}},"17":{"name":"sessionExpirationTime","line":375,"loc":{"start":{"line":375,"column":4},"end":{"line":382,"column":4}}},"18":{"name":"session","line":384,"loc":{"start":{"line":384,"column":4},"end":{"line":401,"column":4}}},"19":{"name":"_validateSessionKey","line":403,"loc":{"start":{"line":403,"column":4},"end":{"line":407,"column":4}}},"20":{"name":"_hash","line":409,"loc":{"start":{"line":409,"column":4},"end":{"line":426,"column":4}}},"21":{"name":"_validate","line":428,"loc":{"start":{"line":428,"column":4},"end":{"line":467,"column":4}}},"22":{"name":"_callTakerAssetTransferFrom","line":469,"loc":{"start":{"line":469,"column":4},"end":{"line":510,"column":4}}},"23":{"name":"_callMakerAssetTransferFrom","line":512,"loc":{"start":{"line":512,"column":4},"end":{"line":543,"column":4}}},"24":{"name":"_updateSessionTransactions","line":545,"loc":{"start":{"line":545,"column":4},"end":{"line":557,"column":4}}},"25":{"name":"_withdrawFee","line":559,"loc":{"start":{"line":559,"column":4},"end":{"line":605,"column":4}}},"26":{"name":"depositToken","line":610,"loc":{"start":{"line":607,"column":4},"end":{"line":623,"column":4}}},"27":{"name":"withdrawToken","line":628,"loc":{"start":{"line":625,"column":4},"end":{"line":643,"column":4}}},"28":{"name":"balance","line":645,"loc":{"start":{"line":645,"column":4},"end":{"line":647,"column":4}}}},"statementMap":{"1":{"start":{"line":53,"column":8},"end":{"line":53,"column":71}},"2":{"start":{"line":54,"column":8},"end":{"line":54,"column":1714}},"3":{"start":{"line":90,"column":8},"end":{"line":90,"column":35}},"4":{"start":{"line":98,"column":8},"end":{"line":98,"column":22}},"5":{"start":{"line":99,"column":8},"end":{"line":99,"column":23}},"6":{"start":{"line":100,"column":8},"end":{"line":100,"column":31}},"7":{"start":{"line":107,"column":8},"end":{"line":107,"column":39}},"8":{"start":{"line":111,"column":8},"end":{"line":111,"column":66}},"9":{"start":{"line":112,"column":8},"end":{"line":112,"column":69}},"10":{"start":{"line":113,"column":8},"end":{"line":113,"column":66}},"11":{"start":{"line":123,"column":8},"end":{"line":123,"column":40}},"12":{"start":{"line":127,"column":8},"end":{"line":127,"column":84}},"13":{"start":{"line":141,"column":8},"end":{"line":141,"column":90}},"14":{"start":{"line":143,"column":8},"end":{"line":143,"column":60}},"15":{"start":{"line":160,"column":8},"end":{"line":160,"column":71}},"16":{"start":{"line":162,"column":8},"end":{"line":162,"column":77}},"17":{"start":{"line":164,"column":8},"end":{"line":164,"column":90}},"18":{"start":{"line":168,"column":8},"end":{"line":168,"column":85}},"19":{"start":{"line":179,"column":8},"end":{"line":179,"column":72}},"20":{"start":{"line":182,"column":8},"end":{"line":182,"column":6194}},"21":{"start":{"line":190,"column":8},"end":{"line":190,"column":83}},"22":{"start":{"line":193,"column":8},"end":{"line":193,"column":6561}},"23":{"start":{"line":201,"column":8},"end":{"line":201,"column":6880}},"24":{"start":{"line":208,"column":8},"end":{"line":208,"column":7069}},"25":{"start":{"line":214,"column":8},"end":{"line":214,"column":49}},"26":{"start":{"line":223,"column":8},"end":{"line":223,"column":72}},"27":{"start":{"line":226,"column":8},"end":{"line":226,"column":7584}},"28":{"start":{"line":234,"column":8},"end":{"line":234,"column":7785}},"29":{"start":{"line":240,"column":8},"end":{"line":240,"column":49}},"30":{"start":{"line":242,"column":8},"end":{"line":242,"column":59}},"31":{"start":{"line":251,"column":8},"end":{"line":251,"column":54}},"32":{"start":{"line":252,"column":8},"end":{"line":252,"column":89}},"33":{"start":{"line":257,"column":12},"end":{"line":257,"column":75}},"34":{"start":{"line":258,"column":12},"end":{"line":258,"column":61}},"35":{"start":{"line":259,"column":12},"end":{"line":259,"column":59}},"36":{"start":{"line":260,"column":12},"end":{"line":260,"column":70}},"37":{"start":{"line":261,"column":12},"end":{"line":261,"column":79}},"38":{"start":{"line":262,"column":12},"end":{"line":262,"column":78}},"39":{"start":{"line":266,"column":8},"end":{"line":266,"column":84}},"40":{"start":{"line":267,"column":8},"end":{"line":267,"column":84}},"41":{"start":{"line":269,"column":8},"end":{"line":269,"column":9195}},"42":{"start":{"line":274,"column":8},"end":{"line":274,"column":9330}},"43":{"start":{"line":276,"column":12},"end":{"line":276,"column":50}},"44":{"start":{"line":277,"column":12},"end":{"line":277,"column":50}},"45":{"start":{"line":278,"column":15},"end":{"line":278,"column":9545}},"46":{"start":{"line":286,"column":15},"end":{"line":286,"column":9879}},"47":{"start":{"line":287,"column":12},"end":{"line":287,"column":9947}},"48":{"start":{"line":291,"column":12},"end":{"line":291,"column":51}},"49":{"start":{"line":294,"column":8},"end":{"line":294,"column":10154}},"50":{"start":{"line":299,"column":8},"end":{"line":299,"column":90}},"51":{"start":{"line":302,"column":8},"end":{"line":302,"column":31}},"52":{"start":{"line":303,"column":8},"end":{"line":303,"column":82}},"53":{"start":{"line":311,"column":8},"end":{"line":311,"column":10682}},"54":{"start":{"line":313,"column":12},"end":{"line":313,"column":10754}},"55":{"start":{"line":322,"column":8},"end":{"line":322,"column":77}},"56":{"start":{"line":324,"column":8},"end":{"line":324,"column":82}},"57":{"start":{"line":333,"column":8},"end":{"line":333,"column":38}},"58":{"start":{"line":334,"column":8},"end":{"line":334,"column":84}},"59":{"start":{"line":337,"column":8},"end":{"line":337,"column":11568}},"60":{"start":{"line":338,"column":12},"end":{"line":338,"column":64}},"61":{"start":{"line":341,"column":12},"end":{"line":341,"column":11778}},"62":{"start":{"line":342,"column":16},"end":{"line":342,"column":60}},"63":{"start":{"line":345,"column":12},"end":{"line":345,"column":93}},"64":{"start":{"line":347,"column":12},"end":{"line":347,"column":40}},"65":{"start":{"line":349,"column":12},"end":{"line":349,"column":12078}},"66":{"start":{"line":356,"column":12},"end":{"line":356,"column":93}},"67":{"start":{"line":359,"column":8},"end":{"line":359,"column":36}},"68":{"start":{"line":363,"column":8},"end":{"line":363,"column":60}},"69":{"start":{"line":364,"column":8},"end":{"line":364,"column":84}},"70":{"start":{"line":365,"column":8},"end":{"line":365,"column":12653}},"71":{"start":{"line":370,"column":8},"end":{"line":370,"column":47}},"72":{"start":{"line":372,"column":8},"end":{"line":372,"column":76}},"73":{"start":{"line":381,"column":8},"end":{"line":381,"column":46}},"74":{"start":{"line":395,"column":8},"end":{"line":395,"column":13367}},"75":{"start":{"line":404,"column":8},"end":{"line":404,"column":63}},"76":{"start":{"line":405,"column":8},"end":{"line":405,"column":65}},"77":{"start":{"line":406,"column":8},"end":{"line":406,"column":71}},"78":{"start":{"line":410,"column":8},"end":{"line":410,"column":13926}},"79":{"start":{"line":434,"column":8},"end":{"line":434,"column":70}},"80":{"start":{"line":435,"column":8},"end":{"line":435,"column":70}},"81":{"start":{"line":436,"column":8},"end":{"line":436,"column":62}},"82":{"start":{"line":437,"column":8},"end":{"line":437,"column":62}},"83":{"start":{"line":438,"column":8},"end":{"line":438,"column":14957}},"84":{"start":{"line":442,"column":8},"end":{"line":442,"column":15117}},"85":{"start":{"line":447,"column":8},"end":{"line":447,"column":74}},"86":{"start":{"line":448,"column":8},"end":{"line":448,"column":15354}},"87":{"start":{"line":451,"column":12},"end":{"line":451,"column":15463}},"88":{"start":{"line":462,"column":12},"end":{"line":462,"column":15899}},"89":{"start":{"line":476,"column":8},"end":{"line":476,"column":75}},"90":{"start":{"line":478,"column":8},"end":{"line":478,"column":16375}},"91":{"start":{"line":479,"column":12},"end":{"line":479,"column":16430}},"92":{"start":{"line":485,"column":8},"end":{"line":485,"column":16580}},"93":{"start":{"line":486,"column":12},"end":{"line":486,"column":16630}},"94":{"start":{"line":494,"column":8},"end":{"line":494,"column":63}},"95":{"start":{"line":496,"column":8},"end":{"line":496,"column":16894}},"96":{"start":{"line":503,"column":8},"end":{"line":503,"column":17131}},"97":{"start":{"line":507,"column":8},"end":{"line":507,"column":17278}},"98":{"start":{"line":508,"column":12},"end":{"line":508,"column":76}},"99":{"start":{"line":517,"column":8},"end":{"line":517,"column":77}},"100":{"start":{"line":519,"column":8},"end":{"line":519,"column":17639}},"101":{"start":{"line":520,"column":12},"end":{"line":520,"column":17694}},"102":{"start":{"line":527,"column":8},"end":{"line":527,"column":63}},"103":{"start":{"line":529,"column":8},"end":{"line":529,"column":17941}},"104":{"start":{"line":536,"column":8},"end":{"line":536,"column":18178}},"105":{"start":{"line":540,"column":8},"end":{"line":540,"column":18325}},"106":{"start":{"line":541,"column":12},"end":{"line":541,"column":76}},"107":{"start":{"line":549,"column":8},"end":{"line":549,"column":75}},"108":{"start":{"line":550,"column":8},"end":{"line":550,"column":81}},"109":{"start":{"line":552,"column":8},"end":{"line":552,"column":75}},"110":{"start":{"line":553,"column":8},"end":{"line":553,"column":81}},"111":{"start":{"line":555,"column":8},"end":{"line":555,"column":60}},"112":{"start":{"line":556,"column":8},"end":{"line":556,"column":60}},"113":{"start":{"line":566,"column":8},"end":{"line":566,"column":63}},"114":{"start":{"line":567,"column":8},"end":{"line":567,"column":65}},"115":{"start":{"line":568,"column":8},"end":{"line":568,"column":78}},"116":{"start":{"line":569,"column":8},"end":{"line":569,"column":19478}},"117":{"start":{"line":574,"column":8},"end":{"line":574,"column":54}},"118":{"start":{"line":575,"column":8},"end":{"line":575,"column":19670}},"119":{"start":{"line":576,"column":12},"end":{"line":576,"column":19724}},"120":{"start":{"line":577,"column":16},"end":{"line":577,"column":97}},"121":{"start":{"line":579,"column":16},"end":{"line":579,"column":67}},"122":{"start":{"line":580,"column":16},"end":{"line":580,"column":72}},"123":{"start":{"line":582,"column":16},"end":{"line":582,"column":71}},"124":{"start":{"line":585,"column":12},"end":{"line":585,"column":20122}},"125":{"start":{"line":595,"column":12},"end":{"line":595,"column":61}},"126":{"start":{"line":597,"column":12},"end":{"line":597,"column":20484}},"127":{"start":{"line":613,"column":8},"end":{"line":613,"column":62}},"128":{"start":{"line":614,"column":8},"end":{"line":614,"column":67}},"129":{"start":{"line":615,"column":8},"end":{"line":615,"column":49}},"130":{"start":{"line":617,"column":8},"end":{"line":617,"column":41}},"131":{"start":{"line":618,"column":8},"end":{"line":618,"column":69}},"132":{"start":{"line":619,"column":8},"end":{"line":619,"column":53}},"133":{"start":{"line":621,"column":8},"end":{"line":621,"column":92}},"134":{"start":{"line":622,"column":8},"end":{"line":622,"column":51}},"135":{"start":{"line":631,"column":8},"end":{"line":631,"column":62}},"136":{"start":{"line":632,"column":8},"end":{"line":632,"column":67}},"137":{"start":{"line":633,"column":8},"end":{"line":633,"column":49}},"138":{"start":{"line":634,"column":8},"end":{"line":634,"column":94}},"139":{"start":{"line":636,"column":8},"end":{"line":636,"column":41}},"140":{"start":{"line":637,"column":8},"end":{"line":637,"column":50}},"141":{"start":{"line":639,"column":8},"end":{"line":639,"column":53}},"142":{"start":{"line":641,"column":8},"end":{"line":641,"column":92}},"143":{"start":{"line":642,"column":8},"end":{"line":642,"column":51}},"144":{"start":{"line":646,"column":8},"end":{"line":646,"column":51}}},"branchMap":{"1":{"line":54,"type":"if","locations":[{"start":{"line":54,"column":8},"end":{"line":54,"column":8}},{"start":{"line":54,"column":8},"end":{"line":54,"column":8}}]},"2":{"line":95,"type":"if","locations":[{"start":{"line":95,"column":8},"end":{"line":95,"column":8}},{"start":{"line":95,"column":8},"end":{"line":95,"column":8}}]},"3":{"line":105,"type":"if","locations":[{"start":{"line":105,"column":8},"end":{"line":105,"column":8}},{"start":{"line":105,"column":8},"end":{"line":105,"column":8}}]},"4":{"line":111,"type":"if","locations":[{"start":{"line":111,"column":8},"end":{"line":111,"column":8}},{"start":{"line":111,"column":8},"end":{"line":111,"column":8}}]},"5":{"line":112,"type":"if","locations":[{"start":{"line":112,"column":8},"end":{"line":112,"column":8}},{"start":{"line":112,"column":8},"end":{"line":112,"column":8}}]},"6":{"line":113,"type":"if","locations":[{"start":{"line":113,"column":8},"end":{"line":113,"column":8}},{"start":{"line":113,"column":8},"end":{"line":113,"column":8}}]},"7":{"line":138,"type":"if","locations":[{"start":{"line":138,"column":8},"end":{"line":138,"column":8}},{"start":{"line":138,"column":8},"end":{"line":138,"column":8}}]},"8":{"line":156,"type":"if","locations":[{"start":{"line":156,"column":8},"end":{"line":156,"column":8}},{"start":{"line":156,"column":8},"end":{"line":156,"column":8}}]},"9":{"line":160,"type":"if","locations":[{"start":{"line":160,"column":8},"end":{"line":160,"column":8}},{"start":{"line":160,"column":8},"end":{"line":160,"column":8}}]},"10":{"line":162,"type":"if","locations":[{"start":{"line":162,"column":8},"end":{"line":162,"column":8}},{"start":{"line":162,"column":8},"end":{"line":162,"column":8}}]},"11":{"line":252,"type":"if","locations":[{"start":{"line":252,"column":8},"end":{"line":252,"column":8}},{"start":{"line":252,"column":8},"end":{"line":252,"column":8}}]},"12":{"line":252,"type":"cond-expr","locations":[{"start":{"line":252,"column":16},"end":{"line":252,"column":30}},{"start":{"line":252,"column":35},"end":{"line":252,"column":63}}]},"13":{"line":261,"type":"if","locations":[{"start":{"line":261,"column":12},"end":{"line":261,"column":12}},{"start":{"line":261,"column":12},"end":{"line":261,"column":12}}]},"14":{"line":269,"type":"if","locations":[{"start":{"line":269,"column":8},"end":{"line":269,"column":8}},{"start":{"line":269,"column":8},"end":{"line":269,"column":8}}]},"15":{"line":274,"type":"if","locations":[{"start":{"line":274,"column":8},"end":{"line":274,"column":8}},{"start":{"line":274,"column":8},"end":{"line":274,"column":8}}]},"16":{"line":278,"type":"if","locations":[{"start":{"line":278,"column":15},"end":{"line":278,"column":15}},{"start":{"line":278,"column":15},"end":{"line":278,"column":15}}]},"17":{"line":286,"type":"if","locations":[{"start":{"line":286,"column":15},"end":{"line":286,"column":15}},{"start":{"line":286,"column":15},"end":{"line":286,"column":15}}]},"18":{"line":294,"type":"if","locations":[{"start":{"line":294,"column":8},"end":{"line":294,"column":8}},{"start":{"line":294,"column":8},"end":{"line":294,"column":8}}]},"19":{"line":299,"type":"if","locations":[{"start":{"line":299,"column":8},"end":{"line":299,"column":8}},{"start":{"line":299,"column":8},"end":{"line":299,"column":8}}]},"20":{"line":311,"type":"if","locations":[{"start":{"line":311,"column":8},"end":{"line":311,"column":8}},{"start":{"line":311,"column":8},"end":{"line":311,"column":8}}]},"21":{"line":330,"type":"if","locations":[{"start":{"line":330,"column":8},"end":{"line":330,"column":8}},{"start":{"line":330,"column":8},"end":{"line":330,"column":8}}]},"22":{"line":334,"type":"if","locations":[{"start":{"line":334,"column":8},"end":{"line":334,"column":8}},{"start":{"line":334,"column":8},"end":{"line":334,"column":8}}]},"23":{"line":337,"type":"if","locations":[{"start":{"line":337,"column":8},"end":{"line":337,"column":8}},{"start":{"line":337,"column":8},"end":{"line":337,"column":8}}]},"24":{"line":341,"type":"if","locations":[{"start":{"line":341,"column":12},"end":{"line":341,"column":12}},{"start":{"line":341,"column":12},"end":{"line":341,"column":12}}]},"25":{"line":362,"type":"if","locations":[{"start":{"line":362,"column":44},"end":{"line":362,"column":44}},{"start":{"line":362,"column":44},"end":{"line":362,"column":44}}]},"26":{"line":364,"type":"if","locations":[{"start":{"line":364,"column":8},"end":{"line":364,"column":8}},{"start":{"line":364,"column":8},"end":{"line":364,"column":8}}]},"27":{"line":365,"type":"if","locations":[{"start":{"line":365,"column":8},"end":{"line":365,"column":8}},{"start":{"line":365,"column":8},"end":{"line":365,"column":8}}]},"28":{"line":404,"type":"if","locations":[{"start":{"line":404,"column":8},"end":{"line":404,"column":8}},{"start":{"line":404,"column":8},"end":{"line":404,"column":8}}]},"29":{"line":405,"type":"if","locations":[{"start":{"line":405,"column":8},"end":{"line":405,"column":8}},{"start":{"line":405,"column":8},"end":{"line":405,"column":8}}]},"30":{"line":406,"type":"if","locations":[{"start":{"line":406,"column":8},"end":{"line":406,"column":8}},{"start":{"line":406,"column":8},"end":{"line":406,"column":8}}]},"31":{"line":434,"type":"if","locations":[{"start":{"line":434,"column":8},"end":{"line":434,"column":8}},{"start":{"line":434,"column":8},"end":{"line":434,"column":8}}]},"32":{"line":435,"type":"if","locations":[{"start":{"line":435,"column":8},"end":{"line":435,"column":8}},{"start":{"line":435,"column":8},"end":{"line":435,"column":8}}]},"33":{"line":438,"type":"if","locations":[{"start":{"line":438,"column":8},"end":{"line":438,"column":8}},{"start":{"line":438,"column":8},"end":{"line":438,"column":8}}]},"34":{"line":442,"type":"if","locations":[{"start":{"line":442,"column":8},"end":{"line":442,"column":8}},{"start":{"line":442,"column":8},"end":{"line":442,"column":8}}]},"35":{"line":448,"type":"if","locations":[{"start":{"line":448,"column":8},"end":{"line":448,"column":8}},{"start":{"line":448,"column":8},"end":{"line":448,"column":8}}]},"36":{"line":451,"type":"if","locations":[{"start":{"line":451,"column":12},"end":{"line":451,"column":12}},{"start":{"line":451,"column":12},"end":{"line":451,"column":12}}]},"37":{"line":462,"type":"if","locations":[{"start":{"line":462,"column":12},"end":{"line":462,"column":12}},{"start":{"line":462,"column":12},"end":{"line":462,"column":12}}]},"38":{"line":478,"type":"if","locations":[{"start":{"line":478,"column":8},"end":{"line":478,"column":8}},{"start":{"line":478,"column":8},"end":{"line":478,"column":8}}]},"39":{"line":479,"type":"if","locations":[{"start":{"line":479,"column":12},"end":{"line":479,"column":12}},{"start":{"line":479,"column":12},"end":{"line":479,"column":12}}]},"40":{"line":485,"type":"if","locations":[{"start":{"line":485,"column":8},"end":{"line":485,"column":8}},{"start":{"line":485,"column":8},"end":{"line":485,"column":8}}]},"41":{"line":496,"type":"if","locations":[{"start":{"line":496,"column":8},"end":{"line":496,"column":8}},{"start":{"line":496,"column":8},"end":{"line":496,"column":8}}]},"42":{"line":507,"type":"if","locations":[{"start":{"line":507,"column":8},"end":{"line":507,"column":8}},{"start":{"line":507,"column":8},"end":{"line":507,"column":8}}]},"43":{"line":508,"type":"if","locations":[{"start":{"line":508,"column":12},"end":{"line":508,"column":12}},{"start":{"line":508,"column":12},"end":{"line":508,"column":12}}]},"44":{"line":519,"type":"if","locations":[{"start":{"line":519,"column":8},"end":{"line":519,"column":8}},{"start":{"line":519,"column":8},"end":{"line":519,"column":8}}]},"45":{"line":520,"type":"if","locations":[{"start":{"line":520,"column":12},"end":{"line":520,"column":12}},{"start":{"line":520,"column":12},"end":{"line":520,"column":12}}]},"46":{"line":529,"type":"if","locations":[{"start":{"line":529,"column":8},"end":{"line":529,"column":8}},{"start":{"line":529,"column":8},"end":{"line":529,"column":8}}]},"47":{"line":540,"type":"if","locations":[{"start":{"line":540,"column":8},"end":{"line":540,"column":8}},{"start":{"line":540,"column":8},"end":{"line":540,"column":8}}]},"48":{"line":541,"type":"if","locations":[{"start":{"line":541,"column":12},"end":{"line":541,"column":12}},{"start":{"line":541,"column":12},"end":{"line":541,"column":12}}]},"49":{"line":550,"type":"if","locations":[{"start":{"line":550,"column":8},"end":{"line":550,"column":8}},{"start":{"line":550,"column":8},"end":{"line":550,"column":8}}]},"50":{"line":553,"type":"if","locations":[{"start":{"line":553,"column":8},"end":{"line":553,"column":8}},{"start":{"line":553,"column":8},"end":{"line":553,"column":8}}]},"51":{"line":566,"type":"if","locations":[{"start":{"line":566,"column":8},"end":{"line":566,"column":8}},{"start":{"line":566,"column":8},"end":{"line":566,"column":8}}]},"52":{"line":567,"type":"if","locations":[{"start":{"line":567,"column":8},"end":{"line":567,"column":8}},{"start":{"line":567,"column":8},"end":{"line":567,"column":8}}]},"53":{"line":568,"type":"if","locations":[{"start":{"line":568,"column":8},"end":{"line":568,"column":8}},{"start":{"line":568,"column":8},"end":{"line":568,"column":8}}]},"54":{"line":569,"type":"if","locations":[{"start":{"line":569,"column":8},"end":{"line":569,"column":8}},{"start":{"line":569,"column":8},"end":{"line":569,"column":8}}]},"55":{"line":575,"type":"if","locations":[{"start":{"line":575,"column":8},"end":{"line":575,"column":8}},{"start":{"line":575,"column":8},"end":{"line":575,"column":8}}]},"56":{"line":576,"type":"if","locations":[{"start":{"line":576,"column":12},"end":{"line":576,"column":12}},{"start":{"line":576,"column":12},"end":{"line":576,"column":12}}]},"57":{"line":610,"type":"if","locations":[{"start":{"line":610,"column":8},"end":{"line":610,"column":8}},{"start":{"line":610,"column":8},"end":{"line":610,"column":8}}]},"58":{"line":613,"type":"if","locations":[{"start":{"line":613,"column":8},"end":{"line":613,"column":8}},{"start":{"line":613,"column":8},"end":{"line":613,"column":8}}]},"59":{"line":614,"type":"if","locations":[{"start":{"line":614,"column":8},"end":{"line":614,"column":8}},{"start":{"line":614,"column":8},"end":{"line":614,"column":8}}]},"60":{"line":615,"type":"if","locations":[{"start":{"line":615,"column":8},"end":{"line":615,"column":8}},{"start":{"line":615,"column":8},"end":{"line":615,"column":8}}]},"61":{"line":628,"type":"if","locations":[{"start":{"line":628,"column":8},"end":{"line":628,"column":8}},{"start":{"line":628,"column":8},"end":{"line":628,"column":8}}]},"62":{"line":631,"type":"if","locations":[{"start":{"line":631,"column":8},"end":{"line":631,"column":8}},{"start":{"line":631,"column":8},"end":{"line":631,"column":8}}]},"63":{"line":632,"type":"if","locations":[{"start":{"line":632,"column":8},"end":{"line":632,"column":8}},{"start":{"line":632,"column":8},"end":{"line":632,"column":8}}]},"64":{"line":633,"type":"if","locations":[{"start":{"line":633,"column":8},"end":{"line":633,"column":8}},{"start":{"line":633,"column":8},"end":{"line":633,"column":8}}]},"65":{"line":634,"type":"if","locations":[{"start":{"line":634,"column":8},"end":{"line":634,"column":8}},{"start":{"line":634,"column":8},"end":{"line":634,"column":8}}]}}}}
