{
"contracts/mintable_tokens/QTRToken.sol":{"l":{"9":0,"10":0,"14":0},"path":"/Users/michaldedyk/Documents/Projects/GitHub_LLDEX/LLDEX/Quoter-Core/contracts/mintable_tokens/QTRToken.sol","s":{"1":0,"2":0,"3":0},"b":{},"f":{"1":0,"2":0},"fnMap":{"1":{"name":"constructor","line":8,"loc":{"start":{"line":8,"column":4},"end":{"line":11,"column":4}}},"2":{"name":"decimals","line":13,"loc":{"start":{"line":13,"column":4},"end":{"line":15,"column":4}}}},"statementMap":{"1":{"start":{"line":9,"column":8},"end":{"line":9,"column":21}},"2":{"start":{"line":10,"column":8},"end":{"line":10,"column":60}},"3":{"start":{"line":14,"column":8},"end":{"line":14,"column":24}}},"branchMap":{}},
"contracts/mintable_tokens/USDT.sol":{"l":{"9":0,"10":0,"14":0},"path":"/Users/michaldedyk/Documents/Projects/GitHub_LLDEX/LLDEX/Quoter-Core/contracts/mintable_tokens/USDT.sol","s":{"1":0,"2":0,"3":0},"b":{},"f":{"1":0,"2":0},"fnMap":{"1":{"name":"constructor","line":8,"loc":{"start":{"line":8,"column":4},"end":{"line":11,"column":4}}},"2":{"name":"decimals","line":13,"loc":{"start":{"line":13,"column":4},"end":{"line":15,"column":4}}}},"statementMap":{"1":{"start":{"line":9,"column":8},"end":{"line":9,"column":20}},"2":{"start":{"line":10,"column":8},"end":{"line":10,"column":45}},"3":{"start":{"line":14,"column":8},"end":{"line":14,"column":24}}},"branchMap":{}},
"contracts/mintable_tokens/WBNB.sol":{"l":{"9":0,"10":0,"14":0},"path":"/Users/michaldedyk/Documents/Projects/GitHub_LLDEX/LLDEX/Quoter-Core/contracts/mintable_tokens/WBNB.sol","s":{"1":0,"2":0,"3":0},"b":{},"f":{"1":0,"2":0},"fnMap":{"1":{"name":"constructor","line":8,"loc":{"start":{"line":8,"column":4},"end":{"line":11,"column":4}}},"2":{"name":"decimals","line":13,"loc":{"start":{"line":13,"column":4},"end":{"line":15,"column":4}}}},"statementMap":{"1":{"start":{"line":9,"column":8},"end":{"line":9,"column":21}},"2":{"start":{"line":10,"column":8},"end":{"line":10,"column":60}},"3":{"start":{"line":14,"column":8},"end":{"line":14,"column":24}}},"branchMap":{}},
"contracts/mintable_tokens/WBTC.sol":{"l":{"9":0,"10":0,"14":0},"path":"/Users/michaldedyk/Documents/Projects/GitHub_LLDEX/LLDEX/Quoter-Core/contracts/mintable_tokens/WBTC.sol","s":{"1":0,"2":0,"3":0},"b":{},"f":{"1":0,"2":0},"fnMap":{"1":{"name":"constructor","line":8,"loc":{"start":{"line":8,"column":4},"end":{"line":11,"column":4}}},"2":{"name":"decimals","line":13,"loc":{"start":{"line":13,"column":4},"end":{"line":15,"column":4}}}},"statementMap":{"1":{"start":{"line":9,"column":8},"end":{"line":9,"column":20}},"2":{"start":{"line":10,"column":8},"end":{"line":10,"column":47}},"3":{"start":{"line":14,"column":8},"end":{"line":14,"column":24}}},"branchMap":{}},
"contracts/mintable_tokens/WETH.sol":{"l":{"9":0,"10":0,"14":0},"path":"/Users/michaldedyk/Documents/Projects/GitHub_LLDEX/LLDEX/Quoter-Core/contracts/mintable_tokens/WETH.sol","s":{"1":0,"2":0,"3":0},"b":{},"f":{"1":0,"2":0},"fnMap":{"1":{"name":"constructor","line":8,"loc":{"start":{"line":8,"column":4},"end":{"line":11,"column":4}}},"2":{"name":"decimals","line":13,"loc":{"start":{"line":13,"column":4},"end":{"line":15,"column":4}}}},"statementMap":{"1":{"start":{"line":9,"column":8},"end":{"line":9,"column":21}},"2":{"start":{"line":10,"column":8},"end":{"line":10,"column":60}},"3":{"start":{"line":14,"column":8},"end":{"line":14,"column":24}}},"branchMap":{}},
"contracts/mintable_tokens/WONE.sol":{"l":{"9":0,"10":0,"14":0},"path":"/Users/michaldedyk/Documents/Projects/GitHub_LLDEX/LLDEX/Quoter-Core/contracts/mintable_tokens/WONE.sol","s":{"1":0,"2":0,"3":0},"b":{},"f":{"1":0,"2":0},"fnMap":{"1":{"name":"constructor","line":8,"loc":{"start":{"line":8,"column":4},"end":{"line":11,"column":4}}},"2":{"name":"decimals","line":13,"loc":{"start":{"line":13,"column":4},"end":{"line":15,"column":4}}}},"statementMap":{"1":{"start":{"line":9,"column":8},"end":{"line":9,"column":21}},"2":{"start":{"line":10,"column":8},"end":{"line":10,"column":60}},"3":{"start":{"line":14,"column":8},"end":{"line":14,"column":24}}},"branchMap":{}},
"contracts/Quoter/helpers/ERC1155Proxy.sol":{"l":{"14":127,"30":0},"path":"/Users/michaldedyk/Documents/Projects/GitHub_LLDEX/LLDEX/Quoter-Core/contracts/Quoter/helpers/ERC1155Proxy.sol","s":{"1":127,"2":0},"b":{"1":[127,0],"2":[0,0]},"f":{"1":127,"2":0},"fnMap":{"1":{"name":"constructor","line":13,"loc":{"start":{"line":13,"column":4},"end":{"line":19,"column":4}}},"2":{"name":"func_733NCGU","line":29,"loc":{"start":{"line":22,"column":4},"end":{"line":31,"column":4}}}},"statementMap":{"1":{"start":{"line":14,"column":8},"end":{"line":14,"column":340}},"2":{"start":{"line":30,"column":8},"end":{"line":30,"column":62}}},"branchMap":{"1":{"line":14,"type":"if","locations":[{"start":{"line":14,"column":8},"end":{"line":14,"column":8}},{"start":{"line":14,"column":8},"end":{"line":14,"column":8}}]},"2":{"line":29,"type":"if","locations":[{"start":{"line":29,"column":15},"end":{"line":29,"column":15}},{"start":{"line":29,"column":15},"end":{"line":29,"column":15}}]}}},
"contracts/Quoter/helpers/ERC721Proxy.sol":{"l":{"13":127,"28":2},"path":"/Users/michaldedyk/Documents/Projects/GitHub_LLDEX/LLDEX/Quoter-Core/contracts/Quoter/helpers/ERC721Proxy.sol","s":{"1":127,"2":2},"b":{"1":[127,0],"2":[2,0]},"f":{"1":127,"2":2},"fnMap":{"1":{"name":"constructor","line":12,"loc":{"start":{"line":12,"column":4},"end":{"line":17,"column":4}}},"2":{"name":"func_602HzuS","line":27,"loc":{"start":{"line":22,"column":4},"end":{"line":29,"column":4}}}},"statementMap":{"1":{"start":{"line":13,"column":8},"end":{"line":13,"column":336}},"2":{"start":{"line":28,"column":8},"end":{"line":28,"column":44}}},"branchMap":{"1":{"line":13,"type":"if","locations":[{"start":{"line":13,"column":8},"end":{"line":13,"column":8}},{"start":{"line":13,"column":8},"end":{"line":13,"column":8}}]},"2":{"line":27,"type":"if","locations":[{"start":{"line":27,"column":15},"end":{"line":27,"column":15}},{"start":{"line":27,"column":15},"end":{"line":27,"column":15}}]}}},
"contracts/Quoter/helpers/FullMath.sol":{"l":{"27":5,"28":5,"29":5,"36":5,"37":5,"38":5,"41":5,"46":0,"54":0,"55":0,"59":0,"67":0},"path":"/Users/michaldedyk/Documents/Projects/GitHub_LLDEX/LLDEX/Quoter-Core/contracts/Quoter/helpers/FullMath.sol","s":{"1":5,"2":5,"3":5,"4":5,"5":5,"6":0,"7":0},"b":{"1":[5,0],"2":[5,0],"3":[0,0]},"f":{"1":5},"fnMap":{"1":{"name":"mulDiv","line":17,"loc":{"start":{"line":17,"column":4},"end":{"line":111,"column":4}}}},"statementMap":{"1":{"start":{"line":27,"column":8},"end":{"line":27,"column":21}},"2":{"start":{"line":28,"column":8},"end":{"line":28,"column":21}},"3":{"start":{"line":36,"column":8},"end":{"line":36,"column":1377}},"4":{"start":{"line":37,"column":12},"end":{"line":37,"column":55}},"5":{"start":{"line":41,"column":12},"end":{"line":41,"column":25}},"6":{"start":{"line":46,"column":8},"end":{"line":46,"column":55}},"7":{"start":{"line":54,"column":8},"end":{"line":54,"column":25}}},"branchMap":{"1":{"line":36,"type":"if","locations":[{"start":{"line":36,"column":8},"end":{"line":36,"column":8}},{"start":{"line":36,"column":8},"end":{"line":36,"column":8}}]},"2":{"line":37,"type":"if","locations":[{"start":{"line":37,"column":12},"end":{"line":37,"column":12}},{"start":{"line":37,"column":12},"end":{"line":37,"column":12}}]},"3":{"line":46,"type":"if","locations":[{"start":{"line":46,"column":8},"end":{"line":46,"column":8}},{"start":{"line":46,"column":8},"end":{"line":46,"column":8}}]}}},
"contracts/Quoter/helpers/ImmutableOwner.sol":{"l":{"10":2,"11":2,"15":127},"path":"/Users/michaldedyk/Documents/Projects/GitHub_LLDEX/LLDEX/Quoter-Core/contracts/Quoter/helpers/ImmutableOwner.sol","s":{"1":2,"2":127},"b":{"1":[2,0]},"f":{"1":2,"2":127},"fnMap":{"1":{"name":"onlyImmutableOwner","line":9,"loc":{"start":{"line":9,"column":4},"end":{"line":12,"column":4}}},"2":{"name":"constructor","line":14,"loc":{"start":{"line":14,"column":4},"end":{"line":16,"column":4}}}},"statementMap":{"1":{"start":{"line":10,"column":8},"end":{"line":10,"column":65}},"2":{"start":{"line":15,"column":8},"end":{"line":15,"column":39}}},"branchMap":{"1":{"line":10,"type":"if","locations":[{"start":{"line":10,"column":8},"end":{"line":10,"column":8}},{"start":{"line":10,"column":8},"end":{"line":10,"column":8}}]}}},
"contracts/Quoter/helpers/MutableOwner.sol":{"l":{"15":44,"16":32,"20":179,"24":2,"25":2,"27":2,"31":14},"path":"/Users/michaldedyk/Documents/Projects/GitHub_LLDEX/LLDEX/Quoter-Core/contracts/Quoter/helpers/MutableOwner.sol","s":{"1":44,"2":179,"3":2,"4":2,"5":2,"6":14},"b":{"1":[32,12],"2":[2,0]},"f":{"1":44,"2":179,"3":2,"4":14},"fnMap":{"1":{"name":"onlyOwner","line":14,"loc":{"start":{"line":14,"column":4},"end":{"line":17,"column":4}}},"2":{"name":"constructor","line":19,"loc":{"start":{"line":19,"column":4},"end":{"line":21,"column":4}}},"3":{"name":"_mutateOwner","line":23,"loc":{"start":{"line":23,"column":4},"end":{"line":28,"column":4}}},"4":{"name":"mutableOwner","line":30,"loc":{"start":{"line":30,"column":4},"end":{"line":32,"column":4}}}},"statementMap":{"1":{"start":{"line":15,"column":8},"end":{"line":15,"column":64}},"2":{"start":{"line":20,"column":8},"end":{"line":20,"column":29}},"3":{"start":{"line":24,"column":8},"end":{"line":24,"column":45}},"4":{"start":{"line":25,"column":8},"end":{"line":25,"column":28}},"5":{"start":{"line":27,"column":8},"end":{"line":27,"column":54}},"6":{"start":{"line":31,"column":8},"end":{"line":31,"column":28}}},"branchMap":{"1":{"line":15,"type":"if","locations":[{"start":{"line":15,"column":8},"end":{"line":15,"column":8}},{"start":{"line":15,"column":8},"end":{"line":15,"column":8}}]},"2":{"line":23,"type":"if","locations":[{"start":{"line":23,"column":50},"end":{"line":23,"column":50}},{"start":{"line":23,"column":50},"end":{"line":23,"column":50}}]}}},
"contracts/Quoter/helpers/SplitBonus.sol":{"l":{"17":191,"18":191,"19":191,"21":189,"22":189,"26":5,"27":5,"31":20,"35":1,"39":6,"41":4},"path":"/Users/michaldedyk/Documents/Projects/GitHub_LLDEX/LLDEX/Quoter-Core/contracts/Quoter/helpers/SplitBonus.sol","s":{"1":191,"2":191,"3":191,"4":189,"5":189,"6":5,"7":5,"8":20,"9":1,"10":6,"11":4},"b":{"1":[191,0],"2":[191,0],"3":[189,2],"4":[4,2]},"f":{"1":191,"2":5,"3":20,"4":1,"5":6},"fnMap":{"1":{"name":"constructor","line":16,"loc":{"start":{"line":16,"column":4},"end":{"line":23,"column":4}}},"2":{"name":"_calculateBonus","line":25,"loc":{"start":{"line":25,"column":4},"end":{"line":28,"column":4}}},"3":{"name":"getSplitBonus","line":30,"loc":{"start":{"line":30,"column":4},"end":{"line":32,"column":4}}},"4":{"name":"getSplitScale","line":34,"loc":{"start":{"line":34,"column":4},"end":{"line":36,"column":4}}},"5":{"name":"_setSplitBonus","line":38,"loc":{"start":{"line":38,"column":4},"end":{"line":42,"column":4}}}},"statementMap":{"1":{"start":{"line":17,"column":8},"end":{"line":17,"column":67}},"2":{"start":{"line":18,"column":8},"end":{"line":18,"column":68}},"3":{"start":{"line":19,"column":8},"end":{"line":19,"column":67}},"4":{"start":{"line":21,"column":8},"end":{"line":21,"column":32}},"5":{"start":{"line":22,"column":8},"end":{"line":22,"column":32}},"6":{"start":{"line":26,"column":8},"end":{"line":26,"column":72}},"7":{"start":{"line":27,"column":8},"end":{"line":27,"column":40}},"8":{"start":{"line":31,"column":8},"end":{"line":31,"column":27}},"9":{"start":{"line":35,"column":8},"end":{"line":35,"column":27}},"10":{"start":{"line":39,"column":8},"end":{"line":39,"column":65}},"11":{"start":{"line":41,"column":8},"end":{"line":41,"column":28}}},"branchMap":{"1":{"line":17,"type":"if","locations":[{"start":{"line":17,"column":8},"end":{"line":17,"column":8}},{"start":{"line":17,"column":8},"end":{"line":17,"column":8}}]},"2":{"line":18,"type":"if","locations":[{"start":{"line":18,"column":8},"end":{"line":18,"column":8}},{"start":{"line":18,"column":8},"end":{"line":18,"column":8}}]},"3":{"line":19,"type":"if","locations":[{"start":{"line":19,"column":8},"end":{"line":19,"column":8}},{"start":{"line":19,"column":8},"end":{"line":19,"column":8}}]},"4":{"line":39,"type":"if","locations":[{"start":{"line":39,"column":8},"end":{"line":39,"column":8}},{"start":{"line":39,"column":8},"end":{"line":39,"column":8}}]}}},
"contracts/Quoter/interfaces/AggregatorV3Interface.sol":{"l":{},"path":"/Users/michaldedyk/Documents/Projects/GitHub_LLDEX/LLDEX/Quoter-Core/contracts/Quoter/interfaces/AggregatorV3Interface.sol","s":{},"b":{},"f":{},"fnMap":{},"statementMap":{},"branchMap":{}},
"contracts/Quoter/interfaces/IBalanceAccessor.sol":{"l":{},"path":"/Users/michaldedyk/Documents/Projects/GitHub_LLDEX/LLDEX/Quoter-Core/contracts/Quoter/interfaces/IBalanceAccessor.sol","s":{},"b":{},"f":{},"fnMap":{},"statementMap":{},"branchMap":{}},
"contracts/Quoter/interfaces/IPenaltyManager.sol":{"l":{},"path":"/Users/michaldedyk/Documents/Projects/GitHub_LLDEX/LLDEX/Quoter-Core/contracts/Quoter/interfaces/IPenaltyManager.sol","s":{},"b":{},"f":{},"fnMap":{},"statementMap":{},"branchMap":{}},
"contracts/Quoter/interfaces/IPeripheryCallback.sol":{"l":{},"path":"/Users/michaldedyk/Documents/Projects/GitHub_LLDEX/LLDEX/Quoter-Core/contracts/Quoter/interfaces/IPeripheryCallback.sol","s":{},"b":{},"f":{},"fnMap":{},"statementMap":{},"branchMap":{}},
"contracts/Quoter/interfaces/IRFQOrder.sol":{"l":{},"path":"/Users/michaldedyk/Documents/Projects/GitHub_LLDEX/LLDEX/Quoter-Core/contracts/Quoter/interfaces/IRFQOrder.sol","s":{},"b":{},"f":{},"fnMap":{},"statementMap":{},"branchMap":{}},
"contracts/Quoter/interfaces/ITradingSession.sol":{"l":{},"path":"/Users/michaldedyk/Documents/Projects/GitHub_LLDEX/LLDEX/Quoter-Core/contracts/Quoter/interfaces/ITradingSession.sol","s":{},"b":{},"f":{},"fnMap":{},"statementMap":{},"branchMap":{}},
"contracts/Quoter/libraries/ArgumentsDecoder.sol":{"l":{"7":64,"18":205,"29":76,"40":22,"51":42},"path":"/Users/michaldedyk/Documents/Projects/GitHub_LLDEX/LLDEX/Quoter-Core/contracts/Quoter/libraries/ArgumentsDecoder.sol","s":{},"b":{},"f":{"1":64,"2":205,"3":76,"4":22,"5":42},"fnMap":{"1":{"name":"decodeSelector","line":6,"loc":{"start":{"line":6,"column":4},"end":{"line":11,"column":4}}},"2":{"name":"decodeAddress","line":13,"loc":{"start":{"line":13,"column":4},"end":{"line":22,"column":4}}},"3":{"name":"decodeUint256","line":24,"loc":{"start":{"line":24,"column":4},"end":{"line":33,"column":4}}},"4":{"name":"patchAddress","line":35,"loc":{"start":{"line":35,"column":4},"end":{"line":44,"column":4}}},"5":{"name":"patchUint256","line":46,"loc":{"start":{"line":46,"column":4},"end":{"line":55,"column":4}}}},"statementMap":{},"branchMap":{}},
"contracts/Quoter/libraries/UncheckedAddress.sol":{"l":{"11":42,"20":42,"25":42,"26":42,"35":42,"36":36,"39":6,"43":2,"47":4},"path":"/Users/michaldedyk/Documents/Projects/GitHub_LLDEX/LLDEX/Quoter-Core/contracts/Quoter/libraries/UncheckedAddress.sol","s":{"1":42,"2":42,"3":42,"4":42,"5":42,"6":36,"7":6,"8":4},"b":{"1":[42,0],"2":[36,6],"3":[2,4]},"f":{"1":42,"2":42,"3":42},"fnMap":{"1":{"name":"uncheckedFunctionCall","line":6,"loc":{"start":{"line":6,"column":4},"end":{"line":12,"column":4}}},"2":{"name":"uncheckedFunctionCallWithValue","line":14,"loc":{"start":{"line":14,"column":4},"end":{"line":27,"column":4}}},"3":{"name":"_verifyCallResult","line":30,"loc":{"start":{"line":30,"column":4},"end":{"line":50,"column":4}}}},"statementMap":{"1":{"start":{"line":11,"column":8},"end":{"line":11,"column":76}},"2":{"start":{"line":20,"column":8},"end":{"line":20,"column":74}},"3":{"start":{"line":25,"column":8},"end":{"line":25,"column":81}},"4":{"start":{"line":26,"column":8},"end":{"line":26,"column":67}},"5":{"start":{"line":35,"column":8},"end":{"line":35,"column":1135}},"6":{"start":{"line":36,"column":12},"end":{"line":36,"column":29}},"7":{"start":{"line":39,"column":12},"end":{"line":39,"column":1280}},"8":{"start":{"line":47,"column":16},"end":{"line":47,"column":35}}},"branchMap":{"1":{"line":20,"type":"if","locations":[{"start":{"line":20,"column":8},"end":{"line":20,"column":8}},{"start":{"line":20,"column":8},"end":{"line":20,"column":8}}]},"2":{"line":35,"type":"if","locations":[{"start":{"line":35,"column":8},"end":{"line":35,"column":8}},{"start":{"line":35,"column":8},"end":{"line":35,"column":8}}]},"3":{"line":39,"type":"if","locations":[{"start":{"line":39,"column":12},"end":{"line":39,"column":12}},{"start":{"line":39,"column":12},"end":{"line":39,"column":12}}]}}},
"contracts/Quoter/mocks/CallbackMock.sol":{"l":{"33":1,"35":1},"path":"/Users/michaldedyk/Documents/Projects/GitHub_LLDEX/LLDEX/Quoter-Core/contracts/Quoter/mocks/CallbackMock.sol","s":{"1":1,"2":1},"b":{},"f":{"1":1,"2":1},"fnMap":{"1":{"name":"constructor","line":17,"loc":{"start":{"line":17,"column":4},"end":{"line":17,"column":19}}},"2":{"name":"quoterPeripheryCallback","line":19,"loc":{"start":{"line":19,"column":4},"end":{"line":36,"column":4}}}},"statementMap":{"1":{"start":{"line":33,"column":8},"end":{"line":33,"column":78}},"2":{"start":{"line":35,"column":8},"end":{"line":35,"column":90}}},"branchMap":{}},
"contracts/Quoter/mocks/SplitBonusMock.sol":{"l":{"14":3},"path":"/Users/michaldedyk/Documents/Projects/GitHub_LLDEX/LLDEX/Quoter-Core/contracts/Quoter/mocks/SplitBonusMock.sol","s":{"1":3},"b":{},"f":{"1":5,"2":3},"fnMap":{"1":{"name":"constructor","line":9,"loc":{"start":{"line":9,"column":4},"end":{"line":9,"column":82}}},"2":{"name":"setSplitBonus","line":11,"loc":{"start":{"line":11,"column":4},"end":{"line":15,"column":4}}}},"statementMap":{"1":{"start":{"line":14,"column":8},"end":{"line":14,"column":39}}},"branchMap":{}},
"contracts/Quoter/mocks/TokenMock.sol":{"l":{"13":860,"17":127},"path":"/Users/michaldedyk/Documents/Projects/GitHub_LLDEX/LLDEX/Quoter-Core/contracts/Quoter/mocks/TokenMock.sol","s":{"1":860,"2":127},"b":{"1":[860,0]},"f":{"1":431,"2":860,"3":127},"fnMap":{"1":{"name":"constructor","line":10,"loc":{"start":{"line":10,"column":4},"end":{"line":10,"column":79}}},"2":{"name":"mint","line":12,"loc":{"start":{"line":12,"column":4},"end":{"line":14,"column":4}}},"3":{"name":"getChainId","line":16,"loc":{"start":{"line":16,"column":4},"end":{"line":18,"column":4}}}},"statementMap":{"1":{"start":{"line":13,"column":8},"end":{"line":13,"column":29}},"2":{"start":{"line":17,"column":8},"end":{"line":17,"column":28}}},"branchMap":{"1":{"line":12,"type":"if","locations":[{"start":{"line":12,"column":60},"end":{"line":12,"column":60}},{"start":{"line":12,"column":60},"end":{"line":12,"column":60}}]}}},
"contracts/Quoter/periphery/interfaces/ILendingPool.sol":{"l":{},"path":"/Users/michaldedyk/Documents/Projects/GitHub_LLDEX/LLDEX/Quoter-Core/contracts/Quoter/periphery/interfaces/ILendingPool.sol","s":{},"b":{},"f":{},"fnMap":{},"statementMap":{},"branchMap":{}},
"contracts/Quoter/periphery/interfaces/ILendingPoolAddressesProvider.sol":{"l":{},"path":"/Users/michaldedyk/Documents/Projects/GitHub_LLDEX/LLDEX/Quoter-Core/contracts/Quoter/periphery/interfaces/ILendingPoolAddressesProvider.sol","s":{},"b":{},"f":{},"fnMap":{},"statementMap":{},"branchMap":{}},
"contracts/Quoter/periphery/interfaces/IProtocolDataProvider.sol":{"l":{},"path":"/Users/michaldedyk/Documents/Projects/GitHub_LLDEX/LLDEX/Quoter-Core/contracts/Quoter/periphery/interfaces/IProtocolDataProvider.sol","s":{},"b":{},"f":{},"fnMap":{},"statementMap":{},"branchMap":{}},
"contracts/Quoter/periphery/libraries/DataTypes.sol":{"l":{},"path":"/Users/michaldedyk/Documents/Projects/GitHub_LLDEX/LLDEX/Quoter-Core/contracts/Quoter/periphery/libraries/DataTypes.sol","s":{},"b":{},"f":{},"fnMap":{},"statementMap":{},"branchMap":{}},
"contracts/Quoter/QuoterPenaltyManager.sol":{"l":{"33":30,"35":26,"39":52,"41":52,"45":23,"47":21,"48":15,"50":15,"52":15,"56":6,"58":2,"59":2,"68":6,"70":2,"71":2,"80":12,"82":6,"83":4,"85":2,"86":2,"88":2,"95":2,"105":10,"107":4,"108":4,"110":2,"111":2,"113":2,"114":2,"124":16,"125":10,"127":4,"128":4,"129":4,"131":2,"132":2,"133":2,"135":2,"136":2,"138":2,"140":0,"142":0,"145":2,"149":22,"151":20,"155":3,"157":1,"161":11,"165":24,"174":1,"176":1,"177":1,"179":1,"180":1,"187":1,"191":39,"192":33,"193":27,"197":10,"198":8,"199":6,"203":12,"204":10,"208":12,"210":8,"211":6,"213":4,"214":4},"path":"/Users/michaldedyk/Documents/Projects/GitHub_LLDEX/LLDEX/Quoter-Core/contracts/Quoter/QuoterPenaltyManager.sol","s":{"1":30,"2":52,"3":52,"4":23,"5":21,"6":15,"7":15,"8":15,"9":6,"10":2,"11":2,"12":6,"13":2,"14":2,"15":12,"16":6,"17":4,"18":2,"19":2,"20":2,"21":2,"22":10,"23":4,"24":4,"25":2,"26":2,"27":2,"28":2,"29":16,"30":10,"31":4,"32":4,"33":4,"34":2,"35":2,"36":2,"37":2,"38":2,"39":2,"40":0,"41":0,"42":2,"43":22,"44":20,"45":3,"46":1,"47":11,"48":24,"49":1,"50":1,"51":1,"52":1,"53":1,"54":1,"55":39,"56":33,"57":27,"58":10,"59":8,"60":6,"61":12,"62":10,"63":12,"64":8,"65":6,"66":4,"67":4},"b":{"1":[26,4],"2":[52,0],"3":[23,0],"4":[21,2],"5":[6,0],"6":[6,0],"7":[12,0],"8":[4,2],"9":[2,2],"10":[12,0],"11":[10,2],"12":[4,0],"13":[2,2],"14":[18,0],"15":[16,2],"16":[4,0],"17":[4,0],"18":[2,2],"19":[2,0],"20":[22,2],"21":[20,2],"22":[3,2],"23":[1,2],"24":[1,2],"25":[1,2],"26":[33,6],"27":[27,6],"28":[21,6],"29":[8,2],"30":[6,2],"31":[4,2],"32":[10,2],"33":[8,2],"34":[6,2],"35":[4,2]},"f":{"1":30,"2":52,"3":23,"4":6,"5":6,"6":12,"7":10,"8":16,"9":22,"10":3,"11":11,"12":24,"13":1,"14":1,"15":39,"16":10,"17":12,"18":12},"fnMap":{"1":{"name":"collectorOnly","line":32,"loc":{"start":{"line":32,"column":4},"end":{"line":36,"column":4}}},"2":{"name":"constructor","line":38,"loc":{"start":{"line":38,"column":4},"end":{"line":42,"column":4}}},"3":{"name":"depositToken","line":44,"loc":{"start":{"line":44,"column":4},"end":{"line":53,"column":4}}},"4":{"name":"withdrawToken","line":55,"loc":{"start":{"line":55,"column":4},"end":{"line":60,"column":4}}},"5":{"name":"withdrawTokenTo","line":65,"loc":{"start":{"line":62,"column":4},"end":{"line":72,"column":4}}},"6":{"name":"transferTo","line":77,"loc":{"start":{"line":74,"column":4},"end":{"line":96,"column":4}}},"7":{"name":"issuePenalty","line":102,"loc":{"start":{"line":98,"column":4},"end":{"line":115,"column":4}}},"8":{"name":"issuePenaltySplit","line":121,"loc":{"start":{"line":117,"column":4},"end":{"line":146,"column":4}}},"9":{"name":"addCollector","line":148,"loc":{"start":{"line":148,"column":4},"end":{"line":152,"column":4}}},"10":{"name":"removeCollector","line":154,"loc":{"start":{"line":154,"column":4},"end":{"line":158,"column":4}}},"11":{"name":"isCollector","line":160,"loc":{"start":{"line":160,"column":4},"end":{"line":162,"column":4}}},"12":{"name":"balanceOf","line":164,"loc":{"start":{"line":164,"column":4},"end":{"line":166,"column":4}}},"13":{"name":"transferOwnership","line":171,"loc":{"start":{"line":168,"column":4},"end":{"line":181,"column":4}}},"14":{"name":"setSplitBonus","line":185,"loc":{"start":{"line":183,"column":4},"end":{"line":188,"column":4}}},"15":{"name":"_validateTo","line":190,"loc":{"start":{"line":190,"column":4},"end":{"line":194,"column":4}}},"16":{"name":"_validateSR","line":196,"loc":{"start":{"line":196,"column":4},"end":{"line":200,"column":4}}},"17":{"name":"_validateAddress","line":202,"loc":{"start":{"line":202,"column":4},"end":{"line":205,"column":4}}},"18":{"name":"_withdrawTransferTo","line":207,"loc":{"start":{"line":207,"column":4},"end":{"line":215,"column":4}}}},"statementMap":{"1":{"start":{"line":33,"column":8},"end":{"line":33,"column":67}},"2":{"start":{"line":39,"column":8},"end":{"line":39,"column":74}},"3":{"start":{"line":41,"column":8},"end":{"line":41,"column":43}},"4":{"start":{"line":45,"column":8},"end":{"line":45,"column":52}},"5":{"start":{"line":47,"column":8},"end":{"line":47,"column":71}},"6":{"start":{"line":48,"column":8},"end":{"line":48,"column":38}},"7":{"start":{"line":50,"column":8},"end":{"line":50,"column":70}},"8":{"start":{"line":52,"column":8},"end":{"line":52,"column":36}},"9":{"start":{"line":56,"column":8},"end":{"line":56,"column":46}},"10":{"start":{"line":58,"column":8},"end":{"line":58,"column":70}},"11":{"start":{"line":59,"column":8},"end":{"line":59,"column":36}},"12":{"start":{"line":68,"column":8},"end":{"line":68,"column":38}},"13":{"start":{"line":70,"column":8},"end":{"line":70,"column":70}},"14":{"start":{"line":71,"column":8},"end":{"line":71,"column":36}},"15":{"start":{"line":80,"column":8},"end":{"line":80,"column":22}},"16":{"start":{"line":82,"column":8},"end":{"line":82,"column":52}},"17":{"start":{"line":83,"column":8},"end":{"line":83,"column":82}},"18":{"start":{"line":85,"column":8},"end":{"line":85,"column":38}},"19":{"start":{"line":86,"column":8},"end":{"line":86,"column":30}},"20":{"start":{"line":88,"column":8},"end":{"line":88,"column":2603}},"21":{"start":{"line":95,"column":8},"end":{"line":95,"column":53}},"22":{"start":{"line":105,"column":8},"end":{"line":105,"column":22}},"23":{"start":{"line":107,"column":8},"end":{"line":107,"column":52}},"24":{"start":{"line":108,"column":8},"end":{"line":108,"column":74}},"25":{"start":{"line":110,"column":8},"end":{"line":110,"column":30}},"26":{"start":{"line":111,"column":8},"end":{"line":111,"column":42}},"27":{"start":{"line":113,"column":8},"end":{"line":113,"column":53}},"28":{"start":{"line":114,"column":8},"end":{"line":114,"column":28}},"29":{"start":{"line":124,"column":8},"end":{"line":124,"column":22}},"30":{"start":{"line":125,"column":8},"end":{"line":125,"column":34}},"31":{"start":{"line":127,"column":8},"end":{"line":127,"column":52}},"32":{"start":{"line":128,"column":8},"end":{"line":128,"column":73}},"33":{"start":{"line":129,"column":8},"end":{"line":129,"column":74}},"34":{"start":{"line":131,"column":8},"end":{"line":131,"column":30}},"35":{"start":{"line":132,"column":9},"end":{"line":132,"column":3823}},"36":{"start":{"line":133,"column":12},"end":{"line":133,"column":90}},"37":{"start":{"line":135,"column":12},"end":{"line":135,"column":50}},"38":{"start":{"line":136,"column":12},"end":{"line":136,"column":51}},"39":{"start":{"line":138,"column":12},"end":{"line":138,"column":106}},"40":{"start":{"line":140,"column":12},"end":{"line":140,"column":46}},"41":{"start":{"line":142,"column":12},"end":{"line":142,"column":57}},"42":{"start":{"line":145,"column":8},"end":{"line":145,"column":28}},"43":{"start":{"line":149,"column":8},"end":{"line":149,"column":73}},"44":{"start":{"line":151,"column":8},"end":{"line":151,"column":36}},"45":{"start":{"line":155,"column":8},"end":{"line":155,"column":73}},"46":{"start":{"line":157,"column":8},"end":{"line":157,"column":37}},"47":{"start":{"line":161,"column":8},"end":{"line":161,"column":32}},"48":{"start":{"line":165,"column":8},"end":{"line":165,"column":30}},"49":{"start":{"line":174,"column":8},"end":{"line":174,"column":22}},"50":{"start":{"line":176,"column":8},"end":{"line":176,"column":45}},"51":{"start":{"line":177,"column":8},"end":{"line":177,"column":32}},"52":{"start":{"line":179,"column":8},"end":{"line":179,"column":23}},"53":{"start":{"line":180,"column":8},"end":{"line":180,"column":31}},"54":{"start":{"line":187,"column":8},"end":{"line":187,"column":39}},"55":{"start":{"line":191,"column":8},"end":{"line":191,"column":69}},"56":{"start":{"line":192,"column":8},"end":{"line":192,"column":72}},"57":{"start":{"line":193,"column":8},"end":{"line":193,"column":69}},"58":{"start":{"line":197,"column":8},"end":{"line":197,"column":69}},"59":{"start":{"line":198,"column":8},"end":{"line":198,"column":72}},"60":{"start":{"line":199,"column":8},"end":{"line":199,"column":69}},"61":{"start":{"line":203,"column":8},"end":{"line":203,"column":68}},"62":{"start":{"line":204,"column":8},"end":{"line":204,"column":71}},"63":{"start":{"line":208,"column":8},"end":{"line":208,"column":27}},"64":{"start":{"line":210,"column":8},"end":{"line":210,"column":52}},"65":{"start":{"line":211,"column":8},"end":{"line":211,"column":82}},"66":{"start":{"line":213,"column":8},"end":{"line":213,"column":44}},"67":{"start":{"line":214,"column":8},"end":{"line":214,"column":38}}},"branchMap":{"1":{"line":33,"type":"if","locations":[{"start":{"line":33,"column":8},"end":{"line":33,"column":8}},{"start":{"line":33,"column":8},"end":{"line":33,"column":8}}]},"2":{"line":39,"type":"if","locations":[{"start":{"line":39,"column":8},"end":{"line":39,"column":8}},{"start":{"line":39,"column":8},"end":{"line":39,"column":8}}]},"3":{"line":44,"type":"if","locations":[{"start":{"line":44,"column":60},"end":{"line":44,"column":60}},{"start":{"line":44,"column":60},"end":{"line":44,"column":60}}]},"4":{"line":45,"type":"if","locations":[{"start":{"line":45,"column":8},"end":{"line":45,"column":8}},{"start":{"line":45,"column":8},"end":{"line":45,"column":8}}]},"5":{"line":55,"type":"if","locations":[{"start":{"line":55,"column":61},"end":{"line":55,"column":61}},{"start":{"line":55,"column":61},"end":{"line":55,"column":61}}]},"6":{"line":65,"type":"if","locations":[{"start":{"line":65,"column":8},"end":{"line":65,"column":8}},{"start":{"line":65,"column":8},"end":{"line":65,"column":8}}]},"7":{"line":77,"type":"if","locations":[{"start":{"line":77,"column":8},"end":{"line":77,"column":8}},{"start":{"line":77,"column":8},"end":{"line":77,"column":8}}]},"8":{"line":82,"type":"if","locations":[{"start":{"line":82,"column":8},"end":{"line":82,"column":8}},{"start":{"line":82,"column":8},"end":{"line":82,"column":8}}]},"9":{"line":83,"type":"if","locations":[{"start":{"line":83,"column":8},"end":{"line":83,"column":8}},{"start":{"line":83,"column":8},"end":{"line":83,"column":8}}]},"10":{"line":101,"type":"if","locations":[{"start":{"line":101,"column":8},"end":{"line":101,"column":8}},{"start":{"line":101,"column":8},"end":{"line":101,"column":8}}]},"11":{"line":102,"type":"if","locations":[{"start":{"line":102,"column":8},"end":{"line":102,"column":8}},{"start":{"line":102,"column":8},"end":{"line":102,"column":8}}]},"12":{"line":107,"type":"if","locations":[{"start":{"line":107,"column":8},"end":{"line":107,"column":8}},{"start":{"line":107,"column":8},"end":{"line":107,"column":8}}]},"13":{"line":108,"type":"if","locations":[{"start":{"line":108,"column":8},"end":{"line":108,"column":8}},{"start":{"line":108,"column":8},"end":{"line":108,"column":8}}]},"14":{"line":120,"type":"if","locations":[{"start":{"line":120,"column":8},"end":{"line":120,"column":8}},{"start":{"line":120,"column":8},"end":{"line":120,"column":8}}]},"15":{"line":121,"type":"if","locations":[{"start":{"line":121,"column":8},"end":{"line":121,"column":8}},{"start":{"line":121,"column":8},"end":{"line":121,"column":8}}]},"16":{"line":127,"type":"if","locations":[{"start":{"line":127,"column":8},"end":{"line":127,"column":8}},{"start":{"line":127,"column":8},"end":{"line":127,"column":8}}]},"17":{"line":128,"type":"if","locations":[{"start":{"line":128,"column":8},"end":{"line":128,"column":8}},{"start":{"line":128,"column":8},"end":{"line":128,"column":8}}]},"18":{"line":129,"type":"if","locations":[{"start":{"line":129,"column":8},"end":{"line":129,"column":8}},{"start":{"line":129,"column":8},"end":{"line":129,"column":8}}]},"19":{"line":132,"type":"if","locations":[{"start":{"line":132,"column":9},"end":{"line":132,"column":9}},{"start":{"line":132,"column":9},"end":{"line":132,"column":9}}]},"20":{"line":148,"type":"if","locations":[{"start":{"line":148,"column":63},"end":{"line":148,"column":63}},{"start":{"line":148,"column":63},"end":{"line":148,"column":63}}]},"21":{"line":149,"type":"if","locations":[{"start":{"line":149,"column":8},"end":{"line":149,"column":8}},{"start":{"line":149,"column":8},"end":{"line":149,"column":8}}]},"22":{"line":154,"type":"if","locations":[{"start":{"line":154,"column":66},"end":{"line":154,"column":66}},{"start":{"line":154,"column":66},"end":{"line":154,"column":66}}]},"23":{"line":155,"type":"if","locations":[{"start":{"line":155,"column":8},"end":{"line":155,"column":8}},{"start":{"line":155,"column":8},"end":{"line":155,"column":8}}]},"24":{"line":171,"type":"if","locations":[{"start":{"line":171,"column":8},"end":{"line":171,"column":8}},{"start":{"line":171,"column":8},"end":{"line":171,"column":8}}]},"25":{"line":185,"type":"if","locations":[{"start":{"line":185,"column":8},"end":{"line":185,"column":8}},{"start":{"line":185,"column":8},"end":{"line":185,"column":8}}]},"26":{"line":191,"type":"if","locations":[{"start":{"line":191,"column":8},"end":{"line":191,"column":8}},{"start":{"line":191,"column":8},"end":{"line":191,"column":8}}]},"27":{"line":192,"type":"if","locations":[{"start":{"line":192,"column":8},"end":{"line":192,"column":8}},{"start":{"line":192,"column":8},"end":{"line":192,"column":8}}]},"28":{"line":193,"type":"if","locations":[{"start":{"line":193,"column":8},"end":{"line":193,"column":8}},{"start":{"line":193,"column":8},"end":{"line":193,"column":8}}]},"29":{"line":197,"type":"if","locations":[{"start":{"line":197,"column":8},"end":{"line":197,"column":8}},{"start":{"line":197,"column":8},"end":{"line":197,"column":8}}]},"30":{"line":198,"type":"if","locations":[{"start":{"line":198,"column":8},"end":{"line":198,"column":8}},{"start":{"line":198,"column":8},"end":{"line":198,"column":8}}]},"31":{"line":199,"type":"if","locations":[{"start":{"line":199,"column":8},"end":{"line":199,"column":8}},{"start":{"line":199,"column":8},"end":{"line":199,"column":8}}]},"32":{"line":203,"type":"if","locations":[{"start":{"line":203,"column":8},"end":{"line":203,"column":8}},{"start":{"line":203,"column":8},"end":{"line":203,"column":8}}]},"33":{"line":204,"type":"if","locations":[{"start":{"line":204,"column":8},"end":{"line":204,"column":8}},{"start":{"line":204,"column":8},"end":{"line":204,"column":8}}]},"34":{"line":210,"type":"if","locations":[{"start":{"line":210,"column":8},"end":{"line":210,"column":8}},{"start":{"line":210,"column":8},"end":{"line":210,"column":8}}]},"35":{"line":211,"type":"if","locations":[{"start":{"line":211,"column":8},"end":{"line":211,"column":8}},{"start":{"line":211,"column":8},"end":{"line":211,"column":8}}]}}},
"contracts/Quoter/QuoterProtocol.sol":{"l":{"53":50,"54":50,"59":46,"89":1,"97":1,"98":1,"99":1,"106":2,"110":1,"111":1,"112":1,"122":2,"126":3,"140":41,"142":41,"159":5,"161":3,"163":1,"167":1,"178":1,"181":1,"189":1,"192":1,"200":1,"207":1,"213":1,"222":41,"225":23,"233":19,"239":15,"241":13,"250":42,"251":42,"253":40,"256":40,"257":40,"258":40,"259":40,"260":40,"261":38,"265":38,"266":38,"268":38,"273":36,"275":1,"276":1,"286":33,"290":2,"293":34,"298":34,"301":32,"302":32,"310":16,"312":7,"321":14,"323":14,"332":91,"333":85,"336":83,"337":4,"340":4,"341":1,"344":4,"346":4,"348":79,"355":79,"358":79,"362":8,"363":8,"364":6,"369":4,"371":4,"380":9,"394":7,"403":99,"404":97,"405":95,"409":32,"433":32,"434":32,"435":32,"436":32,"437":32,"441":30,"446":28,"447":28,"450":25,"461":3,"475":24,"477":24,"478":24,"484":22,"485":22,"493":22,"495":22,"502":22,"506":20,"507":19,"516":20,"518":20,"519":20,"526":20,"528":20,"535":20,"539":16,"540":15,"548":14,"549":14,"551":14,"552":14,"554":14,"555":14,"565":7,"566":7,"567":7,"568":7,"573":5,"574":5,"575":4,"576":3,"578":3,"579":3,"581":1,"584":4,"594":1,"596":1,"612":20,"613":18,"614":16,"616":14,"617":14,"618":10,"620":10,"621":10,"630":10,"631":8,"632":6,"633":4,"635":2,"636":2,"638":2,"640":2,"641":2,"645":30},"path":"/Users/michaldedyk/Documents/Projects/GitHub_LLDEX/LLDEX/Quoter-Core/contracts/Quoter/QuoterProtocol.sol","s":{"1":50,"2":50,"3":1,"4":1,"5":1,"6":1,"7":2,"8":1,"9":1,"10":1,"11":2,"12":3,"13":41,"14":41,"15":5,"16":3,"17":1,"18":1,"19":1,"20":1,"21":1,"22":1,"23":1,"24":1,"25":1,"26":41,"27":23,"28":19,"29":15,"30":13,"31":42,"32":42,"33":40,"34":40,"35":40,"36":40,"37":40,"38":38,"39":38,"40":38,"41":38,"42":36,"43":1,"44":1,"45":35,"46":35,"47":33,"48":2,"49":34,"50":34,"51":32,"52":32,"53":16,"54":7,"55":14,"56":14,"57":91,"58":85,"59":83,"60":4,"61":4,"62":1,"63":4,"64":4,"65":79,"66":79,"67":79,"68":8,"69":8,"70":6,"71":4,"72":4,"73":9,"74":7,"75":99,"76":97,"77":95,"78":32,"79":32,"80":32,"81":32,"82":32,"83":32,"84":30,"85":28,"86":28,"87":25,"88":3,"89":24,"90":24,"91":24,"92":22,"93":22,"94":22,"95":22,"96":22,"97":20,"98":19,"99":20,"100":20,"101":20,"102":20,"103":20,"104":20,"105":16,"106":15,"107":14,"108":14,"109":14,"110":14,"111":14,"112":14,"113":7,"114":7,"115":7,"116":7,"117":5,"118":5,"119":4,"120":3,"121":3,"122":3,"123":1,"124":4,"125":1,"126":1,"127":20,"128":18,"129":16,"130":14,"131":14,"132":10,"133":10,"134":10,"135":10,"136":8,"137":6,"138":4,"139":2,"140":2,"141":2,"142":2,"143":2,"144":30},"b":{"1":[46,4],"2":[1,2],"3":[2,2],"4":[1,0],"5":[1,0],"6":[1,0],"7":[41,4],"8":[5,0],"9":[3,2],"10":[1,2],"11":[40,2],"12":[0,40],"13":[38,2],"14":[36,2],"15":[1,35],"16":[0,35],"17":[33,2],"18":[34,0],"19":[32,2],"20":[7,9],"21":[91,0],"22":[83,2],"23":[4,79],"24":[1,3],"25":[8,0],"26":[6,2],"27":[4,2],"28":[97,2],"29":[95,2],"30":[93,2],"31":[32,0],"32":[32,0],"33":[30,2],"34":[28,2],"35":[25,3],"36":[23,2],"37":[1,2],"38":[24,0],"39":[22,2],"40":[22,0],"41":[22,0],"42":[19,1],"43":[19,0],"44":[20,0],"45":[20,0],"46":[20,0],"47":[15,1],"48":[15,0],"49":[14,0],"50":[14,0],"51":[7,0],"52":[7,0],"53":[7,0],"54":[5,2],"55":[4,1],"56":[3,1],"57":[20,0],"58":[18,2],"59":[16,2],"60":[14,2],"61":[10,0],"62":[8,2],"63":[6,2],"64":[4,2],"65":[2,2]},"f":{"1":50,"2":127,"3":1,"4":1,"5":2,"6":1,"7":2,"8":3,"9":41,"10":5,"11":1,"12":41,"13":42,"14":16,"15":91,"16":8,"17":9,"18":7,"19":99,"20":32,"21":32,"22":24,"23":20,"24":14,"25":7,"26":20,"27":10,"28":30},"fnMap":{"1":{"name":"makerSessionNotExpired","line":51,"loc":{"start":{"line":51,"column":4},"end":{"line":60,"column":4}}},"2":{"name":"constructor","line":83,"loc":{"start":{"line":82,"column":4},"end":{"line":85,"column":5}}},"3":{"name":"DOMAIN_SEPARATOR","line":88,"loc":{"start":{"line":88,"column":4},"end":{"line":90,"column":4}}},"4":{"name":"transferOwnership","line":94,"loc":{"start":{"line":92,"column":4},"end":{"line":100,"column":4}}},"5":{"name":"setReferralBonus","line":104,"loc":{"start":{"line":102,"column":4},"end":{"line":107,"column":4}}},"6":{"name":"_validateTo","line":109,"loc":{"start":{"line":109,"column":4},"end":{"line":113,"column":4}}},"7":{"name":"invalidatorForOrderRFQ","line":117,"loc":{"start":{"line":117,"column":4},"end":{"line":123,"column":4}}},"8":{"name":"cancelOrderRFQ","line":125,"loc":{"start":{"line":125,"column":4},"end":{"line":127,"column":4}}},"9":{"name":"fillOrderRFQ","line":137,"loc":{"start":{"line":129,"column":4},"end":{"line":143,"column":4}}},"10":{"name":"fillOrderRFQCallPeriphery","line":155,"loc":{"start":{"line":145,"column":4},"end":{"line":168,"column":4}}},"11":{"name":"fillOrderRFQToWithCallback","line":170,"loc":{"start":{"line":170,"column":4},"end":{"line":214,"column":4}}},"12":{"name":"fillOrderRFQTo","line":216,"loc":{"start":{"line":216,"column":4},"end":{"line":242,"column":4}}},"13":{"name":"_validateRFQOrder","line":244,"loc":{"start":{"line":244,"column":4},"end":{"line":303,"column":4}}},"14":{"name":"_finishRFQOrder","line":305,"loc":{"start":{"line":305,"column":4},"end":{"line":324,"column":4}}},"15":{"name":"createOrUpdateSession","line":329,"loc":{"start":{"line":326,"column":4},"end":{"line":359,"column":4}}},"16":{"name":"endSession","line":361,"loc":{"start":{"line":361,"column":4},"end":{"line":372,"column":4}}},"17":{"name":"sessionExpirationTime","line":374,"loc":{"start":{"line":374,"column":4},"end":{"line":381,"column":4}}},"18":{"name":"session","line":383,"loc":{"start":{"line":383,"column":4},"end":{"line":400,"column":4}}},"19":{"name":"_validateSessionKey","line":402,"loc":{"start":{"line":402,"column":4},"end":{"line":406,"column":4}}},"20":{"name":"_hash","line":408,"loc":{"start":{"line":408,"column":4},"end":{"line":425,"column":4}}},"21":{"name":"_validate","line":427,"loc":{"start":{"line":427,"column":4},"end":{"line":466,"column":4}}},"22":{"name":"_callTakerAssetTransferFrom","line":468,"loc":{"start":{"line":468,"column":4},"end":{"line":509,"column":4}}},"23":{"name":"_callMakerAssetTransferFrom","line":511,"loc":{"start":{"line":511,"column":4},"end":{"line":542,"column":4}}},"24":{"name":"_updateSessionTransactions","line":544,"loc":{"start":{"line":544,"column":4},"end":{"line":556,"column":4}}},"25":{"name":"_withdrawFee","line":558,"loc":{"start":{"line":558,"column":4},"end":{"line":604,"column":4}}},"26":{"name":"depositToken","line":609,"loc":{"start":{"line":606,"column":4},"end":{"line":622,"column":4}}},"27":{"name":"withdrawToken","line":627,"loc":{"start":{"line":624,"column":4},"end":{"line":642,"column":4}}},"28":{"name":"balance","line":644,"loc":{"start":{"line":644,"column":4},"end":{"line":646,"column":4}}}},"statementMap":{"1":{"start":{"line":53,"column":8},"end":{"line":53,"column":71}},"2":{"start":{"line":54,"column":8},"end":{"line":54,"column":1726}},"3":{"start":{"line":89,"column":8},"end":{"line":89,"column":35}},"4":{"start":{"line":97,"column":8},"end":{"line":97,"column":22}},"5":{"start":{"line":98,"column":8},"end":{"line":98,"column":23}},"6":{"start":{"line":99,"column":8},"end":{"line":99,"column":31}},"7":{"start":{"line":106,"column":8},"end":{"line":106,"column":39}},"8":{"start":{"line":110,"column":8},"end":{"line":110,"column":66}},"9":{"start":{"line":111,"column":8},"end":{"line":111,"column":69}},"10":{"start":{"line":112,"column":8},"end":{"line":112,"column":66}},"11":{"start":{"line":122,"column":8},"end":{"line":122,"column":40}},"12":{"start":{"line":126,"column":8},"end":{"line":126,"column":84}},"13":{"start":{"line":140,"column":8},"end":{"line":140,"column":90}},"14":{"start":{"line":142,"column":8},"end":{"line":142,"column":60}},"15":{"start":{"line":159,"column":8},"end":{"line":159,"column":71}},"16":{"start":{"line":161,"column":8},"end":{"line":161,"column":77}},"17":{"start":{"line":163,"column":8},"end":{"line":163,"column":90}},"18":{"start":{"line":167,"column":8},"end":{"line":167,"column":85}},"19":{"start":{"line":178,"column":8},"end":{"line":178,"column":72}},"20":{"start":{"line":181,"column":8},"end":{"line":181,"column":6162}},"21":{"start":{"line":189,"column":8},"end":{"line":189,"column":83}},"22":{"start":{"line":192,"column":8},"end":{"line":192,"column":6529}},"23":{"start":{"line":200,"column":8},"end":{"line":200,"column":6848}},"24":{"start":{"line":207,"column":8},"end":{"line":207,"column":7037}},"25":{"start":{"line":213,"column":8},"end":{"line":213,"column":49}},"26":{"start":{"line":222,"column":8},"end":{"line":222,"column":72}},"27":{"start":{"line":225,"column":8},"end":{"line":225,"column":7552}},"28":{"start":{"line":233,"column":8},"end":{"line":233,"column":7753}},"29":{"start":{"line":239,"column":8},"end":{"line":239,"column":49}},"30":{"start":{"line":241,"column":8},"end":{"line":241,"column":59}},"31":{"start":{"line":250,"column":8},"end":{"line":250,"column":54}},"32":{"start":{"line":251,"column":8},"end":{"line":251,"column":89}},"33":{"start":{"line":256,"column":12},"end":{"line":256,"column":75}},"34":{"start":{"line":257,"column":12},"end":{"line":257,"column":61}},"35":{"start":{"line":258,"column":12},"end":{"line":258,"column":59}},"36":{"start":{"line":259,"column":12},"end":{"line":259,"column":70}},"37":{"start":{"line":260,"column":12},"end":{"line":260,"column":79}},"38":{"start":{"line":261,"column":12},"end":{"line":261,"column":78}},"39":{"start":{"line":265,"column":8},"end":{"line":265,"column":84}},"40":{"start":{"line":266,"column":8},"end":{"line":266,"column":84}},"41":{"start":{"line":268,"column":8},"end":{"line":268,"column":9163}},"42":{"start":{"line":273,"column":8},"end":{"line":273,"column":9298}},"43":{"start":{"line":275,"column":12},"end":{"line":275,"column":50}},"44":{"start":{"line":276,"column":12},"end":{"line":276,"column":50}},"45":{"start":{"line":277,"column":15},"end":{"line":277,"column":9513}},"46":{"start":{"line":285,"column":15},"end":{"line":285,"column":9847}},"47":{"start":{"line":286,"column":12},"end":{"line":286,"column":9915}},"48":{"start":{"line":290,"column":12},"end":{"line":290,"column":51}},"49":{"start":{"line":293,"column":8},"end":{"line":293,"column":10122}},"50":{"start":{"line":298,"column":8},"end":{"line":298,"column":90}},"51":{"start":{"line":301,"column":8},"end":{"line":301,"column":31}},"52":{"start":{"line":302,"column":8},"end":{"line":302,"column":82}},"53":{"start":{"line":310,"column":8},"end":{"line":310,"column":10650}},"54":{"start":{"line":312,"column":12},"end":{"line":312,"column":10722}},"55":{"start":{"line":321,"column":8},"end":{"line":321,"column":77}},"56":{"start":{"line":323,"column":8},"end":{"line":323,"column":82}},"57":{"start":{"line":332,"column":8},"end":{"line":332,"column":38}},"58":{"start":{"line":333,"column":8},"end":{"line":333,"column":84}},"59":{"start":{"line":336,"column":8},"end":{"line":336,"column":11536}},"60":{"start":{"line":337,"column":12},"end":{"line":337,"column":64}},"61":{"start":{"line":340,"column":12},"end":{"line":340,"column":11746}},"62":{"start":{"line":341,"column":16},"end":{"line":341,"column":60}},"63":{"start":{"line":344,"column":12},"end":{"line":344,"column":93}},"64":{"start":{"line":346,"column":12},"end":{"line":346,"column":40}},"65":{"start":{"line":348,"column":12},"end":{"line":348,"column":12046}},"66":{"start":{"line":355,"column":12},"end":{"line":355,"column":93}},"67":{"start":{"line":358,"column":8},"end":{"line":358,"column":36}},"68":{"start":{"line":362,"column":8},"end":{"line":362,"column":60}},"69":{"start":{"line":363,"column":8},"end":{"line":363,"column":84}},"70":{"start":{"line":364,"column":8},"end":{"line":364,"column":12621}},"71":{"start":{"line":369,"column":8},"end":{"line":369,"column":47}},"72":{"start":{"line":371,"column":8},"end":{"line":371,"column":76}},"73":{"start":{"line":380,"column":8},"end":{"line":380,"column":46}},"74":{"start":{"line":394,"column":8},"end":{"line":394,"column":13335}},"75":{"start":{"line":403,"column":8},"end":{"line":403,"column":63}},"76":{"start":{"line":404,"column":8},"end":{"line":404,"column":65}},"77":{"start":{"line":405,"column":8},"end":{"line":405,"column":71}},"78":{"start":{"line":409,"column":8},"end":{"line":409,"column":13894}},"79":{"start":{"line":433,"column":8},"end":{"line":433,"column":70}},"80":{"start":{"line":434,"column":8},"end":{"line":434,"column":70}},"81":{"start":{"line":435,"column":8},"end":{"line":435,"column":62}},"82":{"start":{"line":436,"column":8},"end":{"line":436,"column":62}},"83":{"start":{"line":437,"column":8},"end":{"line":437,"column":14924}},"84":{"start":{"line":441,"column":8},"end":{"line":441,"column":15084}},"85":{"start":{"line":446,"column":8},"end":{"line":446,"column":74}},"86":{"start":{"line":447,"column":8},"end":{"line":447,"column":15321}},"87":{"start":{"line":450,"column":12},"end":{"line":450,"column":15430}},"88":{"start":{"line":461,"column":12},"end":{"line":461,"column":15866}},"89":{"start":{"line":475,"column":8},"end":{"line":475,"column":75}},"90":{"start":{"line":477,"column":8},"end":{"line":477,"column":16342}},"91":{"start":{"line":478,"column":12},"end":{"line":478,"column":16397}},"92":{"start":{"line":484,"column":8},"end":{"line":484,"column":16547}},"93":{"start":{"line":485,"column":12},"end":{"line":485,"column":16597}},"94":{"start":{"line":493,"column":8},"end":{"line":493,"column":63}},"95":{"start":{"line":495,"column":8},"end":{"line":495,"column":16861}},"96":{"start":{"line":502,"column":8},"end":{"line":502,"column":17098}},"97":{"start":{"line":506,"column":8},"end":{"line":506,"column":17245}},"98":{"start":{"line":507,"column":12},"end":{"line":507,"column":76}},"99":{"start":{"line":516,"column":8},"end":{"line":516,"column":77}},"100":{"start":{"line":518,"column":8},"end":{"line":518,"column":17606}},"101":{"start":{"line":519,"column":12},"end":{"line":519,"column":17661}},"102":{"start":{"line":526,"column":8},"end":{"line":526,"column":63}},"103":{"start":{"line":528,"column":8},"end":{"line":528,"column":17908}},"104":{"start":{"line":535,"column":8},"end":{"line":535,"column":18145}},"105":{"start":{"line":539,"column":8},"end":{"line":539,"column":18292}},"106":{"start":{"line":540,"column":12},"end":{"line":540,"column":76}},"107":{"start":{"line":548,"column":8},"end":{"line":548,"column":75}},"108":{"start":{"line":549,"column":8},"end":{"line":549,"column":81}},"109":{"start":{"line":551,"column":8},"end":{"line":551,"column":75}},"110":{"start":{"line":552,"column":8},"end":{"line":552,"column":81}},"111":{"start":{"line":554,"column":8},"end":{"line":554,"column":60}},"112":{"start":{"line":555,"column":8},"end":{"line":555,"column":60}},"113":{"start":{"line":565,"column":8},"end":{"line":565,"column":63}},"114":{"start":{"line":566,"column":8},"end":{"line":566,"column":65}},"115":{"start":{"line":567,"column":8},"end":{"line":567,"column":78}},"116":{"start":{"line":568,"column":8},"end":{"line":568,"column":19445}},"117":{"start":{"line":573,"column":8},"end":{"line":573,"column":54}},"118":{"start":{"line":574,"column":8},"end":{"line":574,"column":19637}},"119":{"start":{"line":575,"column":12},"end":{"line":575,"column":19691}},"120":{"start":{"line":576,"column":16},"end":{"line":576,"column":97}},"121":{"start":{"line":578,"column":16},"end":{"line":578,"column":67}},"122":{"start":{"line":579,"column":16},"end":{"line":579,"column":72}},"123":{"start":{"line":581,"column":16},"end":{"line":581,"column":71}},"124":{"start":{"line":584,"column":12},"end":{"line":584,"column":20089}},"125":{"start":{"line":594,"column":12},"end":{"line":594,"column":61}},"126":{"start":{"line":596,"column":12},"end":{"line":596,"column":20451}},"127":{"start":{"line":612,"column":8},"end":{"line":612,"column":62}},"128":{"start":{"line":613,"column":8},"end":{"line":613,"column":67}},"129":{"start":{"line":614,"column":8},"end":{"line":614,"column":49}},"130":{"start":{"line":616,"column":8},"end":{"line":616,"column":41}},"131":{"start":{"line":617,"column":8},"end":{"line":617,"column":69}},"132":{"start":{"line":618,"column":8},"end":{"line":618,"column":53}},"133":{"start":{"line":620,"column":8},"end":{"line":620,"column":92}},"134":{"start":{"line":621,"column":8},"end":{"line":621,"column":51}},"135":{"start":{"line":630,"column":8},"end":{"line":630,"column":62}},"136":{"start":{"line":631,"column":8},"end":{"line":631,"column":67}},"137":{"start":{"line":632,"column":8},"end":{"line":632,"column":49}},"138":{"start":{"line":633,"column":8},"end":{"line":633,"column":94}},"139":{"start":{"line":635,"column":8},"end":{"line":635,"column":41}},"140":{"start":{"line":636,"column":8},"end":{"line":636,"column":50}},"141":{"start":{"line":638,"column":8},"end":{"line":638,"column":53}},"142":{"start":{"line":640,"column":8},"end":{"line":640,"column":92}},"143":{"start":{"line":641,"column":8},"end":{"line":641,"column":51}},"144":{"start":{"line":645,"column":8},"end":{"line":645,"column":51}}},"branchMap":{"1":{"line":54,"type":"if","locations":[{"start":{"line":54,"column":8},"end":{"line":54,"column":8}},{"start":{"line":54,"column":8},"end":{"line":54,"column":8}}]},"2":{"line":94,"type":"if","locations":[{"start":{"line":94,"column":8},"end":{"line":94,"column":8}},{"start":{"line":94,"column":8},"end":{"line":94,"column":8}}]},"3":{"line":104,"type":"if","locations":[{"start":{"line":104,"column":8},"end":{"line":104,"column":8}},{"start":{"line":104,"column":8},"end":{"line":104,"column":8}}]},"4":{"line":110,"type":"if","locations":[{"start":{"line":110,"column":8},"end":{"line":110,"column":8}},{"start":{"line":110,"column":8},"end":{"line":110,"column":8}}]},"5":{"line":111,"type":"if","locations":[{"start":{"line":111,"column":8},"end":{"line":111,"column":8}},{"start":{"line":111,"column":8},"end":{"line":111,"column":8}}]},"6":{"line":112,"type":"if","locations":[{"start":{"line":112,"column":8},"end":{"line":112,"column":8}},{"start":{"line":112,"column":8},"end":{"line":112,"column":8}}]},"7":{"line":137,"type":"if","locations":[{"start":{"line":137,"column":8},"end":{"line":137,"column":8}},{"start":{"line":137,"column":8},"end":{"line":137,"column":8}}]},"8":{"line":155,"type":"if","locations":[{"start":{"line":155,"column":8},"end":{"line":155,"column":8}},{"start":{"line":155,"column":8},"end":{"line":155,"column":8}}]},"9":{"line":159,"type":"if","locations":[{"start":{"line":159,"column":8},"end":{"line":159,"column":8}},{"start":{"line":159,"column":8},"end":{"line":159,"column":8}}]},"10":{"line":161,"type":"if","locations":[{"start":{"line":161,"column":8},"end":{"line":161,"column":8}},{"start":{"line":161,"column":8},"end":{"line":161,"column":8}}]},"11":{"line":251,"type":"if","locations":[{"start":{"line":251,"column":8},"end":{"line":251,"column":8}},{"start":{"line":251,"column":8},"end":{"line":251,"column":8}}]},"12":{"line":251,"type":"cond-expr","locations":[{"start":{"line":251,"column":16},"end":{"line":251,"column":30}},{"start":{"line":251,"column":35},"end":{"line":251,"column":63}}]},"13":{"line":260,"type":"if","locations":[{"start":{"line":260,"column":12},"end":{"line":260,"column":12}},{"start":{"line":260,"column":12},"end":{"line":260,"column":12}}]},"14":{"line":268,"type":"if","locations":[{"start":{"line":268,"column":8},"end":{"line":268,"column":8}},{"start":{"line":268,"column":8},"end":{"line":268,"column":8}}]},"15":{"line":273,"type":"if","locations":[{"start":{"line":273,"column":8},"end":{"line":273,"column":8}},{"start":{"line":273,"column":8},"end":{"line":273,"column":8}}]},"16":{"line":277,"type":"if","locations":[{"start":{"line":277,"column":15},"end":{"line":277,"column":15}},{"start":{"line":277,"column":15},"end":{"line":277,"column":15}}]},"17":{"line":285,"type":"if","locations":[{"start":{"line":285,"column":15},"end":{"line":285,"column":15}},{"start":{"line":285,"column":15},"end":{"line":285,"column":15}}]},"18":{"line":293,"type":"if","locations":[{"start":{"line":293,"column":8},"end":{"line":293,"column":8}},{"start":{"line":293,"column":8},"end":{"line":293,"column":8}}]},"19":{"line":298,"type":"if","locations":[{"start":{"line":298,"column":8},"end":{"line":298,"column":8}},{"start":{"line":298,"column":8},"end":{"line":298,"column":8}}]},"20":{"line":310,"type":"if","locations":[{"start":{"line":310,"column":8},"end":{"line":310,"column":8}},{"start":{"line":310,"column":8},"end":{"line":310,"column":8}}]},"21":{"line":329,"type":"if","locations":[{"start":{"line":329,"column":8},"end":{"line":329,"column":8}},{"start":{"line":329,"column":8},"end":{"line":329,"column":8}}]},"22":{"line":333,"type":"if","locations":[{"start":{"line":333,"column":8},"end":{"line":333,"column":8}},{"start":{"line":333,"column":8},"end":{"line":333,"column":8}}]},"23":{"line":336,"type":"if","locations":[{"start":{"line":336,"column":8},"end":{"line":336,"column":8}},{"start":{"line":336,"column":8},"end":{"line":336,"column":8}}]},"24":{"line":340,"type":"if","locations":[{"start":{"line":340,"column":12},"end":{"line":340,"column":12}},{"start":{"line":340,"column":12},"end":{"line":340,"column":12}}]},"25":{"line":361,"type":"if","locations":[{"start":{"line":361,"column":44},"end":{"line":361,"column":44}},{"start":{"line":361,"column":44},"end":{"line":361,"column":44}}]},"26":{"line":363,"type":"if","locations":[{"start":{"line":363,"column":8},"end":{"line":363,"column":8}},{"start":{"line":363,"column":8},"end":{"line":363,"column":8}}]},"27":{"line":364,"type":"if","locations":[{"start":{"line":364,"column":8},"end":{"line":364,"column":8}},{"start":{"line":364,"column":8},"end":{"line":364,"column":8}}]},"28":{"line":403,"type":"if","locations":[{"start":{"line":403,"column":8},"end":{"line":403,"column":8}},{"start":{"line":403,"column":8},"end":{"line":403,"column":8}}]},"29":{"line":404,"type":"if","locations":[{"start":{"line":404,"column":8},"end":{"line":404,"column":8}},{"start":{"line":404,"column":8},"end":{"line":404,"column":8}}]},"30":{"line":405,"type":"if","locations":[{"start":{"line":405,"column":8},"end":{"line":405,"column":8}},{"start":{"line":405,"column":8},"end":{"line":405,"column":8}}]},"31":{"line":433,"type":"if","locations":[{"start":{"line":433,"column":8},"end":{"line":433,"column":8}},{"start":{"line":433,"column":8},"end":{"line":433,"column":8}}]},"32":{"line":434,"type":"if","locations":[{"start":{"line":434,"column":8},"end":{"line":434,"column":8}},{"start":{"line":434,"column":8},"end":{"line":434,"column":8}}]},"33":{"line":437,"type":"if","locations":[{"start":{"line":437,"column":8},"end":{"line":437,"column":8}},{"start":{"line":437,"column":8},"end":{"line":437,"column":8}}]},"34":{"line":441,"type":"if","locations":[{"start":{"line":441,"column":8},"end":{"line":441,"column":8}},{"start":{"line":441,"column":8},"end":{"line":441,"column":8}}]},"35":{"line":447,"type":"if","locations":[{"start":{"line":447,"column":8},"end":{"line":447,"column":8}},{"start":{"line":447,"column":8},"end":{"line":447,"column":8}}]},"36":{"line":450,"type":"if","locations":[{"start":{"line":450,"column":12},"end":{"line":450,"column":12}},{"start":{"line":450,"column":12},"end":{"line":450,"column":12}}]},"37":{"line":461,"type":"if","locations":[{"start":{"line":461,"column":12},"end":{"line":461,"column":12}},{"start":{"line":461,"column":12},"end":{"line":461,"column":12}}]},"38":{"line":477,"type":"if","locations":[{"start":{"line":477,"column":8},"end":{"line":477,"column":8}},{"start":{"line":477,"column":8},"end":{"line":477,"column":8}}]},"39":{"line":478,"type":"if","locations":[{"start":{"line":478,"column":12},"end":{"line":478,"column":12}},{"start":{"line":478,"column":12},"end":{"line":478,"column":12}}]},"40":{"line":484,"type":"if","locations":[{"start":{"line":484,"column":8},"end":{"line":484,"column":8}},{"start":{"line":484,"column":8},"end":{"line":484,"column":8}}]},"41":{"line":495,"type":"if","locations":[{"start":{"line":495,"column":8},"end":{"line":495,"column":8}},{"start":{"line":495,"column":8},"end":{"line":495,"column":8}}]},"42":{"line":506,"type":"if","locations":[{"start":{"line":506,"column":8},"end":{"line":506,"column":8}},{"start":{"line":506,"column":8},"end":{"line":506,"column":8}}]},"43":{"line":507,"type":"if","locations":[{"start":{"line":507,"column":12},"end":{"line":507,"column":12}},{"start":{"line":507,"column":12},"end":{"line":507,"column":12}}]},"44":{"line":518,"type":"if","locations":[{"start":{"line":518,"column":8},"end":{"line":518,"column":8}},{"start":{"line":518,"column":8},"end":{"line":518,"column":8}}]},"45":{"line":519,"type":"if","locations":[{"start":{"line":519,"column":12},"end":{"line":519,"column":12}},{"start":{"line":519,"column":12},"end":{"line":519,"column":12}}]},"46":{"line":528,"type":"if","locations":[{"start":{"line":528,"column":8},"end":{"line":528,"column":8}},{"start":{"line":528,"column":8},"end":{"line":528,"column":8}}]},"47":{"line":539,"type":"if","locations":[{"start":{"line":539,"column":8},"end":{"line":539,"column":8}},{"start":{"line":539,"column":8},"end":{"line":539,"column":8}}]},"48":{"line":540,"type":"if","locations":[{"start":{"line":540,"column":12},"end":{"line":540,"column":12}},{"start":{"line":540,"column":12},"end":{"line":540,"column":12}}]},"49":{"line":549,"type":"if","locations":[{"start":{"line":549,"column":8},"end":{"line":549,"column":8}},{"start":{"line":549,"column":8},"end":{"line":549,"column":8}}]},"50":{"line":552,"type":"if","locations":[{"start":{"line":552,"column":8},"end":{"line":552,"column":8}},{"start":{"line":552,"column":8},"end":{"line":552,"column":8}}]},"51":{"line":565,"type":"if","locations":[{"start":{"line":565,"column":8},"end":{"line":565,"column":8}},{"start":{"line":565,"column":8},"end":{"line":565,"column":8}}]},"52":{"line":566,"type":"if","locations":[{"start":{"line":566,"column":8},"end":{"line":566,"column":8}},{"start":{"line":566,"column":8},"end":{"line":566,"column":8}}]},"53":{"line":567,"type":"if","locations":[{"start":{"line":567,"column":8},"end":{"line":567,"column":8}},{"start":{"line":567,"column":8},"end":{"line":567,"column":8}}]},"54":{"line":568,"type":"if","locations":[{"start":{"line":568,"column":8},"end":{"line":568,"column":8}},{"start":{"line":568,"column":8},"end":{"line":568,"column":8}}]},"55":{"line":574,"type":"if","locations":[{"start":{"line":574,"column":8},"end":{"line":574,"column":8}},{"start":{"line":574,"column":8},"end":{"line":574,"column":8}}]},"56":{"line":575,"type":"if","locations":[{"start":{"line":575,"column":12},"end":{"line":575,"column":12}},{"start":{"line":575,"column":12},"end":{"line":575,"column":12}}]},"57":{"line":609,"type":"if","locations":[{"start":{"line":609,"column":8},"end":{"line":609,"column":8}},{"start":{"line":609,"column":8},"end":{"line":609,"column":8}}]},"58":{"line":612,"type":"if","locations":[{"start":{"line":612,"column":8},"end":{"line":612,"column":8}},{"start":{"line":612,"column":8},"end":{"line":612,"column":8}}]},"59":{"line":613,"type":"if","locations":[{"start":{"line":613,"column":8},"end":{"line":613,"column":8}},{"start":{"line":613,"column":8},"end":{"line":613,"column":8}}]},"60":{"line":614,"type":"if","locations":[{"start":{"line":614,"column":8},"end":{"line":614,"column":8}},{"start":{"line":614,"column":8},"end":{"line":614,"column":8}}]},"61":{"line":627,"type":"if","locations":[{"start":{"line":627,"column":8},"end":{"line":627,"column":8}},{"start":{"line":627,"column":8},"end":{"line":627,"column":8}}]},"62":{"line":630,"type":"if","locations":[{"start":{"line":630,"column":8},"end":{"line":630,"column":8}},{"start":{"line":630,"column":8},"end":{"line":630,"column":8}}]},"63":{"line":631,"type":"if","locations":[{"start":{"line":631,"column":8},"end":{"line":631,"column":8}},{"start":{"line":631,"column":8},"end":{"line":631,"column":8}}]},"64":{"line":632,"type":"if","locations":[{"start":{"line":632,"column":8},"end":{"line":632,"column":8}},{"start":{"line":632,"column":8},"end":{"line":632,"column":8}}]},"65":{"line":633,"type":"if","locations":[{"start":{"line":633,"column":8},"end":{"line":633,"column":8}},{"start":{"line":633,"column":8},"end":{"line":633,"column":8}}]}}}}
