TN:
SF:/Users/michaldedyk/Documents/Projects/GitHub_LLDEX/LLDEX/Quoter-Core/contracts/mintable_tokens/QTRToken.sol
FN:8,constructor
FN:13,decimals
FNF:2
FNH:0
FNDA:0,constructor
FNDA:0,decimals
DA:9,0
DA:10,0
DA:14,0
LF:3
LH:0
BRF:0
BRH:0
end_of_record
TN:
SF:/Users/michaldedyk/Documents/Projects/GitHub_LLDEX/LLDEX/Quoter-Core/contracts/mintable_tokens/USDT.sol
FN:8,constructor
FN:13,decimals
FNF:2
FNH:0
FNDA:0,constructor
FNDA:0,decimals
DA:9,0
DA:10,0
DA:14,0
LF:3
LH:0
BRF:0
BRH:0
end_of_record
TN:
SF:/Users/michaldedyk/Documents/Projects/GitHub_LLDEX/LLDEX/Quoter-Core/contracts/mintable_tokens/WBNB.sol
FN:8,constructor
FN:13,decimals
FNF:2
FNH:0
FNDA:0,constructor
FNDA:0,decimals
DA:9,0
DA:10,0
DA:14,0
LF:3
LH:0
BRF:0
BRH:0
end_of_record
TN:
SF:/Users/michaldedyk/Documents/Projects/GitHub_LLDEX/LLDEX/Quoter-Core/contracts/mintable_tokens/WBTC.sol
FN:8,constructor
FN:13,decimals
FNF:2
FNH:0
FNDA:0,constructor
FNDA:0,decimals
DA:9,0
DA:10,0
DA:14,0
LF:3
LH:0
BRF:0
BRH:0
end_of_record
TN:
SF:/Users/michaldedyk/Documents/Projects/GitHub_LLDEX/LLDEX/Quoter-Core/contracts/mintable_tokens/WETH.sol
FN:8,constructor
FN:13,decimals
FNF:2
FNH:0
FNDA:0,constructor
FNDA:0,decimals
DA:9,0
DA:10,0
DA:14,0
LF:3
LH:0
BRF:0
BRH:0
end_of_record
TN:
SF:/Users/michaldedyk/Documents/Projects/GitHub_LLDEX/LLDEX/Quoter-Core/contracts/mintable_tokens/WONE.sol
FN:8,constructor
FN:13,decimals
FNF:2
FNH:0
FNDA:0,constructor
FNDA:0,decimals
DA:9,0
DA:10,0
DA:14,0
LF:3
LH:0
BRF:0
BRH:0
end_of_record
TN:
SF:/Users/michaldedyk/Documents/Projects/GitHub_LLDEX/LLDEX/Quoter-Core/contracts/Quoter/helpers/ERC1155Proxy.sol
FN:13,constructor
FN:29,func_733NCGU
FNF:2
FNH:1
FNDA:129,constructor
FNDA:0,func_733NCGU
DA:14,129
DA:30,0
LF:2
LH:1
BRDA:14,1,0,129
BRDA:14,1,1,0
BRDA:29,2,0,0
BRDA:29,2,1,0
BRF:4
BRH:1
end_of_record
TN:
SF:/Users/michaldedyk/Documents/Projects/GitHub_LLDEX/LLDEX/Quoter-Core/contracts/Quoter/helpers/ERC721Proxy.sol
FN:12,constructor
FN:27,func_602HzuS
FNF:2
FNH:2
FNDA:129,constructor
FNDA:2,func_602HzuS
DA:13,129
DA:28,2
LF:2
LH:2
BRDA:13,1,0,129
BRDA:13,1,1,0
BRDA:27,2,0,2
BRDA:27,2,1,0
BRF:4
BRH:2
end_of_record
TN:
SF:/Users/michaldedyk/Documents/Projects/GitHub_LLDEX/LLDEX/Quoter-Core/contracts/Quoter/helpers/FullMath.sol
FN:17,mulDiv
FNF:1
FNH:1
FNDA:5,mulDiv
DA:27,5
DA:28,5
DA:29,5
DA:36,5
DA:37,5
DA:38,5
DA:41,5
DA:46,0
DA:54,0
DA:55,0
DA:59,0
DA:67,0
LF:12
LH:7
BRDA:36,1,0,5
BRDA:36,1,1,0
BRDA:37,2,0,5
BRDA:37,2,1,0
BRDA:46,3,0,0
BRDA:46,3,1,0
BRF:6
BRH:2
end_of_record
TN:
SF:/Users/michaldedyk/Documents/Projects/GitHub_LLDEX/LLDEX/Quoter-Core/contracts/Quoter/helpers/ImmutableOwner.sol
FN:9,onlyImmutableOwner
FN:14,constructor
FNF:2
FNH:2
FNDA:2,onlyImmutableOwner
FNDA:129,constructor
DA:10,2
DA:11,2
DA:15,129
LF:3
LH:3
BRDA:10,1,0,2
BRDA:10,1,1,0
BRF:2
BRH:1
end_of_record
TN:
SF:/Users/michaldedyk/Documents/Projects/GitHub_LLDEX/LLDEX/Quoter-Core/contracts/Quoter/helpers/MutableOwner.sol
FN:14,onlyOwner
FN:19,constructor
FN:23,_mutateOwner
FN:30,mutableOwner
FNF:4
FNH:4
FNDA:44,onlyOwner
FNDA:182,constructor
FNDA:2,_mutateOwner
FNDA:16,mutableOwner
DA:15,44
DA:16,32
DA:20,182
DA:24,2
DA:25,2
DA:27,2
DA:31,16
LF:7
LH:7
BRDA:15,1,0,32
BRDA:15,1,1,12
BRDA:23,2,0,2
BRDA:23,2,1,0
BRF:4
BRH:3
end_of_record
TN:
SF:/Users/michaldedyk/Documents/Projects/GitHub_LLDEX/LLDEX/Quoter-Core/contracts/Quoter/helpers/SplitBonus.sol
FN:16,constructor
FN:25,_calculateBonus
FN:30,getSplitBonus
FN:34,getSplitScale
FN:38,_setSplitBonus
FNF:5
FNH:5
FNDA:194,constructor
FNDA:5,_calculateBonus
FNDA:20,getSplitBonus
FNDA:1,getSplitScale
FNDA:6,_setSplitBonus
DA:17,194
DA:18,194
DA:19,194
DA:21,192
DA:22,192
DA:26,5
DA:27,5
DA:31,20
DA:35,1
DA:39,6
DA:41,4
LF:11
LH:11
BRDA:17,1,0,194
BRDA:17,1,1,0
BRDA:18,2,0,194
BRDA:18,2,1,0
BRDA:19,3,0,192
BRDA:19,3,1,2
BRDA:39,4,0,4
BRDA:39,4,1,2
BRF:8
BRH:6
end_of_record
TN:
SF:/Users/michaldedyk/Documents/Projects/GitHub_LLDEX/LLDEX/Quoter-Core/contracts/Quoter/interfaces/AggregatorV3Interface.sol
FNF:0
FNH:0
LF:0
LH:0
BRF:0
BRH:0
end_of_record
TN:
SF:/Users/michaldedyk/Documents/Projects/GitHub_LLDEX/LLDEX/Quoter-Core/contracts/Quoter/interfaces/IBalanceAccessor.sol
FNF:0
FNH:0
LF:0
LH:0
BRF:0
BRH:0
end_of_record
TN:
SF:/Users/michaldedyk/Documents/Projects/GitHub_LLDEX/LLDEX/Quoter-Core/contracts/Quoter/interfaces/IPenaltyManager.sol
FNF:0
FNH:0
LF:0
LH:0
BRF:0
BRH:0
end_of_record
TN:
SF:/Users/michaldedyk/Documents/Projects/GitHub_LLDEX/LLDEX/Quoter-Core/contracts/Quoter/interfaces/IPeripheryCallback.sol
FNF:0
FNH:0
LF:0
LH:0
BRF:0
BRH:0
end_of_record
TN:
SF:/Users/michaldedyk/Documents/Projects/GitHub_LLDEX/LLDEX/Quoter-Core/contracts/Quoter/interfaces/IRFQOrder.sol
FNF:0
FNH:0
LF:0
LH:0
BRF:0
BRH:0
end_of_record
TN:
SF:/Users/michaldedyk/Documents/Projects/GitHub_LLDEX/LLDEX/Quoter-Core/contracts/Quoter/interfaces/ITradingSession.sol
FNF:0
FNH:0
LF:0
LH:0
BRF:0
BRH:0
end_of_record
TN:
SF:/Users/michaldedyk/Documents/Projects/GitHub_LLDEX/LLDEX/Quoter-Core/contracts/Quoter/libraries/ArgumentsDecoder.sol
FN:6,decodeSelector
FN:13,decodeAddress
FN:24,decodeUint256
FN:35,patchAddress
FN:46,patchUint256
FNF:5
FNH:5
FNDA:64,decodeSelector
FNDA:205,decodeAddress
FNDA:76,decodeUint256
FNDA:22,patchAddress
FNDA:42,patchUint256
DA:7,64
DA:18,205
DA:29,76
DA:40,22
DA:51,42
LF:5
LH:5
BRF:0
BRH:0
end_of_record
TN:
SF:/Users/michaldedyk/Documents/Projects/GitHub_LLDEX/LLDEX/Quoter-Core/contracts/Quoter/libraries/UncheckedAddress.sol
FN:6,uncheckedFunctionCall
FN:14,uncheckedFunctionCallWithValue
FN:30,_verifyCallResult
FNF:3
FNH:3
FNDA:42,uncheckedFunctionCall
FNDA:42,uncheckedFunctionCallWithValue
FNDA:42,_verifyCallResult
DA:11,42
DA:20,42
DA:25,42
DA:26,42
DA:35,42
DA:36,36
DA:39,6
DA:43,2
DA:47,4
LF:9
LH:9
BRDA:20,1,0,42
BRDA:20,1,1,0
BRDA:35,2,0,36
BRDA:35,2,1,6
BRDA:39,3,0,2
BRDA:39,3,1,4
BRF:6
BRH:5
end_of_record
TN:
SF:/Users/michaldedyk/Documents/Projects/GitHub_LLDEX/LLDEX/Quoter-Core/contracts/Quoter/mocks/CallbackMock.sol
FN:17,constructor
FN:19,quoterPeripheryCallback
FNF:2
FNH:2
FNDA:1,constructor
FNDA:1,quoterPeripheryCallback
DA:33,1
DA:35,1
LF:2
LH:2
BRF:0
BRH:0
end_of_record
TN:
SF:/Users/michaldedyk/Documents/Projects/GitHub_LLDEX/LLDEX/Quoter-Core/contracts/Quoter/mocks/SplitBonusMock.sol
FN:9,constructor
FN:11,setSplitBonus
FNF:2
FNH:2
FNDA:5,constructor
FNDA:3,setSplitBonus
DA:14,3
LF:1
LH:1
BRF:0
BRH:0
end_of_record
TN:
SF:/Users/michaldedyk/Documents/Projects/GitHub_LLDEX/LLDEX/Quoter-Core/contracts/Quoter/mocks/TokenMock.sol
FN:10,constructor
FN:12,mint
FN:16,getChainId
FNF:3
FNH:3
FNDA:438,constructor
FNDA:874,mint
FNDA:129,getChainId
DA:13,874
DA:17,129
LF:2
LH:2
BRDA:12,1,0,874
BRDA:12,1,1,0
BRF:2
BRH:1
end_of_record
TN:
SF:/Users/michaldedyk/Documents/Projects/GitHub_LLDEX/LLDEX/Quoter-Core/contracts/Quoter/periphery/interfaces/ILendingPool.sol
FNF:0
FNH:0
LF:0
LH:0
BRF:0
BRH:0
end_of_record
TN:
SF:/Users/michaldedyk/Documents/Projects/GitHub_LLDEX/LLDEX/Quoter-Core/contracts/Quoter/periphery/interfaces/ILendingPoolAddressesProvider.sol
FNF:0
FNH:0
LF:0
LH:0
BRF:0
BRH:0
end_of_record
TN:
SF:/Users/michaldedyk/Documents/Projects/GitHub_LLDEX/LLDEX/Quoter-Core/contracts/Quoter/periphery/interfaces/IProtocolDataProvider.sol
FNF:0
FNH:0
LF:0
LH:0
BRF:0
BRH:0
end_of_record
TN:
SF:/Users/michaldedyk/Documents/Projects/GitHub_LLDEX/LLDEX/Quoter-Core/contracts/Quoter/periphery/libraries/DataTypes.sol
FNF:0
FNH:0
LF:0
LH:0
BRF:0
BRH:0
end_of_record
TN:
SF:/Users/michaldedyk/Documents/Projects/GitHub_LLDEX/LLDEX/Quoter-Core/contracts/Quoter/QuoterPenaltyManager.sol
FN:32,collectorOnly
FN:42,constructor
FN:48,depositToken
FN:59,withdrawToken
FN:69,withdrawTokenTo
FN:81,transferTo
FN:106,issuePenalty
FN:125,issuePenaltySplit
FN:152,addCollector
FN:158,removeCollector
FN:164,isCollector
FN:168,balanceOf
FN:175,transferOwnership
FN:189,setSplitBonus
FN:194,_validateTo
FN:200,_validateSR
FN:206,_validateAddress
FN:211,_withdrawTransferTo
FNF:18
FNH:18
FNDA:30,collectorOnly
FNDA:53,constructor
FNDA:23,depositToken
FNDA:6,withdrawToken
FNDA:6,withdrawTokenTo
FNDA:12,transferTo
FNDA:10,issuePenalty
FNDA:16,issuePenaltySplit
FNDA:22,addCollector
FNDA:3,removeCollector
FNDA:11,isCollector
FNDA:24,balanceOf
FNDA:1,transferOwnership
FNDA:1,setSplitBonus
FNDA:39,_validateTo
FNDA:10,_validateSR
FNDA:12,_validateAddress
FNDA:12,_withdrawTransferTo
DA:33,30
DA:35,26
DA:43,53
DA:45,53
DA:49,23
DA:51,21
DA:52,15
DA:54,15
DA:56,15
DA:60,6
DA:62,2
DA:63,2
DA:72,6
DA:74,2
DA:75,2
DA:84,12
DA:86,6
DA:87,4
DA:89,2
DA:90,2
DA:92,2
DA:99,2
DA:109,10
DA:111,4
DA:112,4
DA:114,2
DA:115,2
DA:117,2
DA:118,2
DA:128,16
DA:129,10
DA:131,4
DA:132,4
DA:133,4
DA:135,2
DA:136,2
DA:137,2
DA:139,2
DA:140,2
DA:142,2
DA:144,0
DA:146,0
DA:149,2
DA:153,22
DA:155,20
DA:159,3
DA:161,1
DA:165,11
DA:169,24
DA:178,1
DA:180,1
DA:181,1
DA:183,1
DA:184,1
DA:191,1
DA:195,39
DA:196,33
DA:197,27
DA:201,10
DA:202,8
DA:203,6
DA:207,12
DA:208,10
DA:212,12
DA:214,8
DA:215,6
DA:217,4
DA:218,4
LF:68
LH:66
BRDA:33,1,0,26
BRDA:33,1,1,4
BRDA:43,2,0,53
BRDA:43,2,1,0
BRDA:48,3,0,23
BRDA:48,3,1,0
BRDA:49,4,0,21
BRDA:49,4,1,2
BRDA:59,5,0,6
BRDA:59,5,1,0
BRDA:69,6,0,6
BRDA:69,6,1,0
BRDA:81,7,0,12
BRDA:81,7,1,0
BRDA:86,8,0,4
BRDA:86,8,1,2
BRDA:87,9,0,2
BRDA:87,9,1,2
BRDA:105,10,0,12
BRDA:105,10,1,0
BRDA:106,11,0,10
BRDA:106,11,1,2
BRDA:111,12,0,4
BRDA:111,12,1,0
BRDA:112,13,0,2
BRDA:112,13,1,2
BRDA:124,14,0,18
BRDA:124,14,1,0
BRDA:125,15,0,16
BRDA:125,15,1,2
BRDA:131,16,0,4
BRDA:131,16,1,0
BRDA:132,17,0,4
BRDA:132,17,1,0
BRDA:133,18,0,2
BRDA:133,18,1,2
BRDA:136,19,0,2
BRDA:136,19,1,0
BRDA:152,20,0,22
BRDA:152,20,1,2
BRDA:153,21,0,20
BRDA:153,21,1,2
BRDA:158,22,0,3
BRDA:158,22,1,2
BRDA:159,23,0,1
BRDA:159,23,1,2
BRDA:175,24,0,1
BRDA:175,24,1,2
BRDA:189,25,0,1
BRDA:189,25,1,2
BRDA:195,26,0,33
BRDA:195,26,1,6
BRDA:196,27,0,27
BRDA:196,27,1,6
BRDA:197,28,0,21
BRDA:197,28,1,6
BRDA:201,29,0,8
BRDA:201,29,1,2
BRDA:202,30,0,6
BRDA:202,30,1,2
BRDA:203,31,0,4
BRDA:203,31,1,2
BRDA:207,32,0,10
BRDA:207,32,1,2
BRDA:208,33,0,8
BRDA:208,33,1,2
BRDA:214,34,0,6
BRDA:214,34,1,2
BRDA:215,35,0,4
BRDA:215,35,1,2
BRF:70
BRH:59
end_of_record
TN:
SF:/Users/michaldedyk/Documents/Projects/GitHub_LLDEX/LLDEX/Quoter-Core/contracts/Quoter/QuoterProtocol.sol
FN:51,makerSessionNotExpired
FN:84,constructor
FN:89,DOMAIN_SEPARATOR
FN:95,transferOwnership
FN:105,setReferralBonus
FN:110,_validateTo
FN:118,invalidatorForOrderRFQ
FN:126,cancelOrderRFQ
FN:138,fillOrderRFQ
FN:156,fillOrderRFQCallPeriphery
FN:171,fillOrderRFQToWithCallback
FN:217,fillOrderRFQTo
FN:245,_validateRFQOrder
FN:306,_finishRFQOrder
FN:330,createOrUpdateSession
FN:362,endSession
FN:375,sessionExpirationTime
FN:384,session
FN:403,_validateSessionKey
FN:409,_hash
FN:428,_validate
FN:469,_callTakerAssetTransferFrom
FN:512,_callMakerAssetTransferFrom
FN:545,_updateSessionTransactions
FN:559,_withdrawFee
FN:610,depositToken
FN:628,withdrawToken
FN:645,balance
FNF:28
FNH:28
FNDA:50,makerSessionNotExpired
FNDA:129,constructor
FNDA:1,DOMAIN_SEPARATOR
FNDA:1,transferOwnership
FNDA:2,setReferralBonus
FNDA:1,_validateTo
FNDA:2,invalidatorForOrderRFQ
FNDA:3,cancelOrderRFQ
FNDA:41,fillOrderRFQ
FNDA:5,fillOrderRFQCallPeriphery
FNDA:1,fillOrderRFQToWithCallback
FNDA:41,fillOrderRFQTo
FNDA:42,_validateRFQOrder
FNDA:16,_finishRFQOrder
FNDA:91,createOrUpdateSession
FNDA:8,endSession
FNDA:9,sessionExpirationTime
FNDA:7,session
FNDA:99,_validateSessionKey
FNDA:32,_hash
FNDA:32,_validate
FNDA:24,_callTakerAssetTransferFrom
FNDA:20,_callMakerAssetTransferFrom
FNDA:14,_updateSessionTransactions
FNDA:7,_withdrawFee
FNDA:20,depositToken
FNDA:10,withdrawToken
FNDA:30,balance
DA:53,50
DA:54,50
DA:59,46
DA:90,1
DA:98,1
DA:99,1
DA:100,1
DA:107,2
DA:111,1
DA:112,1
DA:113,1
DA:123,2
DA:127,3
DA:141,41
DA:143,41
DA:160,5
DA:162,3
DA:164,1
DA:168,1
DA:179,1
DA:182,1
DA:190,1
DA:193,1
DA:201,1
DA:208,1
DA:214,1
DA:223,41
DA:226,23
DA:234,19
DA:240,15
DA:242,13
DA:251,42
DA:252,42
DA:254,40
DA:257,40
DA:258,40
DA:259,40
DA:260,40
DA:261,40
DA:262,38
DA:266,38
DA:267,38
DA:269,38
DA:274,36
DA:276,1
DA:277,1
DA:287,33
DA:291,2
DA:294,34
DA:299,34
DA:302,32
DA:303,32
DA:311,16
DA:313,7
DA:322,14
DA:324,14
DA:333,91
DA:334,85
DA:337,83
DA:338,4
DA:341,4
DA:342,1
DA:345,4
DA:347,4
DA:349,79
DA:356,79
DA:359,79
DA:363,8
DA:364,8
DA:365,6
DA:370,4
DA:372,4
DA:381,9
DA:395,7
DA:404,99
DA:405,97
DA:406,95
DA:410,32
DA:434,32
DA:435,32
DA:436,32
DA:437,32
DA:438,32
DA:442,30
DA:447,28
DA:448,28
DA:451,25
DA:462,3
DA:476,24
DA:478,24
DA:479,24
DA:485,22
DA:486,22
DA:494,22
DA:496,22
DA:503,22
DA:507,20
DA:508,19
DA:517,20
DA:519,20
DA:520,20
DA:527,20
DA:529,20
DA:536,20
DA:540,16
DA:541,15
DA:549,14
DA:550,14
DA:552,14
DA:553,14
DA:555,14
DA:556,14
DA:566,7
DA:567,7
DA:568,7
DA:569,7
DA:574,5
DA:575,5
DA:576,4
DA:577,3
DA:579,3
DA:580,3
DA:582,1
DA:585,4
DA:595,1
DA:597,1
DA:613,20
DA:614,18
DA:615,16
DA:617,14
DA:618,14
DA:619,10
DA:621,10
DA:622,10
DA:631,10
DA:632,8
DA:633,6
DA:634,4
DA:636,2
DA:637,2
DA:639,2
DA:641,2
DA:642,2
DA:646,30
LF:144
LH:144
BRDA:54,1,0,46
BRDA:54,1,1,4
BRDA:95,2,0,1
BRDA:95,2,1,2
BRDA:105,3,0,2
BRDA:105,3,1,2
BRDA:111,4,0,1
BRDA:111,4,1,0
BRDA:112,5,0,1
BRDA:112,5,1,0
BRDA:113,6,0,1
BRDA:113,6,1,0
BRDA:138,7,0,41
BRDA:138,7,1,4
BRDA:156,8,0,5
BRDA:156,8,1,0
BRDA:160,9,0,3
BRDA:160,9,1,2
BRDA:162,10,0,1
BRDA:162,10,1,2
BRDA:252,11,0,40
BRDA:252,11,1,2
BRDA:252,12,0,0
BRDA:252,12,1,40
BRDA:261,13,0,38
BRDA:261,13,1,2
BRDA:269,14,0,36
BRDA:269,14,1,2
BRDA:274,15,0,1
BRDA:274,15,1,35
BRDA:278,16,0,0
BRDA:278,16,1,35
BRDA:286,17,0,33
BRDA:286,17,1,2
BRDA:294,18,0,34
BRDA:294,18,1,0
BRDA:299,19,0,32
BRDA:299,19,1,2
BRDA:311,20,0,7
BRDA:311,20,1,9
BRDA:330,21,0,91
BRDA:330,21,1,0
BRDA:334,22,0,83
BRDA:334,22,1,2
BRDA:337,23,0,4
BRDA:337,23,1,79
BRDA:341,24,0,1
BRDA:341,24,1,3
BRDA:362,25,0,8
BRDA:362,25,1,0
BRDA:364,26,0,6
BRDA:364,26,1,2
BRDA:365,27,0,4
BRDA:365,27,1,2
BRDA:404,28,0,97
BRDA:404,28,1,2
BRDA:405,29,0,95
BRDA:405,29,1,2
BRDA:406,30,0,93
BRDA:406,30,1,2
BRDA:434,31,0,32
BRDA:434,31,1,0
BRDA:435,32,0,32
BRDA:435,32,1,0
BRDA:438,33,0,30
BRDA:438,33,1,2
BRDA:442,34,0,28
BRDA:442,34,1,2
BRDA:448,35,0,25
BRDA:448,35,1,3
BRDA:451,36,0,23
BRDA:451,36,1,2
BRDA:462,37,0,1
BRDA:462,37,1,2
BRDA:478,38,0,24
BRDA:478,38,1,0
BRDA:479,39,0,22
BRDA:479,39,1,2
BRDA:485,40,0,22
BRDA:485,40,1,0
BRDA:496,41,0,22
BRDA:496,41,1,0
BRDA:507,42,0,19
BRDA:507,42,1,1
BRDA:508,43,0,19
BRDA:508,43,1,0
BRDA:519,44,0,20
BRDA:519,44,1,0
BRDA:520,45,0,20
BRDA:520,45,1,0
BRDA:529,46,0,20
BRDA:529,46,1,0
BRDA:540,47,0,15
BRDA:540,47,1,1
BRDA:541,48,0,15
BRDA:541,48,1,0
BRDA:550,49,0,14
BRDA:550,49,1,0
BRDA:553,50,0,14
BRDA:553,50,1,0
BRDA:566,51,0,7
BRDA:566,51,1,0
BRDA:567,52,0,7
BRDA:567,52,1,0
BRDA:568,53,0,7
BRDA:568,53,1,0
BRDA:569,54,0,5
BRDA:569,54,1,2
BRDA:575,55,0,4
BRDA:575,55,1,1
BRDA:576,56,0,3
BRDA:576,56,1,1
BRDA:610,57,0,20
BRDA:610,57,1,0
BRDA:613,58,0,18
BRDA:613,58,1,2
BRDA:614,59,0,16
BRDA:614,59,1,2
BRDA:615,60,0,14
BRDA:615,60,1,2
BRDA:628,61,0,10
BRDA:628,61,1,0
BRDA:631,62,0,8
BRDA:631,62,1,2
BRDA:632,63,0,6
BRDA:632,63,1,2
BRDA:633,64,0,4
BRDA:633,64,1,2
BRDA:634,65,0,2
BRDA:634,65,1,2
BRF:130
BRH:104
end_of_record
