TN:
SF:/Users/michaldedyk/Documents/Projects/GitHub_LLDEX/LLDEX/Quoter-Core/contracts/mintable_tokens/QTRToken.sol
FN:8,constructor
FN:13,decimals
FNF:2
FNH:0
FNDA:0,constructor
FNDA:0,decimals
DA:9,0
DA:10,0
DA:14,0
LF:3
LH:0
BRF:0
BRH:0
end_of_record
TN:
SF:/Users/michaldedyk/Documents/Projects/GitHub_LLDEX/LLDEX/Quoter-Core/contracts/mintable_tokens/USDT.sol
FN:8,constructor
FN:13,decimals
FNF:2
FNH:0
FNDA:0,constructor
FNDA:0,decimals
DA:9,0
DA:10,0
DA:14,0
LF:3
LH:0
BRF:0
BRH:0
end_of_record
TN:
SF:/Users/michaldedyk/Documents/Projects/GitHub_LLDEX/LLDEX/Quoter-Core/contracts/mintable_tokens/WBNB.sol
FN:8,constructor
FN:13,decimals
FNF:2
FNH:0
FNDA:0,constructor
FNDA:0,decimals
DA:9,0
DA:10,0
DA:14,0
LF:3
LH:0
BRF:0
BRH:0
end_of_record
TN:
SF:/Users/michaldedyk/Documents/Projects/GitHub_LLDEX/LLDEX/Quoter-Core/contracts/mintable_tokens/WBTC.sol
FN:8,constructor
FN:13,decimals
FNF:2
FNH:0
FNDA:0,constructor
FNDA:0,decimals
DA:9,0
DA:10,0
DA:14,0
LF:3
LH:0
BRF:0
BRH:0
end_of_record
TN:
SF:/Users/michaldedyk/Documents/Projects/GitHub_LLDEX/LLDEX/Quoter-Core/contracts/mintable_tokens/WETH.sol
FN:8,constructor
FN:13,decimals
FNF:2
FNH:0
FNDA:0,constructor
FNDA:0,decimals
DA:9,0
DA:10,0
DA:14,0
LF:3
LH:0
BRF:0
BRH:0
end_of_record
TN:
SF:/Users/michaldedyk/Documents/Projects/GitHub_LLDEX/LLDEX/Quoter-Core/contracts/mintable_tokens/WONE.sol
FN:8,constructor
FN:13,decimals
FNF:2
FNH:0
FNDA:0,constructor
FNDA:0,decimals
DA:9,0
DA:10,0
DA:14,0
LF:3
LH:0
BRF:0
BRH:0
end_of_record
TN:
SF:/Users/michaldedyk/Documents/Projects/GitHub_LLDEX/LLDEX/Quoter-Core/contracts/Quoter/helpers/ERC1155Proxy.sol
FN:13,constructor
FN:29,func_733NCGU
FNF:2
FNH:1
FNDA:127,constructor
FNDA:0,func_733NCGU
DA:14,127
DA:30,0
LF:2
LH:1
BRDA:14,1,0,127
BRDA:14,1,1,0
BRDA:29,2,0,0
BRDA:29,2,1,0
BRF:4
BRH:1
end_of_record
TN:
SF:/Users/michaldedyk/Documents/Projects/GitHub_LLDEX/LLDEX/Quoter-Core/contracts/Quoter/helpers/ERC721Proxy.sol
FN:12,constructor
FN:27,func_602HzuS
FNF:2
FNH:2
FNDA:127,constructor
FNDA:2,func_602HzuS
DA:13,127
DA:28,2
LF:2
LH:2
BRDA:13,1,0,127
BRDA:13,1,1,0
BRDA:27,2,0,2
BRDA:27,2,1,0
BRF:4
BRH:2
end_of_record
TN:
SF:/Users/michaldedyk/Documents/Projects/GitHub_LLDEX/LLDEX/Quoter-Core/contracts/Quoter/helpers/FullMath.sol
FN:17,mulDiv
FNF:1
FNH:1
FNDA:5,mulDiv
DA:27,5
DA:28,5
DA:29,5
DA:36,5
DA:37,5
DA:38,5
DA:41,5
DA:46,0
DA:54,0
DA:55,0
DA:59,0
DA:67,0
LF:12
LH:7
BRDA:36,1,0,5
BRDA:36,1,1,0
BRDA:37,2,0,5
BRDA:37,2,1,0
BRDA:46,3,0,0
BRDA:46,3,1,0
BRF:6
BRH:2
end_of_record
TN:
SF:/Users/michaldedyk/Documents/Projects/GitHub_LLDEX/LLDEX/Quoter-Core/contracts/Quoter/helpers/ImmutableOwner.sol
FN:9,onlyImmutableOwner
FN:14,constructor
FNF:2
FNH:2
FNDA:2,onlyImmutableOwner
FNDA:127,constructor
DA:10,2
DA:11,2
DA:15,127
LF:3
LH:3
BRDA:10,1,0,2
BRDA:10,1,1,0
BRF:2
BRH:1
end_of_record
TN:
SF:/Users/michaldedyk/Documents/Projects/GitHub_LLDEX/LLDEX/Quoter-Core/contracts/Quoter/helpers/MutableOwner.sol
FN:14,onlyOwner
FN:19,constructor
FN:23,_mutateOwner
FN:30,mutableOwner
FNF:4
FNH:4
FNDA:44,onlyOwner
FNDA:179,constructor
FNDA:2,_mutateOwner
FNDA:14,mutableOwner
DA:15,44
DA:16,32
DA:20,179
DA:24,2
DA:25,2
DA:27,2
DA:31,14
LF:7
LH:7
BRDA:15,1,0,32
BRDA:15,1,1,12
BRDA:23,2,0,2
BRDA:23,2,1,0
BRF:4
BRH:3
end_of_record
TN:
SF:/Users/michaldedyk/Documents/Projects/GitHub_LLDEX/LLDEX/Quoter-Core/contracts/Quoter/helpers/SplitBonus.sol
FN:16,constructor
FN:25,_calculateBonus
FN:30,getSplitBonus
FN:34,getSplitScale
FN:38,_setSplitBonus
FNF:5
FNH:5
FNDA:191,constructor
FNDA:5,_calculateBonus
FNDA:20,getSplitBonus
FNDA:1,getSplitScale
FNDA:6,_setSplitBonus
DA:17,191
DA:18,191
DA:19,191
DA:21,189
DA:22,189
DA:26,5
DA:27,5
DA:31,20
DA:35,1
DA:39,6
DA:41,4
LF:11
LH:11
BRDA:17,1,0,191
BRDA:17,1,1,0
BRDA:18,2,0,191
BRDA:18,2,1,0
BRDA:19,3,0,189
BRDA:19,3,1,2
BRDA:39,4,0,4
BRDA:39,4,1,2
BRF:8
BRH:6
end_of_record
TN:
SF:/Users/michaldedyk/Documents/Projects/GitHub_LLDEX/LLDEX/Quoter-Core/contracts/Quoter/interfaces/AggregatorV3Interface.sol
FNF:0
FNH:0
LF:0
LH:0
BRF:0
BRH:0
end_of_record
TN:
SF:/Users/michaldedyk/Documents/Projects/GitHub_LLDEX/LLDEX/Quoter-Core/contracts/Quoter/interfaces/IBalanceAccessor.sol
FNF:0
FNH:0
LF:0
LH:0
BRF:0
BRH:0
end_of_record
TN:
SF:/Users/michaldedyk/Documents/Projects/GitHub_LLDEX/LLDEX/Quoter-Core/contracts/Quoter/interfaces/IPenaltyManager.sol
FNF:0
FNH:0
LF:0
LH:0
BRF:0
BRH:0
end_of_record
TN:
SF:/Users/michaldedyk/Documents/Projects/GitHub_LLDEX/LLDEX/Quoter-Core/contracts/Quoter/interfaces/IPeripheryCallback.sol
FNF:0
FNH:0
LF:0
LH:0
BRF:0
BRH:0
end_of_record
TN:
SF:/Users/michaldedyk/Documents/Projects/GitHub_LLDEX/LLDEX/Quoter-Core/contracts/Quoter/interfaces/IRFQOrder.sol
FNF:0
FNH:0
LF:0
LH:0
BRF:0
BRH:0
end_of_record
TN:
SF:/Users/michaldedyk/Documents/Projects/GitHub_LLDEX/LLDEX/Quoter-Core/contracts/Quoter/interfaces/ITradingSession.sol
FNF:0
FNH:0
LF:0
LH:0
BRF:0
BRH:0
end_of_record
TN:
SF:/Users/michaldedyk/Documents/Projects/GitHub_LLDEX/LLDEX/Quoter-Core/contracts/Quoter/libraries/ArgumentsDecoder.sol
FN:6,decodeSelector
FN:13,decodeAddress
FN:24,decodeUint256
FN:35,patchAddress
FN:46,patchUint256
FNF:5
FNH:5
FNDA:64,decodeSelector
FNDA:205,decodeAddress
FNDA:76,decodeUint256
FNDA:22,patchAddress
FNDA:42,patchUint256
DA:7,64
DA:18,205
DA:29,76
DA:40,22
DA:51,42
LF:5
LH:5
BRF:0
BRH:0
end_of_record
TN:
SF:/Users/michaldedyk/Documents/Projects/GitHub_LLDEX/LLDEX/Quoter-Core/contracts/Quoter/libraries/UncheckedAddress.sol
FN:6,uncheckedFunctionCall
FN:14,uncheckedFunctionCallWithValue
FN:30,_verifyCallResult
FNF:3
FNH:3
FNDA:42,uncheckedFunctionCall
FNDA:42,uncheckedFunctionCallWithValue
FNDA:42,_verifyCallResult
DA:11,42
DA:20,42
DA:25,42
DA:26,42
DA:35,42
DA:36,36
DA:39,6
DA:43,2
DA:47,4
LF:9
LH:9
BRDA:20,1,0,42
BRDA:20,1,1,0
BRDA:35,2,0,36
BRDA:35,2,1,6
BRDA:39,3,0,2
BRDA:39,3,1,4
BRF:6
BRH:5
end_of_record
TN:
SF:/Users/michaldedyk/Documents/Projects/GitHub_LLDEX/LLDEX/Quoter-Core/contracts/Quoter/mocks/CallbackMock.sol
FN:17,constructor
FN:19,quoterPeripheryCallback
FNF:2
FNH:2
FNDA:1,constructor
FNDA:1,quoterPeripheryCallback
DA:33,1
DA:35,1
LF:2
LH:2
BRF:0
BRH:0
end_of_record
TN:
SF:/Users/michaldedyk/Documents/Projects/GitHub_LLDEX/LLDEX/Quoter-Core/contracts/Quoter/mocks/SplitBonusMock.sol
FN:9,constructor
FN:11,setSplitBonus
FNF:2
FNH:2
FNDA:5,constructor
FNDA:3,setSplitBonus
DA:14,3
LF:1
LH:1
BRF:0
BRH:0
end_of_record
TN:
SF:/Users/michaldedyk/Documents/Projects/GitHub_LLDEX/LLDEX/Quoter-Core/contracts/Quoter/mocks/TokenMock.sol
FN:10,constructor
FN:12,mint
FN:16,getChainId
FNF:3
FNH:3
FNDA:431,constructor
FNDA:860,mint
FNDA:127,getChainId
DA:13,860
DA:17,127
LF:2
LH:2
BRDA:12,1,0,860
BRDA:12,1,1,0
BRF:2
BRH:1
end_of_record
TN:
SF:/Users/michaldedyk/Documents/Projects/GitHub_LLDEX/LLDEX/Quoter-Core/contracts/Quoter/periphery/interfaces/ILendingPool.sol
FNF:0
FNH:0
LF:0
LH:0
BRF:0
BRH:0
end_of_record
TN:
SF:/Users/michaldedyk/Documents/Projects/GitHub_LLDEX/LLDEX/Quoter-Core/contracts/Quoter/periphery/interfaces/ILendingPoolAddressesProvider.sol
FNF:0
FNH:0
LF:0
LH:0
BRF:0
BRH:0
end_of_record
TN:
SF:/Users/michaldedyk/Documents/Projects/GitHub_LLDEX/LLDEX/Quoter-Core/contracts/Quoter/periphery/interfaces/IProtocolDataProvider.sol
FNF:0
FNH:0
LF:0
LH:0
BRF:0
BRH:0
end_of_record
TN:
SF:/Users/michaldedyk/Documents/Projects/GitHub_LLDEX/LLDEX/Quoter-Core/contracts/Quoter/periphery/libraries/DataTypes.sol
FNF:0
FNH:0
LF:0
LH:0
BRF:0
BRH:0
end_of_record
TN:
SF:/Users/michaldedyk/Documents/Projects/GitHub_LLDEX/LLDEX/Quoter-Core/contracts/Quoter/QuoterPenaltyManager.sol
FN:32,collectorOnly
FN:38,constructor
FN:44,depositToken
FN:55,withdrawToken
FN:65,withdrawTokenTo
FN:77,transferTo
FN:102,issuePenalty
FN:121,issuePenaltySplit
FN:148,addCollector
FN:154,removeCollector
FN:160,isCollector
FN:164,balanceOf
FN:171,transferOwnership
FN:185,setSplitBonus
FN:190,_validateTo
FN:196,_validateSR
FN:202,_validateAddress
FN:207,_withdrawTransferTo
FNF:18
FNH:18
FNDA:30,collectorOnly
FNDA:52,constructor
FNDA:23,depositToken
FNDA:6,withdrawToken
FNDA:6,withdrawTokenTo
FNDA:12,transferTo
FNDA:10,issuePenalty
FNDA:16,issuePenaltySplit
FNDA:22,addCollector
FNDA:3,removeCollector
FNDA:11,isCollector
FNDA:24,balanceOf
FNDA:1,transferOwnership
FNDA:1,setSplitBonus
FNDA:39,_validateTo
FNDA:10,_validateSR
FNDA:12,_validateAddress
FNDA:12,_withdrawTransferTo
DA:33,30
DA:35,26
DA:39,52
DA:41,52
DA:45,23
DA:47,21
DA:48,15
DA:50,15
DA:52,15
DA:56,6
DA:58,2
DA:59,2
DA:68,6
DA:70,2
DA:71,2
DA:80,12
DA:82,6
DA:83,4
DA:85,2
DA:86,2
DA:88,2
DA:95,2
DA:105,10
DA:107,4
DA:108,4
DA:110,2
DA:111,2
DA:113,2
DA:114,2
DA:124,16
DA:125,10
DA:127,4
DA:128,4
DA:129,4
DA:131,2
DA:132,2
DA:133,2
DA:135,2
DA:136,2
DA:138,2
DA:140,0
DA:142,0
DA:145,2
DA:149,22
DA:151,20
DA:155,3
DA:157,1
DA:161,11
DA:165,24
DA:174,1
DA:176,1
DA:177,1
DA:179,1
DA:180,1
DA:187,1
DA:191,39
DA:192,33
DA:193,27
DA:197,10
DA:198,8
DA:199,6
DA:203,12
DA:204,10
DA:208,12
DA:210,8
DA:211,6
DA:213,4
DA:214,4
LF:68
LH:66
BRDA:33,1,0,26
BRDA:33,1,1,4
BRDA:39,2,0,52
BRDA:39,2,1,0
BRDA:44,3,0,23
BRDA:44,3,1,0
BRDA:45,4,0,21
BRDA:45,4,1,2
BRDA:55,5,0,6
BRDA:55,5,1,0
BRDA:65,6,0,6
BRDA:65,6,1,0
BRDA:77,7,0,12
BRDA:77,7,1,0
BRDA:82,8,0,4
BRDA:82,8,1,2
BRDA:83,9,0,2
BRDA:83,9,1,2
BRDA:101,10,0,12
BRDA:101,10,1,0
BRDA:102,11,0,10
BRDA:102,11,1,2
BRDA:107,12,0,4
BRDA:107,12,1,0
BRDA:108,13,0,2
BRDA:108,13,1,2
BRDA:120,14,0,18
BRDA:120,14,1,0
BRDA:121,15,0,16
BRDA:121,15,1,2
BRDA:127,16,0,4
BRDA:127,16,1,0
BRDA:128,17,0,4
BRDA:128,17,1,0
BRDA:129,18,0,2
BRDA:129,18,1,2
BRDA:132,19,0,2
BRDA:132,19,1,0
BRDA:148,20,0,22
BRDA:148,20,1,2
BRDA:149,21,0,20
BRDA:149,21,1,2
BRDA:154,22,0,3
BRDA:154,22,1,2
BRDA:155,23,0,1
BRDA:155,23,1,2
BRDA:171,24,0,1
BRDA:171,24,1,2
BRDA:185,25,0,1
BRDA:185,25,1,2
BRDA:191,26,0,33
BRDA:191,26,1,6
BRDA:192,27,0,27
BRDA:192,27,1,6
BRDA:193,28,0,21
BRDA:193,28,1,6
BRDA:197,29,0,8
BRDA:197,29,1,2
BRDA:198,30,0,6
BRDA:198,30,1,2
BRDA:199,31,0,4
BRDA:199,31,1,2
BRDA:203,32,0,10
BRDA:203,32,1,2
BRDA:204,33,0,8
BRDA:204,33,1,2
BRDA:210,34,0,6
BRDA:210,34,1,2
BRDA:211,35,0,4
BRDA:211,35,1,2
BRF:70
BRH:59
end_of_record
TN:
SF:/Users/michaldedyk/Documents/Projects/GitHub_LLDEX/LLDEX/Quoter-Core/contracts/Quoter/QuoterProtocol.sol
FN:51,makerSessionNotExpired
FN:83,constructor
FN:88,DOMAIN_SEPARATOR
FN:94,transferOwnership
FN:104,setReferralBonus
FN:109,_validateTo
FN:117,invalidatorForOrderRFQ
FN:125,cancelOrderRFQ
FN:137,fillOrderRFQ
FN:155,fillOrderRFQCallPeriphery
FN:170,fillOrderRFQToWithCallback
FN:216,fillOrderRFQTo
FN:244,_validateRFQOrder
FN:305,_finishRFQOrder
FN:329,createOrUpdateSession
FN:361,endSession
FN:374,sessionExpirationTime
FN:383,session
FN:402,_validateSessionKey
FN:408,_hash
FN:427,_validate
FN:468,_callTakerAssetTransferFrom
FN:511,_callMakerAssetTransferFrom
FN:544,_updateSessionTransactions
FN:558,_withdrawFee
FN:609,depositToken
FN:627,withdrawToken
FN:644,balance
FNF:28
FNH:28
FNDA:50,makerSessionNotExpired
FNDA:127,constructor
FNDA:1,DOMAIN_SEPARATOR
FNDA:1,transferOwnership
FNDA:2,setReferralBonus
FNDA:1,_validateTo
FNDA:2,invalidatorForOrderRFQ
FNDA:3,cancelOrderRFQ
FNDA:41,fillOrderRFQ
FNDA:5,fillOrderRFQCallPeriphery
FNDA:1,fillOrderRFQToWithCallback
FNDA:41,fillOrderRFQTo
FNDA:42,_validateRFQOrder
FNDA:16,_finishRFQOrder
FNDA:91,createOrUpdateSession
FNDA:8,endSession
FNDA:9,sessionExpirationTime
FNDA:7,session
FNDA:99,_validateSessionKey
FNDA:32,_hash
FNDA:32,_validate
FNDA:24,_callTakerAssetTransferFrom
FNDA:20,_callMakerAssetTransferFrom
FNDA:14,_updateSessionTransactions
FNDA:7,_withdrawFee
FNDA:20,depositToken
FNDA:10,withdrawToken
FNDA:30,balance
DA:53,50
DA:54,50
DA:59,46
DA:89,1
DA:97,1
DA:98,1
DA:99,1
DA:106,2
DA:110,1
DA:111,1
DA:112,1
DA:122,2
DA:126,3
DA:140,41
DA:142,41
DA:159,5
DA:161,3
DA:163,1
DA:167,1
DA:178,1
DA:181,1
DA:189,1
DA:192,1
DA:200,1
DA:207,1
DA:213,1
DA:222,41
DA:225,23
DA:233,19
DA:239,15
DA:241,13
DA:250,42
DA:251,42
DA:253,40
DA:256,40
DA:257,40
DA:258,40
DA:259,40
DA:260,40
DA:261,38
DA:265,38
DA:266,38
DA:268,38
DA:273,36
DA:275,1
DA:276,1
DA:286,33
DA:290,2
DA:293,34
DA:298,34
DA:301,32
DA:302,32
DA:310,16
DA:312,7
DA:321,14
DA:323,14
DA:332,91
DA:333,85
DA:336,83
DA:337,4
DA:340,4
DA:341,1
DA:344,4
DA:346,4
DA:348,79
DA:355,79
DA:358,79
DA:362,8
DA:363,8
DA:364,6
DA:369,4
DA:371,4
DA:380,9
DA:394,7
DA:403,99
DA:404,97
DA:405,95
DA:409,32
DA:433,32
DA:434,32
DA:435,32
DA:436,32
DA:437,32
DA:441,30
DA:446,28
DA:447,28
DA:450,25
DA:461,3
DA:475,24
DA:477,24
DA:478,24
DA:484,22
DA:485,22
DA:493,22
DA:495,22
DA:502,22
DA:506,20
DA:507,19
DA:516,20
DA:518,20
DA:519,20
DA:526,20
DA:528,20
DA:535,20
DA:539,16
DA:540,15
DA:548,14
DA:549,14
DA:551,14
DA:552,14
DA:554,14
DA:555,14
DA:565,7
DA:566,7
DA:567,7
DA:568,7
DA:573,5
DA:574,5
DA:575,4
DA:576,3
DA:578,3
DA:579,3
DA:581,1
DA:584,4
DA:594,1
DA:596,1
DA:612,20
DA:613,18
DA:614,16
DA:616,14
DA:617,14
DA:618,10
DA:620,10
DA:621,10
DA:630,10
DA:631,8
DA:632,6
DA:633,4
DA:635,2
DA:636,2
DA:638,2
DA:640,2
DA:641,2
DA:645,30
LF:144
LH:144
BRDA:54,1,0,46
BRDA:54,1,1,4
BRDA:94,2,0,1
BRDA:94,2,1,2
BRDA:104,3,0,2
BRDA:104,3,1,2
BRDA:110,4,0,1
BRDA:110,4,1,0
BRDA:111,5,0,1
BRDA:111,5,1,0
BRDA:112,6,0,1
BRDA:112,6,1,0
BRDA:137,7,0,41
BRDA:137,7,1,4
BRDA:155,8,0,5
BRDA:155,8,1,0
BRDA:159,9,0,3
BRDA:159,9,1,2
BRDA:161,10,0,1
BRDA:161,10,1,2
BRDA:251,11,0,40
BRDA:251,11,1,2
BRDA:251,12,0,0
BRDA:251,12,1,40
BRDA:260,13,0,38
BRDA:260,13,1,2
BRDA:268,14,0,36
BRDA:268,14,1,2
BRDA:273,15,0,1
BRDA:273,15,1,35
BRDA:277,16,0,0
BRDA:277,16,1,35
BRDA:285,17,0,33
BRDA:285,17,1,2
BRDA:293,18,0,34
BRDA:293,18,1,0
BRDA:298,19,0,32
BRDA:298,19,1,2
BRDA:310,20,0,7
BRDA:310,20,1,9
BRDA:329,21,0,91
BRDA:329,21,1,0
BRDA:333,22,0,83
BRDA:333,22,1,2
BRDA:336,23,0,4
BRDA:336,23,1,79
BRDA:340,24,0,1
BRDA:340,24,1,3
BRDA:361,25,0,8
BRDA:361,25,1,0
BRDA:363,26,0,6
BRDA:363,26,1,2
BRDA:364,27,0,4
BRDA:364,27,1,2
BRDA:403,28,0,97
BRDA:403,28,1,2
BRDA:404,29,0,95
BRDA:404,29,1,2
BRDA:405,30,0,93
BRDA:405,30,1,2
BRDA:433,31,0,32
BRDA:433,31,1,0
BRDA:434,32,0,32
BRDA:434,32,1,0
BRDA:437,33,0,30
BRDA:437,33,1,2
BRDA:441,34,0,28
BRDA:441,34,1,2
BRDA:447,35,0,25
BRDA:447,35,1,3
BRDA:450,36,0,23
BRDA:450,36,1,2
BRDA:461,37,0,1
BRDA:461,37,1,2
BRDA:477,38,0,24
BRDA:477,38,1,0
BRDA:478,39,0,22
BRDA:478,39,1,2
BRDA:484,40,0,22
BRDA:484,40,1,0
BRDA:495,41,0,22
BRDA:495,41,1,0
BRDA:506,42,0,19
BRDA:506,42,1,1
BRDA:507,43,0,19
BRDA:507,43,1,0
BRDA:518,44,0,20
BRDA:518,44,1,0
BRDA:519,45,0,20
BRDA:519,45,1,0
BRDA:528,46,0,20
BRDA:528,46,1,0
BRDA:539,47,0,15
BRDA:539,47,1,1
BRDA:540,48,0,15
BRDA:540,48,1,0
BRDA:549,49,0,14
BRDA:549,49,1,0
BRDA:552,50,0,14
BRDA:552,50,1,0
BRDA:565,51,0,7
BRDA:565,51,1,0
BRDA:566,52,0,7
BRDA:566,52,1,0
BRDA:567,53,0,7
BRDA:567,53,1,0
BRDA:568,54,0,5
BRDA:568,54,1,2
BRDA:574,55,0,4
BRDA:574,55,1,1
BRDA:575,56,0,3
BRDA:575,56,1,1
BRDA:609,57,0,20
BRDA:609,57,1,0
BRDA:612,58,0,18
BRDA:612,58,1,2
BRDA:613,59,0,16
BRDA:613,59,1,2
BRDA:614,60,0,14
BRDA:614,60,1,2
BRDA:627,61,0,10
BRDA:627,61,1,0
BRDA:630,62,0,8
BRDA:630,62,1,2
BRDA:631,63,0,6
BRDA:631,63,1,2
BRDA:632,64,0,4
BRDA:632,64,1,2
BRDA:633,65,0,2
BRDA:633,65,1,2
BRF:130
BRH:104
end_of_record
