{
"contracts/LLDEX/helpers/ERC1155Proxy.sol":{"l":{"14":100,"30":0},"path":"/Users/michaldedyk/Documents/Projects/GitHub_LLDEX/LLDEX/LLDEX-Core/contracts/LLDEX/helpers/ERC1155Proxy.sol","s":{"1":100,"2":0},"b":{"1":[100,0],"2":[0,0]},"f":{"1":100,"2":0},"fnMap":{"1":{"name":"constructor","line":13,"loc":{"start":{"line":13,"column":4},"end":{"line":19,"column":4}}},"2":{"name":"func_733NCGU","line":29,"loc":{"start":{"line":22,"column":4},"end":{"line":31,"column":4}}}},"statementMap":{"1":{"start":{"line":14,"column":8},"end":{"line":14,"column":340}},"2":{"start":{"line":30,"column":8},"end":{"line":30,"column":62}}},"branchMap":{"1":{"line":14,"type":"if","locations":[{"start":{"line":14,"column":8},"end":{"line":14,"column":8}},{"start":{"line":14,"column":8},"end":{"line":14,"column":8}}]},"2":{"line":29,"type":"if","locations":[{"start":{"line":29,"column":15},"end":{"line":29,"column":15}},{"start":{"line":29,"column":15},"end":{"line":29,"column":15}}]}}},
"contracts/LLDEX/helpers/ERC721Proxy.sol":{"l":{"13":100,"28":2},"path":"/Users/michaldedyk/Documents/Projects/GitHub_LLDEX/LLDEX/LLDEX-Core/contracts/LLDEX/helpers/ERC721Proxy.sol","s":{"1":100,"2":2},"b":{"1":[100,0],"2":[2,0]},"f":{"1":100,"2":2},"fnMap":{"1":{"name":"constructor","line":12,"loc":{"start":{"line":12,"column":4},"end":{"line":17,"column":4}}},"2":{"name":"func_602HzuS","line":27,"loc":{"start":{"line":22,"column":4},"end":{"line":29,"column":4}}}},"statementMap":{"1":{"start":{"line":13,"column":8},"end":{"line":13,"column":336}},"2":{"start":{"line":28,"column":8},"end":{"line":28,"column":44}}},"branchMap":{"1":{"line":13,"type":"if","locations":[{"start":{"line":13,"column":8},"end":{"line":13,"column":8}},{"start":{"line":13,"column":8},"end":{"line":13,"column":8}}]},"2":{"line":27,"type":"if","locations":[{"start":{"line":27,"column":15},"end":{"line":27,"column":15}},{"start":{"line":27,"column":15},"end":{"line":27,"column":15}}]}}},
"contracts/LLDEX/helpers/ImmutableOwner.sol":{"l":{"10":2,"11":2,"15":100},"path":"/Users/michaldedyk/Documents/Projects/GitHub_LLDEX/LLDEX/LLDEX-Core/contracts/LLDEX/helpers/ImmutableOwner.sol","s":{"1":2,"2":100},"b":{"1":[2,0]},"f":{"1":2,"2":100},"fnMap":{"1":{"name":"onlyImmutableOwner","line":9,"loc":{"start":{"line":9,"column":4},"end":{"line":12,"column":4}}},"2":{"name":"constructor","line":14,"loc":{"start":{"line":14,"column":4},"end":{"line":16,"column":4}}}},"statementMap":{"1":{"start":{"line":10,"column":8},"end":{"line":10,"column":65}},"2":{"start":{"line":15,"column":8},"end":{"line":15,"column":39}}},"branchMap":{"1":{"line":10,"type":"if","locations":[{"start":{"line":10,"column":8},"end":{"line":10,"column":8}},{"start":{"line":10,"column":8},"end":{"line":10,"column":8}}]}}},
"contracts/LLDEX/helpers/MutableOwner.sol":{"l":{"10":24,"11":18,"15":40,"19":1,"23":5},"path":"/Users/michaldedyk/Documents/Projects/GitHub_LLDEX/LLDEX/LLDEX-Core/contracts/LLDEX/helpers/MutableOwner.sol","s":{"1":24,"2":40,"3":1,"4":5},"b":{"1":[18,6],"2":[1,0]},"f":{"1":24,"2":40,"3":1,"4":5},"fnMap":{"1":{"name":"onlyOwner","line":9,"loc":{"start":{"line":9,"column":4},"end":{"line":12,"column":4}}},"2":{"name":"constructor","line":14,"loc":{"start":{"line":14,"column":4},"end":{"line":16,"column":4}}},"3":{"name":"_mutateOwner","line":18,"loc":{"start":{"line":18,"column":4},"end":{"line":20,"column":4}}},"4":{"name":"mutableOwner","line":22,"loc":{"start":{"line":22,"column":4},"end":{"line":24,"column":4}}}},"statementMap":{"1":{"start":{"line":10,"column":8},"end":{"line":10,"column":64}},"2":{"start":{"line":15,"column":8},"end":{"line":15,"column":29}},"3":{"start":{"line":19,"column":8},"end":{"line":19,"column":28}},"4":{"start":{"line":23,"column":8},"end":{"line":23,"column":28}}},"branchMap":{"1":{"line":10,"type":"if","locations":[{"start":{"line":10,"column":8},"end":{"line":10,"column":8}},{"start":{"line":10,"column":8},"end":{"line":10,"column":8}}]},"2":{"line":18,"type":"if","locations":[{"start":{"line":18,"column":50},"end":{"line":18,"column":50}},{"start":{"line":18,"column":50},"end":{"line":18,"column":50}}]}}},
"contracts/LLDEX/interfaces/AggregatorV3Interface.sol":{"l":{},"path":"/Users/michaldedyk/Documents/Projects/GitHub_LLDEX/LLDEX/LLDEX-Core/contracts/LLDEX/interfaces/AggregatorV3Interface.sol","s":{},"b":{},"f":{},"fnMap":{},"statementMap":{},"branchMap":{}},
"contracts/LLDEX/interfaces/IBalanceAccessor.sol":{"l":{},"path":"/Users/michaldedyk/Documents/Projects/GitHub_LLDEX/LLDEX/LLDEX-Core/contracts/LLDEX/interfaces/IBalanceAccessor.sol","s":{},"b":{},"f":{},"fnMap":{},"statementMap":{},"branchMap":{}},
"contracts/LLDEX/interfaces/IPenaltyManager.sol":{"l":{},"path":"/Users/michaldedyk/Documents/Projects/GitHub_LLDEX/LLDEX/LLDEX-Core/contracts/LLDEX/interfaces/IPenaltyManager.sol","s":{},"b":{},"f":{},"fnMap":{},"statementMap":{},"branchMap":{}},
"contracts/LLDEX/interfaces/IPeripheryCallback.sol":{"l":{},"path":"/Users/michaldedyk/Documents/Projects/GitHub_LLDEX/LLDEX/LLDEX-Core/contracts/LLDEX/interfaces/IPeripheryCallback.sol","s":{},"b":{},"f":{},"fnMap":{},"statementMap":{},"branchMap":{}},
"contracts/LLDEX/interfaces/IRFQOrder.sol":{"l":{},"path":"/Users/michaldedyk/Documents/Projects/GitHub_LLDEX/LLDEX/LLDEX-Core/contracts/LLDEX/interfaces/IRFQOrder.sol","s":{},"b":{},"f":{},"fnMap":{},"statementMap":{},"branchMap":{}},
"contracts/LLDEX/interfaces/ITradingSession.sol":{"l":{},"path":"/Users/michaldedyk/Documents/Projects/GitHub_LLDEX/LLDEX/LLDEX-Core/contracts/LLDEX/interfaces/ITradingSession.sol","s":{},"b":{},"f":{},"fnMap":{},"statementMap":{},"branchMap":{}},
"contracts/LLDEX/libraries/ArgumentsDecoder.sol":{"l":{"7":56,"18":175,"29":68,"40":18,"51":34},"path":"/Users/michaldedyk/Documents/Projects/GitHub_LLDEX/LLDEX/LLDEX-Core/contracts/LLDEX/libraries/ArgumentsDecoder.sol","s":{},"b":{},"f":{"1":56,"2":175,"3":68,"4":18,"5":34},"fnMap":{"1":{"name":"decodeSelector","line":6,"loc":{"start":{"line":6,"column":4},"end":{"line":11,"column":4}}},"2":{"name":"decodeAddress","line":13,"loc":{"start":{"line":13,"column":4},"end":{"line":22,"column":4}}},"3":{"name":"decodeUint256","line":24,"loc":{"start":{"line":24,"column":4},"end":{"line":33,"column":4}}},"4":{"name":"patchAddress","line":35,"loc":{"start":{"line":35,"column":4},"end":{"line":44,"column":4}}},"5":{"name":"patchUint256","line":46,"loc":{"start":{"line":46,"column":4},"end":{"line":55,"column":4}}}},"statementMap":{},"branchMap":{}},
"contracts/LLDEX/libraries/UncheckedAddress.sol":{"l":{"11":34,"20":34,"25":34,"26":34,"35":34,"36":28,"39":6,"43":2,"47":4},"path":"/Users/michaldedyk/Documents/Projects/GitHub_LLDEX/LLDEX/LLDEX-Core/contracts/LLDEX/libraries/UncheckedAddress.sol","s":{"1":34,"2":34,"3":34,"4":34,"5":34,"6":28,"7":6,"8":4},"b":{"1":[34,0],"2":[28,6],"3":[2,4]},"f":{"1":34,"2":34,"3":34},"fnMap":{"1":{"name":"uncheckedFunctionCall","line":6,"loc":{"start":{"line":6,"column":4},"end":{"line":12,"column":4}}},"2":{"name":"uncheckedFunctionCallWithValue","line":14,"loc":{"start":{"line":14,"column":4},"end":{"line":27,"column":4}}},"3":{"name":"_verifyCallResult","line":30,"loc":{"start":{"line":30,"column":4},"end":{"line":50,"column":4}}}},"statementMap":{"1":{"start":{"line":11,"column":8},"end":{"line":11,"column":76}},"2":{"start":{"line":20,"column":8},"end":{"line":20,"column":74}},"3":{"start":{"line":25,"column":8},"end":{"line":25,"column":81}},"4":{"start":{"line":26,"column":8},"end":{"line":26,"column":67}},"5":{"start":{"line":35,"column":8},"end":{"line":35,"column":1135}},"6":{"start":{"line":36,"column":12},"end":{"line":36,"column":29}},"7":{"start":{"line":39,"column":12},"end":{"line":39,"column":1280}},"8":{"start":{"line":47,"column":16},"end":{"line":47,"column":35}}},"branchMap":{"1":{"line":20,"type":"if","locations":[{"start":{"line":20,"column":8},"end":{"line":20,"column":8}},{"start":{"line":20,"column":8},"end":{"line":20,"column":8}}]},"2":{"line":35,"type":"if","locations":[{"start":{"line":35,"column":8},"end":{"line":35,"column":8}},{"start":{"line":35,"column":8},"end":{"line":35,"column":8}}]},"3":{"line":39,"type":"if","locations":[{"start":{"line":39,"column":12},"end":{"line":39,"column":12}},{"start":{"line":39,"column":12},"end":{"line":39,"column":12}}]}}},
"contracts/LLDEX/LLDEXPenaltyManager.sol":{"l":{"27":12,"29":10,"33":40,"35":40,"39":21,"41":19,"42":13,"44":13,"46":13,"50":6,"52":2,"53":2,"62":6,"64":2,"65":2,"74":12,"76":6,"77":4,"79":2,"80":2,"82":2,"83":2,"93":10,"95":4,"96":4,"98":2,"99":2,"101":2,"102":2,"106":13,"108":11,"112":3,"114":1,"118":11,"122":19,"131":1,"133":1,"134":1,"136":1,"137":1,"141":23,"142":19,"143":15,"147":12,"148":10,"152":12,"154":8,"155":6,"157":4,"158":4},"path":"/Users/michaldedyk/Documents/Projects/GitHub_LLDEX/LLDEX/LLDEX-Core/contracts/LLDEX/LLDEXPenaltyManager.sol","s":{"1":12,"2":40,"3":40,"4":21,"5":19,"6":13,"7":13,"8":13,"9":6,"10":2,"11":2,"12":6,"13":2,"14":2,"15":12,"16":6,"17":4,"18":2,"19":2,"20":2,"21":2,"22":10,"23":4,"24":4,"25":2,"26":2,"27":2,"28":2,"29":13,"30":11,"31":3,"32":1,"33":11,"34":19,"35":1,"36":1,"37":1,"38":1,"39":1,"40":23,"41":19,"42":15,"43":12,"44":10,"45":12,"46":8,"47":6,"48":4,"49":4},"b":{"1":[10,2],"2":[40,0],"3":[21,0],"4":[19,2],"5":[6,0],"6":[6,0],"7":[12,0],"8":[4,2],"9":[2,2],"10":[12,0],"11":[10,2],"12":[4,0],"13":[2,2],"14":[13,2],"15":[11,2],"16":[3,2],"17":[1,2],"18":[1,2],"19":[19,4],"20":[15,4],"21":[11,4],"22":[10,2],"23":[8,2],"24":[6,2],"25":[4,2]},"f":{"1":12,"2":40,"3":21,"4":6,"5":6,"6":12,"7":10,"8":13,"9":3,"10":11,"11":19,"12":1,"13":23,"14":12,"15":12},"fnMap":{"1":{"name":"collectorOnly","line":26,"loc":{"start":{"line":26,"column":4},"end":{"line":30,"column":4}}},"2":{"name":"constructor","line":32,"loc":{"start":{"line":32,"column":4},"end":{"line":36,"column":4}}},"3":{"name":"depositToken","line":38,"loc":{"start":{"line":38,"column":4},"end":{"line":47,"column":4}}},"4":{"name":"withdrawToken","line":49,"loc":{"start":{"line":49,"column":4},"end":{"line":54,"column":4}}},"5":{"name":"withdrawTokenTo","line":59,"loc":{"start":{"line":56,"column":4},"end":{"line":66,"column":4}}},"6":{"name":"transferTo","line":71,"loc":{"start":{"line":68,"column":4},"end":{"line":84,"column":4}}},"7":{"name":"issuePenalty","line":90,"loc":{"start":{"line":86,"column":4},"end":{"line":103,"column":4}}},"8":{"name":"addCollector","line":105,"loc":{"start":{"line":105,"column":4},"end":{"line":109,"column":4}}},"9":{"name":"removeCollector","line":111,"loc":{"start":{"line":111,"column":4},"end":{"line":115,"column":4}}},"10":{"name":"isCollector","line":117,"loc":{"start":{"line":117,"column":4},"end":{"line":119,"column":4}}},"11":{"name":"balanceOf","line":121,"loc":{"start":{"line":121,"column":4},"end":{"line":123,"column":4}}},"12":{"name":"transferOwnership","line":128,"loc":{"start":{"line":125,"column":4},"end":{"line":138,"column":4}}},"13":{"name":"_validateTo","line":140,"loc":{"start":{"line":140,"column":4},"end":{"line":144,"column":4}}},"14":{"name":"_validateAddress","line":146,"loc":{"start":{"line":146,"column":4},"end":{"line":149,"column":4}}},"15":{"name":"_withdrawTransferTo","line":151,"loc":{"start":{"line":151,"column":4},"end":{"line":159,"column":4}}}},"statementMap":{"1":{"start":{"line":27,"column":8},"end":{"line":27,"column":66}},"2":{"start":{"line":33,"column":8},"end":{"line":33,"column":77}},"3":{"start":{"line":35,"column":8},"end":{"line":35,"column":41}},"4":{"start":{"line":39,"column":8},"end":{"line":39,"column":51}},"5":{"start":{"line":41,"column":8},"end":{"line":41,"column":70}},"6":{"start":{"line":42,"column":8},"end":{"line":42,"column":38}},"7":{"start":{"line":44,"column":8},"end":{"line":44,"column":70}},"8":{"start":{"line":46,"column":8},"end":{"line":46,"column":36}},"9":{"start":{"line":50,"column":8},"end":{"line":50,"column":46}},"10":{"start":{"line":52,"column":8},"end":{"line":52,"column":71}},"11":{"start":{"line":53,"column":8},"end":{"line":53,"column":36}},"12":{"start":{"line":62,"column":8},"end":{"line":62,"column":38}},"13":{"start":{"line":64,"column":8},"end":{"line":64,"column":71}},"14":{"start":{"line":65,"column":8},"end":{"line":65,"column":36}},"15":{"start":{"line":74,"column":8},"end":{"line":74,"column":22}},"16":{"start":{"line":76,"column":8},"end":{"line":76,"column":51}},"17":{"start":{"line":77,"column":8},"end":{"line":77,"column":81}},"18":{"start":{"line":79,"column":8},"end":{"line":79,"column":38}},"19":{"start":{"line":80,"column":8},"end":{"line":80,"column":30}},"20":{"start":{"line":82,"column":8},"end":{"line":82,"column":54}},"21":{"start":{"line":83,"column":8},"end":{"line":83,"column":53}},"22":{"start":{"line":93,"column":8},"end":{"line":93,"column":22}},"23":{"start":{"line":95,"column":8},"end":{"line":95,"column":51}},"24":{"start":{"line":96,"column":8},"end":{"line":96,"column":73}},"25":{"start":{"line":98,"column":8},"end":{"line":98,"column":30}},"26":{"start":{"line":99,"column":8},"end":{"line":99,"column":42}},"27":{"start":{"line":101,"column":8},"end":{"line":101,"column":53}},"28":{"start":{"line":102,"column":8},"end":{"line":102,"column":28}},"29":{"start":{"line":106,"column":8},"end":{"line":106,"column":72}},"30":{"start":{"line":108,"column":8},"end":{"line":108,"column":36}},"31":{"start":{"line":112,"column":8},"end":{"line":112,"column":72}},"32":{"start":{"line":114,"column":8},"end":{"line":114,"column":37}},"33":{"start":{"line":118,"column":8},"end":{"line":118,"column":33}},"34":{"start":{"line":122,"column":8},"end":{"line":122,"column":30}},"35":{"start":{"line":131,"column":8},"end":{"line":131,"column":22}},"36":{"start":{"line":133,"column":8},"end":{"line":133,"column":45}},"37":{"start":{"line":134,"column":8},"end":{"line":134,"column":32}},"38":{"start":{"line":136,"column":8},"end":{"line":136,"column":23}},"39":{"start":{"line":137,"column":8},"end":{"line":137,"column":31}},"40":{"start":{"line":141,"column":8},"end":{"line":141,"column":68}},"41":{"start":{"line":142,"column":8},"end":{"line":142,"column":71}},"42":{"start":{"line":143,"column":8},"end":{"line":143,"column":68}},"43":{"start":{"line":147,"column":8},"end":{"line":147,"column":67}},"44":{"start":{"line":148,"column":8},"end":{"line":148,"column":70}},"45":{"start":{"line":152,"column":8},"end":{"line":152,"column":27}},"46":{"start":{"line":154,"column":8},"end":{"line":154,"column":51}},"47":{"start":{"line":155,"column":8},"end":{"line":155,"column":81}},"48":{"start":{"line":157,"column":8},"end":{"line":157,"column":43}},"49":{"start":{"line":158,"column":8},"end":{"line":158,"column":38}}},"branchMap":{"1":{"line":27,"type":"if","locations":[{"start":{"line":27,"column":8},"end":{"line":27,"column":8}},{"start":{"line":27,"column":8},"end":{"line":27,"column":8}}]},"2":{"line":33,"type":"if","locations":[{"start":{"line":33,"column":8},"end":{"line":33,"column":8}},{"start":{"line":33,"column":8},"end":{"line":33,"column":8}}]},"3":{"line":38,"type":"if","locations":[{"start":{"line":38,"column":60},"end":{"line":38,"column":60}},{"start":{"line":38,"column":60},"end":{"line":38,"column":60}}]},"4":{"line":39,"type":"if","locations":[{"start":{"line":39,"column":8},"end":{"line":39,"column":8}},{"start":{"line":39,"column":8},"end":{"line":39,"column":8}}]},"5":{"line":49,"type":"if","locations":[{"start":{"line":49,"column":61},"end":{"line":49,"column":61}},{"start":{"line":49,"column":61},"end":{"line":49,"column":61}}]},"6":{"line":59,"type":"if","locations":[{"start":{"line":59,"column":8},"end":{"line":59,"column":8}},{"start":{"line":59,"column":8},"end":{"line":59,"column":8}}]},"7":{"line":71,"type":"if","locations":[{"start":{"line":71,"column":8},"end":{"line":71,"column":8}},{"start":{"line":71,"column":8},"end":{"line":71,"column":8}}]},"8":{"line":76,"type":"if","locations":[{"start":{"line":76,"column":8},"end":{"line":76,"column":8}},{"start":{"line":76,"column":8},"end":{"line":76,"column":8}}]},"9":{"line":77,"type":"if","locations":[{"start":{"line":77,"column":8},"end":{"line":77,"column":8}},{"start":{"line":77,"column":8},"end":{"line":77,"column":8}}]},"10":{"line":89,"type":"if","locations":[{"start":{"line":89,"column":8},"end":{"line":89,"column":8}},{"start":{"line":89,"column":8},"end":{"line":89,"column":8}}]},"11":{"line":90,"type":"if","locations":[{"start":{"line":90,"column":8},"end":{"line":90,"column":8}},{"start":{"line":90,"column":8},"end":{"line":90,"column":8}}]},"12":{"line":95,"type":"if","locations":[{"start":{"line":95,"column":8},"end":{"line":95,"column":8}},{"start":{"line":95,"column":8},"end":{"line":95,"column":8}}]},"13":{"line":96,"type":"if","locations":[{"start":{"line":96,"column":8},"end":{"line":96,"column":8}},{"start":{"line":96,"column":8},"end":{"line":96,"column":8}}]},"14":{"line":105,"type":"if","locations":[{"start":{"line":105,"column":63},"end":{"line":105,"column":63}},{"start":{"line":105,"column":63},"end":{"line":105,"column":63}}]},"15":{"line":106,"type":"if","locations":[{"start":{"line":106,"column":8},"end":{"line":106,"column":8}},{"start":{"line":106,"column":8},"end":{"line":106,"column":8}}]},"16":{"line":111,"type":"if","locations":[{"start":{"line":111,"column":66},"end":{"line":111,"column":66}},{"start":{"line":111,"column":66},"end":{"line":111,"column":66}}]},"17":{"line":112,"type":"if","locations":[{"start":{"line":112,"column":8},"end":{"line":112,"column":8}},{"start":{"line":112,"column":8},"end":{"line":112,"column":8}}]},"18":{"line":128,"type":"if","locations":[{"start":{"line":128,"column":8},"end":{"line":128,"column":8}},{"start":{"line":128,"column":8},"end":{"line":128,"column":8}}]},"19":{"line":141,"type":"if","locations":[{"start":{"line":141,"column":8},"end":{"line":141,"column":8}},{"start":{"line":141,"column":8},"end":{"line":141,"column":8}}]},"20":{"line":142,"type":"if","locations":[{"start":{"line":142,"column":8},"end":{"line":142,"column":8}},{"start":{"line":142,"column":8},"end":{"line":142,"column":8}}]},"21":{"line":143,"type":"if","locations":[{"start":{"line":143,"column":8},"end":{"line":143,"column":8}},{"start":{"line":143,"column":8},"end":{"line":143,"column":8}}]},"22":{"line":147,"type":"if","locations":[{"start":{"line":147,"column":8},"end":{"line":147,"column":8}},{"start":{"line":147,"column":8},"end":{"line":147,"column":8}}]},"23":{"line":148,"type":"if","locations":[{"start":{"line":148,"column":8},"end":{"line":148,"column":8}},{"start":{"line":148,"column":8},"end":{"line":148,"column":8}}]},"24":{"line":154,"type":"if","locations":[{"start":{"line":154,"column":8},"end":{"line":154,"column":8}},{"start":{"line":154,"column":8},"end":{"line":154,"column":8}}]},"25":{"line":155,"type":"if","locations":[{"start":{"line":155,"column":8},"end":{"line":155,"column":8}},{"start":{"line":155,"column":8},"end":{"line":155,"column":8}}]}}},
"contracts/LLDEX/LLDEXProtocol.sol":{"l":{"49":46,"50":46,"55":42,"80":1,"90":2,"94":3,"108":37,"110":37,"127":5,"129":3,"131":1,"135":1,"146":1,"149":1,"157":1,"160":1,"168":1,"175":1,"181":1,"190":37,"193":19,"201":15,"207":11,"209":9,"218":38,"219":38,"221":36,"224":36,"225":36,"226":36,"227":36,"228":36,"229":34,"233":34,"234":34,"236":34,"241":32,"243":1,"244":1,"254":29,"258":2,"261":30,"266":30,"269":28,"270":28,"279":12,"286":10,"288":10,"297":83,"298":77,"301":75,"302":4,"305":4,"306":1,"309":4,"311":4,"313":71,"320":71,"323":71,"327":8,"328":8,"329":6,"334":4,"336":4,"345":9,"359":7,"368":91,"369":89,"370":87,"374":28,"398":28,"399":28,"400":28,"401":28,"402":28,"406":26,"411":24,"412":24,"415":21,"426":3,"440":20,"442":20,"443":20,"449":18,"450":18,"458":18,"460":18,"467":18,"471":16,"472":15,"481":16,"483":16,"484":16,"491":16,"493":16,"500":16,"504":12,"505":11,"513":10,"514":10,"516":10,"517":10,"519":10,"520":10,"529":12,"530":12,"531":12,"536":10,"537":10,"546":14,"547":12,"548":10,"550":8,"551":8,"553":4,"554":4,"563":9,"564":7,"565":5,"566":3,"568":1,"569":1,"571":1,"573":1,"577":6},"path":"/Users/michaldedyk/Documents/Projects/GitHub_LLDEX/LLDEX/LLDEX-Core/contracts/LLDEX/LLDEXProtocol.sol","s":{"1":46,"2":46,"3":1,"4":2,"5":3,"6":37,"7":37,"8":5,"9":3,"10":1,"11":1,"12":1,"13":1,"14":1,"15":1,"16":1,"17":1,"18":1,"19":37,"20":19,"21":15,"22":11,"23":9,"24":38,"25":38,"26":36,"27":36,"28":36,"29":36,"30":36,"31":34,"32":34,"33":34,"34":34,"35":32,"36":1,"37":1,"38":31,"39":31,"40":29,"41":2,"42":30,"43":30,"44":28,"45":28,"46":12,"47":10,"48":10,"49":83,"50":77,"51":75,"52":4,"53":4,"54":1,"55":4,"56":4,"57":71,"58":71,"59":71,"60":8,"61":8,"62":6,"63":4,"64":4,"65":9,"66":7,"67":91,"68":89,"69":87,"70":28,"71":28,"72":28,"73":28,"74":28,"75":28,"76":26,"77":24,"78":24,"79":21,"80":3,"81":20,"82":20,"83":20,"84":18,"85":18,"86":18,"87":18,"88":18,"89":16,"90":15,"91":16,"92":16,"93":16,"94":16,"95":16,"96":16,"97":12,"98":11,"99":10,"100":10,"101":10,"102":10,"103":10,"104":10,"105":12,"106":12,"107":12,"108":10,"109":10,"110":14,"111":12,"112":10,"113":8,"114":8,"115":4,"116":4,"117":9,"118":7,"119":5,"120":3,"121":1,"122":1,"123":1,"124":1,"125":6},"b":{"1":[42,4],"2":[37,4],"3":[5,0],"4":[3,2],"5":[1,2],"6":[36,2],"7":[0,36],"8":[34,2],"9":[32,2],"10":[1,31],"11":[0,31],"12":[29,2],"13":[30,0],"14":[28,2],"15":[83,0],"16":[75,2],"17":[4,71],"18":[1,3],"19":[8,0],"20":[6,2],"21":[4,2],"22":[89,2],"23":[87,2],"24":[85,2],"25":[28,0],"26":[28,0],"27":[26,2],"28":[24,2],"29":[21,3],"30":[19,2],"31":[1,2],"32":[20,0],"33":[18,2],"34":[18,0],"35":[18,0],"36":[15,1],"37":[15,0],"38":[16,0],"39":[16,0],"40":[16,0],"41":[11,1],"42":[11,0],"43":[10,0],"44":[10,0],"45":[12,0],"46":[12,0],"47":[10,2],"48":[14,0],"49":[12,2],"50":[10,2],"51":[8,2],"52":[9,0],"53":[7,2],"54":[5,2],"55":[3,2],"56":[1,2]},"f":{"1":46,"2":1,"3":2,"4":3,"5":37,"6":5,"7":1,"8":37,"9":38,"10":12,"11":83,"12":8,"13":9,"14":7,"15":91,"16":28,"17":28,"18":20,"19":16,"20":10,"21":12,"22":14,"23":9,"24":6},"fnMap":{"1":{"name":"makerSessionNotExpired","line":47,"loc":{"start":{"line":47,"column":4},"end":{"line":56,"column":4}}},"2":{"name":"DOMAIN_SEPARATOR","line":79,"loc":{"start":{"line":79,"column":4},"end":{"line":81,"column":4}}},"3":{"name":"invalidatorForOrderRFQ","line":85,"loc":{"start":{"line":85,"column":4},"end":{"line":91,"column":4}}},"4":{"name":"cancelOrderRFQ","line":93,"loc":{"start":{"line":93,"column":4},"end":{"line":95,"column":4}}},"5":{"name":"fillOrderRFQ","line":105,"loc":{"start":{"line":97,"column":4},"end":{"line":111,"column":4}}},"6":{"name":"fillOrderRFQCallPeriphery","line":123,"loc":{"start":{"line":113,"column":4},"end":{"line":136,"column":4}}},"7":{"name":"fillOrderRFQToWithCallback","line":138,"loc":{"start":{"line":138,"column":4},"end":{"line":182,"column":4}}},"8":{"name":"fillOrderRFQTo","line":184,"loc":{"start":{"line":184,"column":4},"end":{"line":210,"column":4}}},"9":{"name":"_validateRFQOrder","line":212,"loc":{"start":{"line":212,"column":4},"end":{"line":271,"column":4}}},"10":{"name":"_finishRFQOrder","line":273,"loc":{"start":{"line":273,"column":4},"end":{"line":289,"column":4}}},"11":{"name":"createOrUpdateSession","line":294,"loc":{"start":{"line":291,"column":4},"end":{"line":324,"column":4}}},"12":{"name":"endSession","line":326,"loc":{"start":{"line":326,"column":4},"end":{"line":337,"column":4}}},"13":{"name":"sessionExpirationTime","line":339,"loc":{"start":{"line":339,"column":4},"end":{"line":346,"column":4}}},"14":{"name":"session","line":348,"loc":{"start":{"line":348,"column":4},"end":{"line":365,"column":4}}},"15":{"name":"_validateSessionKey","line":367,"loc":{"start":{"line":367,"column":4},"end":{"line":371,"column":4}}},"16":{"name":"_hash","line":373,"loc":{"start":{"line":373,"column":4},"end":{"line":390,"column":4}}},"17":{"name":"_validate","line":392,"loc":{"start":{"line":392,"column":4},"end":{"line":431,"column":4}}},"18":{"name":"_callTakerAssetTransferFrom","line":433,"loc":{"start":{"line":433,"column":4},"end":{"line":474,"column":4}}},"19":{"name":"_callMakerAssetTransferFrom","line":476,"loc":{"start":{"line":476,"column":4},"end":{"line":507,"column":4}}},"20":{"name":"_updateSessionTransactions","line":509,"loc":{"start":{"line":509,"column":4},"end":{"line":521,"column":4}}},"21":{"name":"_withdrawFee","line":523,"loc":{"start":{"line":523,"column":4},"end":{"line":538,"column":4}}},"22":{"name":"depositToken","line":543,"loc":{"start":{"line":540,"column":4},"end":{"line":555,"column":4}}},"23":{"name":"withdrawToken","line":560,"loc":{"start":{"line":557,"column":4},"end":{"line":574,"column":4}}},"24":{"name":"balance","line":576,"loc":{"start":{"line":576,"column":4},"end":{"line":578,"column":4}}}},"statementMap":{"1":{"start":{"line":49,"column":8},"end":{"line":49,"column":71}},"2":{"start":{"line":50,"column":8},"end":{"line":50,"column":1617}},"3":{"start":{"line":80,"column":8},"end":{"line":80,"column":35}},"4":{"start":{"line":90,"column":8},"end":{"line":90,"column":40}},"5":{"start":{"line":94,"column":8},"end":{"line":94,"column":84}},"6":{"start":{"line":108,"column":8},"end":{"line":108,"column":90}},"7":{"start":{"line":110,"column":8},"end":{"line":110,"column":60}},"8":{"start":{"line":127,"column":8},"end":{"line":127,"column":70}},"9":{"start":{"line":129,"column":8},"end":{"line":129,"column":76}},"10":{"start":{"line":131,"column":8},"end":{"line":131,"column":90}},"11":{"start":{"line":135,"column":8},"end":{"line":135,"column":85}},"12":{"start":{"line":146,"column":8},"end":{"line":146,"column":72}},"13":{"start":{"line":149,"column":8},"end":{"line":149,"column":5286}},"14":{"start":{"line":157,"column":8},"end":{"line":157,"column":83}},"15":{"start":{"line":160,"column":8},"end":{"line":160,"column":5653}},"16":{"start":{"line":168,"column":8},"end":{"line":168,"column":5972}},"17":{"start":{"line":175,"column":8},"end":{"line":175,"column":6160}},"18":{"start":{"line":181,"column":8},"end":{"line":181,"column":49}},"19":{"start":{"line":190,"column":8},"end":{"line":190,"column":72}},"20":{"start":{"line":193,"column":8},"end":{"line":193,"column":6675}},"21":{"start":{"line":201,"column":8},"end":{"line":201,"column":6876}},"22":{"start":{"line":207,"column":8},"end":{"line":207,"column":49}},"23":{"start":{"line":209,"column":8},"end":{"line":209,"column":59}},"24":{"start":{"line":218,"column":8},"end":{"line":218,"column":54}},"25":{"start":{"line":219,"column":8},"end":{"line":219,"column":88}},"26":{"start":{"line":224,"column":12},"end":{"line":224,"column":75}},"27":{"start":{"line":225,"column":12},"end":{"line":225,"column":61}},"28":{"start":{"line":226,"column":12},"end":{"line":226,"column":59}},"29":{"start":{"line":227,"column":12},"end":{"line":227,"column":70}},"30":{"start":{"line":228,"column":12},"end":{"line":228,"column":78}},"31":{"start":{"line":229,"column":12},"end":{"line":229,"column":78}},"32":{"start":{"line":233,"column":8},"end":{"line":233,"column":84}},"33":{"start":{"line":234,"column":8},"end":{"line":234,"column":84}},"34":{"start":{"line":236,"column":8},"end":{"line":236,"column":8284}},"35":{"start":{"line":241,"column":8},"end":{"line":241,"column":8418}},"36":{"start":{"line":243,"column":12},"end":{"line":243,"column":50}},"37":{"start":{"line":244,"column":12},"end":{"line":244,"column":50}},"38":{"start":{"line":245,"column":15},"end":{"line":245,"column":8633}},"39":{"start":{"line":253,"column":15},"end":{"line":253,"column":8967}},"40":{"start":{"line":254,"column":12},"end":{"line":254,"column":9035}},"41":{"start":{"line":258,"column":12},"end":{"line":258,"column":50}},"42":{"start":{"line":261,"column":8},"end":{"line":261,"column":9241}},"43":{"start":{"line":266,"column":8},"end":{"line":266,"column":89}},"44":{"start":{"line":269,"column":8},"end":{"line":269,"column":31}},"45":{"start":{"line":270,"column":8},"end":{"line":270,"column":82}},"46":{"start":{"line":279,"column":8},"end":{"line":279,"column":9791}},"47":{"start":{"line":286,"column":8},"end":{"line":286,"column":77}},"48":{"start":{"line":288,"column":8},"end":{"line":288,"column":82}},"49":{"start":{"line":297,"column":8},"end":{"line":297,"column":38}},"50":{"start":{"line":298,"column":8},"end":{"line":298,"column":83}},"51":{"start":{"line":301,"column":8},"end":{"line":301,"column":10513}},"52":{"start":{"line":302,"column":12},"end":{"line":302,"column":64}},"53":{"start":{"line":305,"column":12},"end":{"line":305,"column":10723}},"54":{"start":{"line":306,"column":16},"end":{"line":306,"column":60}},"55":{"start":{"line":309,"column":12},"end":{"line":309,"column":93}},"56":{"start":{"line":311,"column":12},"end":{"line":311,"column":40}},"57":{"start":{"line":313,"column":12},"end":{"line":313,"column":11023}},"58":{"start":{"line":320,"column":12},"end":{"line":320,"column":93}},"59":{"start":{"line":323,"column":8},"end":{"line":323,"column":36}},"60":{"start":{"line":327,"column":8},"end":{"line":327,"column":60}},"61":{"start":{"line":328,"column":8},"end":{"line":328,"column":83}},"62":{"start":{"line":329,"column":8},"end":{"line":329,"column":11597}},"63":{"start":{"line":334,"column":8},"end":{"line":334,"column":47}},"64":{"start":{"line":336,"column":8},"end":{"line":336,"column":76}},"65":{"start":{"line":345,"column":8},"end":{"line":345,"column":46}},"66":{"start":{"line":359,"column":8},"end":{"line":359,"column":12310}},"67":{"start":{"line":368,"column":8},"end":{"line":368,"column":62}},"68":{"start":{"line":369,"column":8},"end":{"line":369,"column":64}},"69":{"start":{"line":370,"column":8},"end":{"line":370,"column":70}},"70":{"start":{"line":374,"column":8},"end":{"line":374,"column":12866}},"71":{"start":{"line":398,"column":8},"end":{"line":398,"column":69}},"72":{"start":{"line":399,"column":8},"end":{"line":399,"column":69}},"73":{"start":{"line":400,"column":8},"end":{"line":400,"column":62}},"74":{"start":{"line":401,"column":8},"end":{"line":401,"column":62}},"75":{"start":{"line":402,"column":8},"end":{"line":402,"column":13894}},"76":{"start":{"line":406,"column":8},"end":{"line":406,"column":14053}},"77":{"start":{"line":411,"column":8},"end":{"line":411,"column":74}},"78":{"start":{"line":412,"column":8},"end":{"line":412,"column":14289}},"79":{"start":{"line":415,"column":12},"end":{"line":415,"column":14398}},"80":{"start":{"line":426,"column":12},"end":{"line":426,"column":14833}},"81":{"start":{"line":440,"column":8},"end":{"line":440,"column":75}},"82":{"start":{"line":442,"column":8},"end":{"line":442,"column":15308}},"83":{"start":{"line":443,"column":12},"end":{"line":443,"column":15363}},"84":{"start":{"line":449,"column":8},"end":{"line":449,"column":15512}},"85":{"start":{"line":450,"column":12},"end":{"line":450,"column":15562}},"86":{"start":{"line":458,"column":8},"end":{"line":458,"column":63}},"87":{"start":{"line":460,"column":8},"end":{"line":460,"column":15826}},"88":{"start":{"line":467,"column":8},"end":{"line":467,"column":16062}},"89":{"start":{"line":471,"column":8},"end":{"line":471,"column":16208}},"90":{"start":{"line":472,"column":12},"end":{"line":472,"column":75}},"91":{"start":{"line":481,"column":8},"end":{"line":481,"column":77}},"92":{"start":{"line":483,"column":8},"end":{"line":483,"column":16568}},"93":{"start":{"line":484,"column":12},"end":{"line":484,"column":16623}},"94":{"start":{"line":491,"column":8},"end":{"line":491,"column":63}},"95":{"start":{"line":493,"column":8},"end":{"line":493,"column":16869}},"96":{"start":{"line":500,"column":8},"end":{"line":500,"column":17105}},"97":{"start":{"line":504,"column":8},"end":{"line":504,"column":17251}},"98":{"start":{"line":505,"column":12},"end":{"line":505,"column":75}},"99":{"start":{"line":513,"column":8},"end":{"line":513,"column":75}},"100":{"start":{"line":514,"column":8},"end":{"line":514,"column":80}},"101":{"start":{"line":516,"column":8},"end":{"line":516,"column":75}},"102":{"start":{"line":517,"column":8},"end":{"line":517,"column":80}},"103":{"start":{"line":519,"column":8},"end":{"line":519,"column":60}},"104":{"start":{"line":520,"column":8},"end":{"line":520,"column":60}},"105":{"start":{"line":529,"column":8},"end":{"line":529,"column":64}},"106":{"start":{"line":530,"column":8},"end":{"line":530,"column":77}},"107":{"start":{"line":531,"column":8},"end":{"line":531,"column":18310}},"108":{"start":{"line":536,"column":8},"end":{"line":536,"column":54}},"109":{"start":{"line":537,"column":8},"end":{"line":537,"column":57}},"110":{"start":{"line":546,"column":8},"end":{"line":546,"column":61}},"111":{"start":{"line":547,"column":8},"end":{"line":547,"column":66}},"112":{"start":{"line":548,"column":8},"end":{"line":548,"column":48}},"113":{"start":{"line":550,"column":8},"end":{"line":550,"column":41}},"114":{"start":{"line":551,"column":8},"end":{"line":551,"column":69}},"115":{"start":{"line":553,"column":8},"end":{"line":553,"column":53}},"116":{"start":{"line":554,"column":8},"end":{"line":554,"column":51}},"117":{"start":{"line":563,"column":8},"end":{"line":563,"column":61}},"118":{"start":{"line":564,"column":8},"end":{"line":564,"column":66}},"119":{"start":{"line":565,"column":8},"end":{"line":565,"column":48}},"120":{"start":{"line":566,"column":8},"end":{"line":566,"column":93}},"121":{"start":{"line":568,"column":8},"end":{"line":568,"column":41}},"122":{"start":{"line":569,"column":8},"end":{"line":569,"column":50}},"123":{"start":{"line":571,"column":8},"end":{"line":571,"column":53}},"124":{"start":{"line":573,"column":8},"end":{"line":573,"column":51}},"125":{"start":{"line":577,"column":8},"end":{"line":577,"column":51}}},"branchMap":{"1":{"line":50,"type":"if","locations":[{"start":{"line":50,"column":8},"end":{"line":50,"column":8}},{"start":{"line":50,"column":8},"end":{"line":50,"column":8}}]},"2":{"line":105,"type":"if","locations":[{"start":{"line":105,"column":8},"end":{"line":105,"column":8}},{"start":{"line":105,"column":8},"end":{"line":105,"column":8}}]},"3":{"line":123,"type":"if","locations":[{"start":{"line":123,"column":8},"end":{"line":123,"column":8}},{"start":{"line":123,"column":8},"end":{"line":123,"column":8}}]},"4":{"line":127,"type":"if","locations":[{"start":{"line":127,"column":8},"end":{"line":127,"column":8}},{"start":{"line":127,"column":8},"end":{"line":127,"column":8}}]},"5":{"line":129,"type":"if","locations":[{"start":{"line":129,"column":8},"end":{"line":129,"column":8}},{"start":{"line":129,"column":8},"end":{"line":129,"column":8}}]},"6":{"line":219,"type":"if","locations":[{"start":{"line":219,"column":8},"end":{"line":219,"column":8}},{"start":{"line":219,"column":8},"end":{"line":219,"column":8}}]},"7":{"line":219,"type":"cond-expr","locations":[{"start":{"line":219,"column":16},"end":{"line":219,"column":30}},{"start":{"line":219,"column":35},"end":{"line":219,"column":63}}]},"8":{"line":228,"type":"if","locations":[{"start":{"line":228,"column":12},"end":{"line":228,"column":12}},{"start":{"line":228,"column":12},"end":{"line":228,"column":12}}]},"9":{"line":236,"type":"if","locations":[{"start":{"line":236,"column":8},"end":{"line":236,"column":8}},{"start":{"line":236,"column":8},"end":{"line":236,"column":8}}]},"10":{"line":241,"type":"if","locations":[{"start":{"line":241,"column":8},"end":{"line":241,"column":8}},{"start":{"line":241,"column":8},"end":{"line":241,"column":8}}]},"11":{"line":245,"type":"if","locations":[{"start":{"line":245,"column":15},"end":{"line":245,"column":15}},{"start":{"line":245,"column":15},"end":{"line":245,"column":15}}]},"12":{"line":253,"type":"if","locations":[{"start":{"line":253,"column":15},"end":{"line":253,"column":15}},{"start":{"line":253,"column":15},"end":{"line":253,"column":15}}]},"13":{"line":261,"type":"if","locations":[{"start":{"line":261,"column":8},"end":{"line":261,"column":8}},{"start":{"line":261,"column":8},"end":{"line":261,"column":8}}]},"14":{"line":266,"type":"if","locations":[{"start":{"line":266,"column":8},"end":{"line":266,"column":8}},{"start":{"line":266,"column":8},"end":{"line":266,"column":8}}]},"15":{"line":294,"type":"if","locations":[{"start":{"line":294,"column":8},"end":{"line":294,"column":8}},{"start":{"line":294,"column":8},"end":{"line":294,"column":8}}]},"16":{"line":298,"type":"if","locations":[{"start":{"line":298,"column":8},"end":{"line":298,"column":8}},{"start":{"line":298,"column":8},"end":{"line":298,"column":8}}]},"17":{"line":301,"type":"if","locations":[{"start":{"line":301,"column":8},"end":{"line":301,"column":8}},{"start":{"line":301,"column":8},"end":{"line":301,"column":8}}]},"18":{"line":305,"type":"if","locations":[{"start":{"line":305,"column":12},"end":{"line":305,"column":12}},{"start":{"line":305,"column":12},"end":{"line":305,"column":12}}]},"19":{"line":326,"type":"if","locations":[{"start":{"line":326,"column":44},"end":{"line":326,"column":44}},{"start":{"line":326,"column":44},"end":{"line":326,"column":44}}]},"20":{"line":328,"type":"if","locations":[{"start":{"line":328,"column":8},"end":{"line":328,"column":8}},{"start":{"line":328,"column":8},"end":{"line":328,"column":8}}]},"21":{"line":329,"type":"if","locations":[{"start":{"line":329,"column":8},"end":{"line":329,"column":8}},{"start":{"line":329,"column":8},"end":{"line":329,"column":8}}]},"22":{"line":368,"type":"if","locations":[{"start":{"line":368,"column":8},"end":{"line":368,"column":8}},{"start":{"line":368,"column":8},"end":{"line":368,"column":8}}]},"23":{"line":369,"type":"if","locations":[{"start":{"line":369,"column":8},"end":{"line":369,"column":8}},{"start":{"line":369,"column":8},"end":{"line":369,"column":8}}]},"24":{"line":370,"type":"if","locations":[{"start":{"line":370,"column":8},"end":{"line":370,"column":8}},{"start":{"line":370,"column":8},"end":{"line":370,"column":8}}]},"25":{"line":398,"type":"if","locations":[{"start":{"line":398,"column":8},"end":{"line":398,"column":8}},{"start":{"line":398,"column":8},"end":{"line":398,"column":8}}]},"26":{"line":399,"type":"if","locations":[{"start":{"line":399,"column":8},"end":{"line":399,"column":8}},{"start":{"line":399,"column":8},"end":{"line":399,"column":8}}]},"27":{"line":402,"type":"if","locations":[{"start":{"line":402,"column":8},"end":{"line":402,"column":8}},{"start":{"line":402,"column":8},"end":{"line":402,"column":8}}]},"28":{"line":406,"type":"if","locations":[{"start":{"line":406,"column":8},"end":{"line":406,"column":8}},{"start":{"line":406,"column":8},"end":{"line":406,"column":8}}]},"29":{"line":412,"type":"if","locations":[{"start":{"line":412,"column":8},"end":{"line":412,"column":8}},{"start":{"line":412,"column":8},"end":{"line":412,"column":8}}]},"30":{"line":415,"type":"if","locations":[{"start":{"line":415,"column":12},"end":{"line":415,"column":12}},{"start":{"line":415,"column":12},"end":{"line":415,"column":12}}]},"31":{"line":426,"type":"if","locations":[{"start":{"line":426,"column":12},"end":{"line":426,"column":12}},{"start":{"line":426,"column":12},"end":{"line":426,"column":12}}]},"32":{"line":442,"type":"if","locations":[{"start":{"line":442,"column":8},"end":{"line":442,"column":8}},{"start":{"line":442,"column":8},"end":{"line":442,"column":8}}]},"33":{"line":443,"type":"if","locations":[{"start":{"line":443,"column":12},"end":{"line":443,"column":12}},{"start":{"line":443,"column":12},"end":{"line":443,"column":12}}]},"34":{"line":449,"type":"if","locations":[{"start":{"line":449,"column":8},"end":{"line":449,"column":8}},{"start":{"line":449,"column":8},"end":{"line":449,"column":8}}]},"35":{"line":460,"type":"if","locations":[{"start":{"line":460,"column":8},"end":{"line":460,"column":8}},{"start":{"line":460,"column":8},"end":{"line":460,"column":8}}]},"36":{"line":471,"type":"if","locations":[{"start":{"line":471,"column":8},"end":{"line":471,"column":8}},{"start":{"line":471,"column":8},"end":{"line":471,"column":8}}]},"37":{"line":472,"type":"if","locations":[{"start":{"line":472,"column":12},"end":{"line":472,"column":12}},{"start":{"line":472,"column":12},"end":{"line":472,"column":12}}]},"38":{"line":483,"type":"if","locations":[{"start":{"line":483,"column":8},"end":{"line":483,"column":8}},{"start":{"line":483,"column":8},"end":{"line":483,"column":8}}]},"39":{"line":484,"type":"if","locations":[{"start":{"line":484,"column":12},"end":{"line":484,"column":12}},{"start":{"line":484,"column":12},"end":{"line":484,"column":12}}]},"40":{"line":493,"type":"if","locations":[{"start":{"line":493,"column":8},"end":{"line":493,"column":8}},{"start":{"line":493,"column":8},"end":{"line":493,"column":8}}]},"41":{"line":504,"type":"if","locations":[{"start":{"line":504,"column":8},"end":{"line":504,"column":8}},{"start":{"line":504,"column":8},"end":{"line":504,"column":8}}]},"42":{"line":505,"type":"if","locations":[{"start":{"line":505,"column":12},"end":{"line":505,"column":12}},{"start":{"line":505,"column":12},"end":{"line":505,"column":12}}]},"43":{"line":514,"type":"if","locations":[{"start":{"line":514,"column":8},"end":{"line":514,"column":8}},{"start":{"line":514,"column":8},"end":{"line":514,"column":8}}]},"44":{"line":517,"type":"if","locations":[{"start":{"line":517,"column":8},"end":{"line":517,"column":8}},{"start":{"line":517,"column":8},"end":{"line":517,"column":8}}]},"45":{"line":529,"type":"if","locations":[{"start":{"line":529,"column":8},"end":{"line":529,"column":8}},{"start":{"line":529,"column":8},"end":{"line":529,"column":8}}]},"46":{"line":530,"type":"if","locations":[{"start":{"line":530,"column":8},"end":{"line":530,"column":8}},{"start":{"line":530,"column":8},"end":{"line":530,"column":8}}]},"47":{"line":531,"type":"if","locations":[{"start":{"line":531,"column":8},"end":{"line":531,"column":8}},{"start":{"line":531,"column":8},"end":{"line":531,"column":8}}]},"48":{"line":543,"type":"if","locations":[{"start":{"line":543,"column":8},"end":{"line":543,"column":8}},{"start":{"line":543,"column":8},"end":{"line":543,"column":8}}]},"49":{"line":546,"type":"if","locations":[{"start":{"line":546,"column":8},"end":{"line":546,"column":8}},{"start":{"line":546,"column":8},"end":{"line":546,"column":8}}]},"50":{"line":547,"type":"if","locations":[{"start":{"line":547,"column":8},"end":{"line":547,"column":8}},{"start":{"line":547,"column":8},"end":{"line":547,"column":8}}]},"51":{"line":548,"type":"if","locations":[{"start":{"line":548,"column":8},"end":{"line":548,"column":8}},{"start":{"line":548,"column":8},"end":{"line":548,"column":8}}]},"52":{"line":560,"type":"if","locations":[{"start":{"line":560,"column":8},"end":{"line":560,"column":8}},{"start":{"line":560,"column":8},"end":{"line":560,"column":8}}]},"53":{"line":563,"type":"if","locations":[{"start":{"line":563,"column":8},"end":{"line":563,"column":8}},{"start":{"line":563,"column":8},"end":{"line":563,"column":8}}]},"54":{"line":564,"type":"if","locations":[{"start":{"line":564,"column":8},"end":{"line":564,"column":8}},{"start":{"line":564,"column":8},"end":{"line":564,"column":8}}]},"55":{"line":565,"type":"if","locations":[{"start":{"line":565,"column":8},"end":{"line":565,"column":8}},{"start":{"line":565,"column":8},"end":{"line":565,"column":8}}]},"56":{"line":566,"type":"if","locations":[{"start":{"line":566,"column":8},"end":{"line":566,"column":8}},{"start":{"line":566,"column":8},"end":{"line":566,"column":8}}]}}},
"contracts/LLDEX/mocks/CallbackMock.sol":{"l":{"33":1,"35":1},"path":"/Users/michaldedyk/Documents/Projects/GitHub_LLDEX/LLDEX/LLDEX-Core/contracts/LLDEX/mocks/CallbackMock.sol","s":{"1":1,"2":1},"b":{},"f":{"1":1,"2":1},"fnMap":{"1":{"name":"constructor","line":17,"loc":{"start":{"line":17,"column":4},"end":{"line":17,"column":19}}},"2":{"name":"lldexPeripheryCallback","line":19,"loc":{"start":{"line":19,"column":4},"end":{"line":36,"column":4}}}},"statementMap":{"1":{"start":{"line":33,"column":8},"end":{"line":33,"column":78}},"2":{"start":{"line":35,"column":8},"end":{"line":35,"column":90}}},"branchMap":{}},
"contracts/LLDEX/mocks/TokenMock.sol":{"l":{"13":674,"17":100},"path":"/Users/michaldedyk/Documents/Projects/GitHub_LLDEX/LLDEX/LLDEX-Core/contracts/LLDEX/mocks/TokenMock.sol","s":{"1":674,"2":100},"b":{"1":[674,0]},"f":{"1":338,"2":674,"3":100},"fnMap":{"1":{"name":"constructor","line":10,"loc":{"start":{"line":10,"column":4},"end":{"line":10,"column":79}}},"2":{"name":"mint","line":12,"loc":{"start":{"line":12,"column":4},"end":{"line":14,"column":4}}},"3":{"name":"getChainId","line":16,"loc":{"start":{"line":16,"column":4},"end":{"line":18,"column":4}}}},"statementMap":{"1":{"start":{"line":13,"column":8},"end":{"line":13,"column":29}},"2":{"start":{"line":17,"column":8},"end":{"line":17,"column":28}}},"branchMap":{"1":{"line":12,"type":"if","locations":[{"start":{"line":12,"column":60},"end":{"line":12,"column":60}},{"start":{"line":12,"column":60},"end":{"line":12,"column":60}}]}}},
"contracts/LLDEX/periphery/interfaces/ILendingPool.sol":{"l":{},"path":"/Users/michaldedyk/Documents/Projects/GitHub_LLDEX/LLDEX/LLDEX-Core/contracts/LLDEX/periphery/interfaces/ILendingPool.sol","s":{},"b":{},"f":{},"fnMap":{},"statementMap":{},"branchMap":{}},
"contracts/LLDEX/periphery/interfaces/ILendingPoolAddressesProvider.sol":{"l":{},"path":"/Users/michaldedyk/Documents/Projects/GitHub_LLDEX/LLDEX/LLDEX-Core/contracts/LLDEX/periphery/interfaces/ILendingPoolAddressesProvider.sol","s":{},"b":{},"f":{},"fnMap":{},"statementMap":{},"branchMap":{}},
"contracts/LLDEX/periphery/interfaces/IProtocolDataProvider.sol":{"l":{},"path":"/Users/michaldedyk/Documents/Projects/GitHub_LLDEX/LLDEX/LLDEX-Core/contracts/LLDEX/periphery/interfaces/IProtocolDataProvider.sol","s":{},"b":{},"f":{},"fnMap":{},"statementMap":{},"branchMap":{}},
"contracts/LLDEX/periphery/libraries/DataTypes.sol":{"l":{},"path":"/Users/michaldedyk/Documents/Projects/GitHub_LLDEX/LLDEX/LLDEX-Core/contracts/LLDEX/periphery/libraries/DataTypes.sol","s":{},"b":{},"f":{},"fnMap":{},"statementMap":{},"branchMap":{}}}
