TN:
SF:/Users/michaldedyk/Documents/Projects/GitHub_LLDEX/LLDEX/LLDEX-Core/contracts/LLDEX/helpers/ERC1155Proxy.sol
FN:13,constructor
FN:29,func_733NCGU
FNF:2
FNH:1
FNDA:100,constructor
FNDA:0,func_733NCGU
DA:14,100
DA:30,0
LF:2
LH:1
BRDA:14,1,0,100
BRDA:14,1,1,0
BRDA:29,2,0,0
BRDA:29,2,1,0
BRF:4
BRH:1
end_of_record
TN:
SF:/Users/michaldedyk/Documents/Projects/GitHub_LLDEX/LLDEX/LLDEX-Core/contracts/LLDEX/helpers/ERC721Proxy.sol
FN:12,constructor
FN:27,func_602HzuS
FNF:2
FNH:2
FNDA:100,constructor
FNDA:2,func_602HzuS
DA:13,100
DA:28,2
LF:2
LH:2
BRDA:13,1,0,100
BRDA:13,1,1,0
BRDA:27,2,0,2
BRDA:27,2,1,0
BRF:4
BRH:2
end_of_record
TN:
SF:/Users/michaldedyk/Documents/Projects/GitHub_LLDEX/LLDEX/LLDEX-Core/contracts/LLDEX/helpers/ImmutableOwner.sol
FN:9,onlyImmutableOwner
FN:14,constructor
FNF:2
FNH:2
FNDA:2,onlyImmutableOwner
FNDA:100,constructor
DA:10,2
DA:11,2
DA:15,100
LF:3
LH:3
BRDA:10,1,0,2
BRDA:10,1,1,0
BRF:2
BRH:1
end_of_record
TN:
SF:/Users/michaldedyk/Documents/Projects/GitHub_LLDEX/LLDEX/LLDEX-Core/contracts/LLDEX/helpers/MutableOwner.sol
FN:9,onlyOwner
FN:14,constructor
FN:18,_mutateOwner
FN:22,mutableOwner
FNF:4
FNH:4
FNDA:24,onlyOwner
FNDA:40,constructor
FNDA:1,_mutateOwner
FNDA:5,mutableOwner
DA:10,24
DA:11,18
DA:15,40
DA:19,1
DA:23,5
LF:5
LH:5
BRDA:10,1,0,18
BRDA:10,1,1,6
BRDA:18,2,0,1
BRDA:18,2,1,0
BRF:4
BRH:3
end_of_record
TN:
SF:/Users/michaldedyk/Documents/Projects/GitHub_LLDEX/LLDEX/LLDEX-Core/contracts/LLDEX/interfaces/AggregatorV3Interface.sol
FNF:0
FNH:0
LF:0
LH:0
BRF:0
BRH:0
end_of_record
TN:
SF:/Users/michaldedyk/Documents/Projects/GitHub_LLDEX/LLDEX/LLDEX-Core/contracts/LLDEX/interfaces/IBalanceAccessor.sol
FNF:0
FNH:0
LF:0
LH:0
BRF:0
BRH:0
end_of_record
TN:
SF:/Users/michaldedyk/Documents/Projects/GitHub_LLDEX/LLDEX/LLDEX-Core/contracts/LLDEX/interfaces/IPenaltyManager.sol
FNF:0
FNH:0
LF:0
LH:0
BRF:0
BRH:0
end_of_record
TN:
SF:/Users/michaldedyk/Documents/Projects/GitHub_LLDEX/LLDEX/LLDEX-Core/contracts/LLDEX/interfaces/IPeripheryCallback.sol
FNF:0
FNH:0
LF:0
LH:0
BRF:0
BRH:0
end_of_record
TN:
SF:/Users/michaldedyk/Documents/Projects/GitHub_LLDEX/LLDEX/LLDEX-Core/contracts/LLDEX/interfaces/IRFQOrder.sol
FNF:0
FNH:0
LF:0
LH:0
BRF:0
BRH:0
end_of_record
TN:
SF:/Users/michaldedyk/Documents/Projects/GitHub_LLDEX/LLDEX/LLDEX-Core/contracts/LLDEX/interfaces/ITradingSession.sol
FNF:0
FNH:0
LF:0
LH:0
BRF:0
BRH:0
end_of_record
TN:
SF:/Users/michaldedyk/Documents/Projects/GitHub_LLDEX/LLDEX/LLDEX-Core/contracts/LLDEX/libraries/ArgumentsDecoder.sol
FN:6,decodeSelector
FN:13,decodeAddress
FN:24,decodeUint256
FN:35,patchAddress
FN:46,patchUint256
FNF:5
FNH:5
FNDA:56,decodeSelector
FNDA:175,decodeAddress
FNDA:68,decodeUint256
FNDA:18,patchAddress
FNDA:34,patchUint256
DA:7,56
DA:18,175
DA:29,68
DA:40,18
DA:51,34
LF:5
LH:5
BRF:0
BRH:0
end_of_record
TN:
SF:/Users/michaldedyk/Documents/Projects/GitHub_LLDEX/LLDEX/LLDEX-Core/contracts/LLDEX/libraries/UncheckedAddress.sol
FN:6,uncheckedFunctionCall
FN:14,uncheckedFunctionCallWithValue
FN:30,_verifyCallResult
FNF:3
FNH:3
FNDA:34,uncheckedFunctionCall
FNDA:34,uncheckedFunctionCallWithValue
FNDA:34,_verifyCallResult
DA:11,34
DA:20,34
DA:25,34
DA:26,34
DA:35,34
DA:36,28
DA:39,6
DA:43,2
DA:47,4
LF:9
LH:9
BRDA:20,1,0,34
BRDA:20,1,1,0
BRDA:35,2,0,28
BRDA:35,2,1,6
BRDA:39,3,0,2
BRDA:39,3,1,4
BRF:6
BRH:5
end_of_record
TN:
SF:/Users/michaldedyk/Documents/Projects/GitHub_LLDEX/LLDEX/LLDEX-Core/contracts/LLDEX/LLDEXPenaltyManager.sol
FN:26,collectorOnly
FN:32,constructor
FN:38,depositToken
FN:49,withdrawToken
FN:59,withdrawTokenTo
FN:71,transferTo
FN:90,issuePenalty
FN:105,addCollector
FN:111,removeCollector
FN:117,isCollector
FN:121,balanceOf
FN:128,transferOwnership
FN:140,_validateTo
FN:146,_validateAddress
FN:151,_withdrawTransferTo
FNF:15
FNH:15
FNDA:12,collectorOnly
FNDA:40,constructor
FNDA:21,depositToken
FNDA:6,withdrawToken
FNDA:6,withdrawTokenTo
FNDA:12,transferTo
FNDA:10,issuePenalty
FNDA:13,addCollector
FNDA:3,removeCollector
FNDA:11,isCollector
FNDA:19,balanceOf
FNDA:1,transferOwnership
FNDA:23,_validateTo
FNDA:12,_validateAddress
FNDA:12,_withdrawTransferTo
DA:27,12
DA:29,10
DA:33,40
DA:35,40
DA:39,21
DA:41,19
DA:42,13
DA:44,13
DA:46,13
DA:50,6
DA:52,2
DA:53,2
DA:62,6
DA:64,2
DA:65,2
DA:74,12
DA:76,6
DA:77,4
DA:79,2
DA:80,2
DA:82,2
DA:83,2
DA:93,10
DA:95,4
DA:96,4
DA:98,2
DA:99,2
DA:101,2
DA:102,2
DA:106,13
DA:108,11
DA:112,3
DA:114,1
DA:118,11
DA:122,19
DA:131,1
DA:133,1
DA:134,1
DA:136,1
DA:137,1
DA:141,23
DA:142,19
DA:143,15
DA:147,12
DA:148,10
DA:152,12
DA:154,8
DA:155,6
DA:157,4
DA:158,4
LF:50
LH:50
BRDA:27,1,0,10
BRDA:27,1,1,2
BRDA:33,2,0,40
BRDA:33,2,1,0
BRDA:38,3,0,21
BRDA:38,3,1,0
BRDA:39,4,0,19
BRDA:39,4,1,2
BRDA:49,5,0,6
BRDA:49,5,1,0
BRDA:59,6,0,6
BRDA:59,6,1,0
BRDA:71,7,0,12
BRDA:71,7,1,0
BRDA:76,8,0,4
BRDA:76,8,1,2
BRDA:77,9,0,2
BRDA:77,9,1,2
BRDA:89,10,0,12
BRDA:89,10,1,0
BRDA:90,11,0,10
BRDA:90,11,1,2
BRDA:95,12,0,4
BRDA:95,12,1,0
BRDA:96,13,0,2
BRDA:96,13,1,2
BRDA:105,14,0,13
BRDA:105,14,1,2
BRDA:106,15,0,11
BRDA:106,15,1,2
BRDA:111,16,0,3
BRDA:111,16,1,2
BRDA:112,17,0,1
BRDA:112,17,1,2
BRDA:128,18,0,1
BRDA:128,18,1,2
BRDA:141,19,0,19
BRDA:141,19,1,4
BRDA:142,20,0,15
BRDA:142,20,1,4
BRDA:143,21,0,11
BRDA:143,21,1,4
BRDA:147,22,0,10
BRDA:147,22,1,2
BRDA:148,23,0,8
BRDA:148,23,1,2
BRDA:154,24,0,6
BRDA:154,24,1,2
BRDA:155,25,0,4
BRDA:155,25,1,2
BRF:50
BRH:43
end_of_record
TN:
SF:/Users/michaldedyk/Documents/Projects/GitHub_LLDEX/LLDEX/LLDEX-Core/contracts/LLDEX/LLDEXProtocol.sol
FN:47,makerSessionNotExpired
FN:79,DOMAIN_SEPARATOR
FN:85,invalidatorForOrderRFQ
FN:93,cancelOrderRFQ
FN:105,fillOrderRFQ
FN:123,fillOrderRFQCallPeriphery
FN:138,fillOrderRFQToWithCallback
FN:184,fillOrderRFQTo
FN:212,_validateRFQOrder
FN:273,_finishRFQOrder
FN:294,createOrUpdateSession
FN:326,endSession
FN:339,sessionExpirationTime
FN:348,session
FN:367,_validateSessionKey
FN:373,_hash
FN:392,_validate
FN:433,_callTakerAssetTransferFrom
FN:476,_callMakerAssetTransferFrom
FN:509,_updateSessionTransactions
FN:523,_withdrawFee
FN:543,depositToken
FN:560,withdrawToken
FN:576,balance
FNF:24
FNH:24
FNDA:46,makerSessionNotExpired
FNDA:1,DOMAIN_SEPARATOR
FNDA:2,invalidatorForOrderRFQ
FNDA:3,cancelOrderRFQ
FNDA:37,fillOrderRFQ
FNDA:5,fillOrderRFQCallPeriphery
FNDA:1,fillOrderRFQToWithCallback
FNDA:37,fillOrderRFQTo
FNDA:38,_validateRFQOrder
FNDA:12,_finishRFQOrder
FNDA:83,createOrUpdateSession
FNDA:8,endSession
FNDA:9,sessionExpirationTime
FNDA:7,session
FNDA:91,_validateSessionKey
FNDA:28,_hash
FNDA:28,_validate
FNDA:20,_callTakerAssetTransferFrom
FNDA:16,_callMakerAssetTransferFrom
FNDA:10,_updateSessionTransactions
FNDA:12,_withdrawFee
FNDA:14,depositToken
FNDA:9,withdrawToken
FNDA:6,balance
DA:49,46
DA:50,46
DA:55,42
DA:80,1
DA:90,2
DA:94,3
DA:108,37
DA:110,37
DA:127,5
DA:129,3
DA:131,1
DA:135,1
DA:146,1
DA:149,1
DA:157,1
DA:160,1
DA:168,1
DA:175,1
DA:181,1
DA:190,37
DA:193,19
DA:201,15
DA:207,11
DA:209,9
DA:218,38
DA:219,38
DA:221,36
DA:224,36
DA:225,36
DA:226,36
DA:227,36
DA:228,36
DA:229,34
DA:233,34
DA:234,34
DA:236,34
DA:241,32
DA:243,1
DA:244,1
DA:254,29
DA:258,2
DA:261,30
DA:266,30
DA:269,28
DA:270,28
DA:279,12
DA:286,10
DA:288,10
DA:297,83
DA:298,77
DA:301,75
DA:302,4
DA:305,4
DA:306,1
DA:309,4
DA:311,4
DA:313,71
DA:320,71
DA:323,71
DA:327,8
DA:328,8
DA:329,6
DA:334,4
DA:336,4
DA:345,9
DA:359,7
DA:368,91
DA:369,89
DA:370,87
DA:374,28
DA:398,28
DA:399,28
DA:400,28
DA:401,28
DA:402,28
DA:406,26
DA:411,24
DA:412,24
DA:415,21
DA:426,3
DA:440,20
DA:442,20
DA:443,20
DA:449,18
DA:450,18
DA:458,18
DA:460,18
DA:467,18
DA:471,16
DA:472,15
DA:481,16
DA:483,16
DA:484,16
DA:491,16
DA:493,16
DA:500,16
DA:504,12
DA:505,11
DA:513,10
DA:514,10
DA:516,10
DA:517,10
DA:519,10
DA:520,10
DA:529,12
DA:530,12
DA:531,12
DA:536,10
DA:537,10
DA:546,14
DA:547,12
DA:548,10
DA:550,8
DA:551,8
DA:553,4
DA:554,4
DA:563,9
DA:564,7
DA:565,5
DA:566,3
DA:568,1
DA:569,1
DA:571,1
DA:573,1
DA:577,6
LF:125
LH:125
BRDA:50,1,0,42
BRDA:50,1,1,4
BRDA:105,2,0,37
BRDA:105,2,1,4
BRDA:123,3,0,5
BRDA:123,3,1,0
BRDA:127,4,0,3
BRDA:127,4,1,2
BRDA:129,5,0,1
BRDA:129,5,1,2
BRDA:219,6,0,36
BRDA:219,6,1,2
BRDA:219,7,0,0
BRDA:219,7,1,36
BRDA:228,8,0,34
BRDA:228,8,1,2
BRDA:236,9,0,32
BRDA:236,9,1,2
BRDA:241,10,0,1
BRDA:241,10,1,31
BRDA:245,11,0,0
BRDA:245,11,1,31
BRDA:253,12,0,29
BRDA:253,12,1,2
BRDA:261,13,0,30
BRDA:261,13,1,0
BRDA:266,14,0,28
BRDA:266,14,1,2
BRDA:294,15,0,83
BRDA:294,15,1,0
BRDA:298,16,0,75
BRDA:298,16,1,2
BRDA:301,17,0,4
BRDA:301,17,1,71
BRDA:305,18,0,1
BRDA:305,18,1,3
BRDA:326,19,0,8
BRDA:326,19,1,0
BRDA:328,20,0,6
BRDA:328,20,1,2
BRDA:329,21,0,4
BRDA:329,21,1,2
BRDA:368,22,0,89
BRDA:368,22,1,2
BRDA:369,23,0,87
BRDA:369,23,1,2
BRDA:370,24,0,85
BRDA:370,24,1,2
BRDA:398,25,0,28
BRDA:398,25,1,0
BRDA:399,26,0,28
BRDA:399,26,1,0
BRDA:402,27,0,26
BRDA:402,27,1,2
BRDA:406,28,0,24
BRDA:406,28,1,2
BRDA:412,29,0,21
BRDA:412,29,1,3
BRDA:415,30,0,19
BRDA:415,30,1,2
BRDA:426,31,0,1
BRDA:426,31,1,2
BRDA:442,32,0,20
BRDA:442,32,1,0
BRDA:443,33,0,18
BRDA:443,33,1,2
BRDA:449,34,0,18
BRDA:449,34,1,0
BRDA:460,35,0,18
BRDA:460,35,1,0
BRDA:471,36,0,15
BRDA:471,36,1,1
BRDA:472,37,0,15
BRDA:472,37,1,0
BRDA:483,38,0,16
BRDA:483,38,1,0
BRDA:484,39,0,16
BRDA:484,39,1,0
BRDA:493,40,0,16
BRDA:493,40,1,0
BRDA:504,41,0,11
BRDA:504,41,1,1
BRDA:505,42,0,11
BRDA:505,42,1,0
BRDA:514,43,0,10
BRDA:514,43,1,0
BRDA:517,44,0,10
BRDA:517,44,1,0
BRDA:529,45,0,12
BRDA:529,45,1,0
BRDA:530,46,0,12
BRDA:530,46,1,0
BRDA:531,47,0,10
BRDA:531,47,1,2
BRDA:543,48,0,14
BRDA:543,48,1,0
BRDA:546,49,0,12
BRDA:546,49,1,2
BRDA:547,50,0,10
BRDA:547,50,1,2
BRDA:548,51,0,8
BRDA:548,51,1,2
BRDA:560,52,0,9
BRDA:560,52,1,0
BRDA:563,53,0,7
BRDA:563,53,1,2
BRDA:564,54,0,5
BRDA:564,54,1,2
BRDA:565,55,0,3
BRDA:565,55,1,2
BRDA:566,56,0,1
BRDA:566,56,1,2
BRF:112
BRH:90
end_of_record
TN:
SF:/Users/michaldedyk/Documents/Projects/GitHub_LLDEX/LLDEX/LLDEX-Core/contracts/LLDEX/mocks/CallbackMock.sol
FN:17,constructor
FN:19,lldexPeripheryCallback
FNF:2
FNH:2
FNDA:1,constructor
FNDA:1,lldexPeripheryCallback
DA:33,1
DA:35,1
LF:2
LH:2
BRF:0
BRH:0
end_of_record
TN:
SF:/Users/michaldedyk/Documents/Projects/GitHub_LLDEX/LLDEX/LLDEX-Core/contracts/LLDEX/mocks/TokenMock.sol
FN:10,constructor
FN:12,mint
FN:16,getChainId
FNF:3
FNH:3
FNDA:338,constructor
FNDA:674,mint
FNDA:100,getChainId
DA:13,674
DA:17,100
LF:2
LH:2
BRDA:12,1,0,674
BRDA:12,1,1,0
BRF:2
BRH:1
end_of_record
TN:
SF:/Users/michaldedyk/Documents/Projects/GitHub_LLDEX/LLDEX/LLDEX-Core/contracts/LLDEX/periphery/interfaces/ILendingPool.sol
FNF:0
FNH:0
LF:0
LH:0
BRF:0
BRH:0
end_of_record
TN:
SF:/Users/michaldedyk/Documents/Projects/GitHub_LLDEX/LLDEX/LLDEX-Core/contracts/LLDEX/periphery/interfaces/ILendingPoolAddressesProvider.sol
FNF:0
FNH:0
LF:0
LH:0
BRF:0
BRH:0
end_of_record
TN:
SF:/Users/michaldedyk/Documents/Projects/GitHub_LLDEX/LLDEX/LLDEX-Core/contracts/LLDEX/periphery/interfaces/IProtocolDataProvider.sol
FNF:0
FNH:0
LF:0
LH:0
BRF:0
BRH:0
end_of_record
TN:
SF:/Users/michaldedyk/Documents/Projects/GitHub_LLDEX/LLDEX/LLDEX-Core/contracts/LLDEX/periphery/libraries/DataTypes.sol
FNF:0
FNH:0
LF:0
LH:0
BRF:0
BRH:0
end_of_record
