{"contracts/LLDEX/helpers/ERC1155Proxy.sol":{"l":{"14":37,"30":0},"path":"/Users/michaldedyk/Documents/Projects/GitHub_LLDEX/LLDEX/LLDEX-Core/contracts/LLDEX/helpers/ERC1155Proxy.sol","s":{"1":37,"2":0},"b":{"1":[37,0],"2":[0,0]},"f":{"1":37,"2":0},"fnMap":{"1":{"name":"constructor","line":13,"loc":{"start":{"line":13,"column":4},"end":{"line":19,"column":4}}},"2":{"name":"func_733NCGU","line":29,"loc":{"start":{"line":22,"column":4},"end":{"line":31,"column":4}}}},"statementMap":{"1":{"start":{"line":14,"column":8},"end":{"line":14,"column":340}},"2":{"start":{"line":30,"column":8},"end":{"line":30,"column":62}}},"branchMap":{"1":{"line":14,"type":"if","locations":[{"start":{"line":14,"column":8},"end":{"line":14,"column":8}},{"start":{"line":14,"column":8},"end":{"line":14,"column":8}}]},"2":{"line":29,"type":"if","locations":[{"start":{"line":29,"column":15},"end":{"line":29,"column":15}},{"start":{"line":29,"column":15},"end":{"line":29,"column":15}}]}}},"contracts/LLDEX/helpers/ERC20Proxy.sol":{"l":{"15":37,"29":0},"path":"/Users/michaldedyk/Documents/Projects/GitHub_LLDEX/LLDEX/LLDEX-Core/contracts/LLDEX/helpers/ERC20Proxy.sol","s":{"1":37,"2":0},"b":{"1":[37,0],"2":[0,0]},"f":{"1":37,"2":0},"fnMap":{"1":{"name":"constructor","line":14,"loc":{"start":{"line":14,"column":4},"end":{"line":20,"column":4}}},"2":{"name":"func_50BkM4K","line":28,"loc":{"start":{"line":23,"column":4},"end":{"line":30,"column":4}}}},"statementMap":{"1":{"start":{"line":15,"column":8},"end":{"line":15,"column":319}},"2":{"start":{"line":29,"column":8},"end":{"line":29,"column":55}}},"branchMap":{"1":{"line":15,"type":"if","locations":[{"start":{"line":15,"column":8},"end":{"line":15,"column":8}},{"start":{"line":15,"column":8},"end":{"line":15,"column":8}}]},"2":{"line":28,"type":"if","locations":[{"start":{"line":28,"column":15},"end":{"line":28,"column":15}},{"start":{"line":28,"column":15},"end":{"line":28,"column":15}}]}}},"contracts/LLDEX/helpers/ERC721Proxy.sol":{"l":{"14":37,"19":37,"33":0,"43":0},"path":"/Users/michaldedyk/Documents/Projects/GitHub_LLDEX/LLDEX/LLDEX-Core/contracts/LLDEX/helpers/ERC721Proxy.sol","s":{"1":37,"2":37,"3":0,"4":0},"b":{"1":[37,0],"2":[37,0],"3":[0,0],"4":[0,0]},"f":{"1":37,"2":0,"3":0},"fnMap":{"1":{"name":"constructor","line":13,"loc":{"start":{"line":13,"column":4},"end":{"line":24,"column":4}}},"2":{"name":"func_40aVqeY","line":32,"loc":{"start":{"line":27,"column":4},"end":{"line":34,"column":4}}},"3":{"name":"func_20xtkDI","line":42,"loc":{"start":{"line":37,"column":4},"end":{"line":44,"column":4}}}},"statementMap":{"1":{"start":{"line":14,"column":8},"end":{"line":14,"column":337}},"2":{"start":{"line":19,"column":8},"end":{"line":19,"column":519}},"3":{"start":{"line":33,"column":8},"end":{"line":33,"column":44}},"4":{"start":{"line":43,"column":8},"end":{"line":43,"column":48}}},"branchMap":{"1":{"line":14,"type":"if","locations":[{"start":{"line":14,"column":8},"end":{"line":14,"column":8}},{"start":{"line":14,"column":8},"end":{"line":14,"column":8}}]},"2":{"line":19,"type":"if","locations":[{"start":{"line":19,"column":8},"end":{"line":19,"column":8}},{"start":{"line":19,"column":8},"end":{"line":19,"column":8}}]},"3":{"line":32,"type":"if","locations":[{"start":{"line":32,"column":15},"end":{"line":32,"column":15}},{"start":{"line":32,"column":15},"end":{"line":32,"column":15}}]},"4":{"line":42,"type":"if","locations":[{"start":{"line":42,"column":15},"end":{"line":42,"column":15}},{"start":{"line":42,"column":15},"end":{"line":42,"column":15}}]}}},"contracts/LLDEX/helpers/ImmutableOwner.sol":{"l":{"10":0,"11":0,"15":37},"path":"/Users/michaldedyk/Documents/Projects/GitHub_LLDEX/LLDEX/LLDEX-Core/contracts/LLDEX/helpers/ImmutableOwner.sol","s":{"1":0,"2":37},"b":{"1":[0,0]},"f":{"1":0,"2":37},"fnMap":{"1":{"name":"onlyImmutableOwner","line":9,"loc":{"start":{"line":9,"column":4},"end":{"line":12,"column":4}}},"2":{"name":"constructor","line":14,"loc":{"start":{"line":14,"column":4},"end":{"line":16,"column":4}}}},"statementMap":{"1":{"start":{"line":10,"column":8},"end":{"line":10,"column":65}},"2":{"start":{"line":15,"column":8},"end":{"line":15,"column":39}}},"branchMap":{"1":{"line":10,"type":"if","locations":[{"start":{"line":10,"column":8},"end":{"line":10,"column":8}},{"start":{"line":10,"column":8},"end":{"line":10,"column":8}}]}}},"contracts/LLDEX/interfaces/AggregatorV3Interface.sol":{"l":{},"path":"/Users/michaldedyk/Documents/Projects/GitHub_LLDEX/LLDEX/LLDEX-Core/contracts/LLDEX/interfaces/AggregatorV3Interface.sol","s":{},"b":{},"f":{},"fnMap":{},"statementMap":{},"branchMap":{}},"contracts/LLDEX/interfaces/IBalanceAccessor.sol":{"l":{},"path":"/Users/michaldedyk/Documents/Projects/GitHub_LLDEX/LLDEX/LLDEX-Core/contracts/LLDEX/interfaces/IBalanceAccessor.sol","s":{},"b":{},"f":{},"fnMap":{},"statementMap":{},"branchMap":{}},"contracts/LLDEX/interfaces/IPeripheryCallback.sol":{"l":{},"path":"/Users/michaldedyk/Documents/Projects/GitHub_LLDEX/LLDEX/LLDEX-Core/contracts/LLDEX/interfaces/IPeripheryCallback.sol","s":{},"b":{},"f":{},"fnMap":{},"statementMap":{},"branchMap":{}},"contracts/LLDEX/interfaces/IRFQOrder.sol":{"l":{},"path":"/Users/michaldedyk/Documents/Projects/GitHub_LLDEX/LLDEX/LLDEX-Core/contracts/LLDEX/interfaces/IRFQOrder.sol","s":{},"b":{},"f":{},"fnMap":{},"statementMap":{},"branchMap":{}},"contracts/LLDEX/interfaces/ITradingSession.sol":{"l":{},"path":"/Users/michaldedyk/Documents/Projects/GitHub_LLDEX/LLDEX/LLDEX-Core/contracts/LLDEX/interfaces/ITradingSession.sol","s":{},"b":{},"f":{},"fnMap":{},"statementMap":{},"branchMap":{}},"contracts/LLDEX/libraries/ArgumentsDecoder.sol":{"l":{"7":26,"18":94,"29":34,"40":7,"51":14},"path":"/Users/michaldedyk/Documents/Projects/GitHub_LLDEX/LLDEX/LLDEX-Core/contracts/LLDEX/libraries/ArgumentsDecoder.sol","s":{},"b":{},"f":{"1":26,"2":94,"3":34,"4":7,"5":14},"fnMap":{"1":{"name":"decodeSelector","line":6,"loc":{"start":{"line":6,"column":4},"end":{"line":11,"column":4}}},"2":{"name":"decodeAddress","line":13,"loc":{"start":{"line":13,"column":4},"end":{"line":22,"column":4}}},"3":{"name":"decodeUint256","line":24,"loc":{"start":{"line":24,"column":4},"end":{"line":33,"column":4}}},"4":{"name":"patchAddress","line":35,"loc":{"start":{"line":35,"column":4},"end":{"line":44,"column":4}}},"5":{"name":"patchUint256","line":46,"loc":{"start":{"line":46,"column":4},"end":{"line":55,"column":4}}}},"statementMap":{},"branchMap":{}},"contracts/LLDEX/libraries/UncheckedAddress.sol":{"l":{"11":14,"20":14,"25":14,"26":14,"35":14,"36":14,"39":0,"43":0,"47":0},"path":"/Users/michaldedyk/Documents/Projects/GitHub_LLDEX/LLDEX/LLDEX-Core/contracts/LLDEX/libraries/UncheckedAddress.sol","s":{"1":14,"2":14,"3":14,"4":14,"5":14,"6":14,"7":0,"8":0},"b":{"1":[14,0],"2":[14,0],"3":[0,0]},"f":{"1":14,"2":14,"3":14},"fnMap":{"1":{"name":"uncheckedFunctionCall","line":6,"loc":{"start":{"line":6,"column":4},"end":{"line":12,"column":4}}},"2":{"name":"uncheckedFunctionCallWithValue","line":14,"loc":{"start":{"line":14,"column":4},"end":{"line":27,"column":4}}},"3":{"name":"_verifyCallResult","line":30,"loc":{"start":{"line":30,"column":4},"end":{"line":50,"column":4}}}},"statementMap":{"1":{"start":{"line":11,"column":8},"end":{"line":11,"column":76}},"2":{"start":{"line":20,"column":8},"end":{"line":20,"column":74}},"3":{"start":{"line":25,"column":8},"end":{"line":25,"column":81}},"4":{"start":{"line":26,"column":8},"end":{"line":26,"column":67}},"5":{"start":{"line":35,"column":8},"end":{"line":35,"column":1135}},"6":{"start":{"line":36,"column":12},"end":{"line":36,"column":29}},"7":{"start":{"line":39,"column":12},"end":{"line":39,"column":1280}},"8":{"start":{"line":47,"column":16},"end":{"line":47,"column":35}}},"branchMap":{"1":{"line":20,"type":"if","locations":[{"start":{"line":20,"column":8},"end":{"line":20,"column":8}},{"start":{"line":20,"column":8},"end":{"line":20,"column":8}}]},"2":{"line":35,"type":"if","locations":[{"start":{"line":35,"column":8},"end":{"line":35,"column":8}},{"start":{"line":35,"column":8},"end":{"line":35,"column":8}}]},"3":{"line":39,"type":"if","locations":[{"start":{"line":39,"column":12},"end":{"line":39,"column":12}},{"start":{"line":39,"column":12},"end":{"line":39,"column":12}}]}}},"contracts/LLDEX/LLDEXProtocol.sol":{"l":{"49":25,"50":25,"55":21,"80":1,"90":2,"94":3,"108":21,"110":21,"127":0,"129":0,"131":0,"135":0,"146":0,"149":0,"157":0,"160":0,"168":0,"175":0,"181":0,"190":21,"193":9,"201":7,"207":7,"209":7,"218":21,"219":21,"221":19,"224":19,"225":19,"226":19,"227":19,"228":19,"229":17,"233":17,"234":17,"236":17,"238":1,"239":1,"249":14,"253":2,"256":15,"261":15,"264":13,"265":13,"274":7,"281":7,"283":7,"292":56,"293":50,"296":48,"297":3,"300":3,"301":0,"304":3,"306":3,"308":45,"315":45,"318":45,"322":8,"323":8,"324":6,"329":4,"331":4,"340":9,"354":6,"363":64,"364":62,"365":60,"369":13,"393":13,"394":13,"395":13,"396":13,"397":13,"401":13,"406":13,"407":13,"410":10,"421":3,"435":9,"437":9,"438":9,"444":7,"445":7,"453":7,"455":7,"462":7,"466":7,"467":7,"476":7,"478":7,"479":7,"486":7,"488":7,"495":7,"499":7,"500":7,"508":7,"509":7,"511":7,"512":7,"514":7,"515":7,"524":7,"525":7,"526":7,"531":7,"532":7,"541":0,"542":0,"543":0,"545":0,"546":0,"548":0,"549":0,"558":0,"559":0,"560":0,"561":0,"563":0,"564":0,"566":0,"568":0,"572":1},"path":"/Users/michaldedyk/Documents/Projects/GitHub_LLDEX/LLDEX/LLDEX-Core/contracts/LLDEX/LLDEXProtocol.sol","s":{"1":25,"2":25,"3":1,"4":2,"5":3,"6":21,"7":21,"8":0,"9":0,"10":0,"11":0,"12":0,"13":0,"14":0,"15":0,"16":0,"17":0,"18":0,"19":21,"20":9,"21":7,"22":7,"23":7,"24":21,"25":21,"26":19,"27":19,"28":19,"29":19,"30":19,"31":17,"32":17,"33":17,"34":17,"35":1,"36":1,"37":16,"38":16,"39":14,"40":2,"41":15,"42":15,"43":13,"44":13,"45":7,"46":7,"47":7,"48":56,"49":50,"50":48,"51":3,"52":3,"53":0,"54":3,"55":3,"56":45,"57":45,"58":45,"59":8,"60":8,"61":6,"62":4,"63":4,"64":9,"65":6,"66":64,"67":62,"68":60,"69":13,"70":13,"71":13,"72":13,"73":13,"74":13,"75":13,"76":13,"77":13,"78":10,"79":3,"80":9,"81":9,"82":9,"83":7,"84":7,"85":7,"86":7,"87":7,"88":7,"89":7,"90":7,"91":7,"92":7,"93":7,"94":7,"95":7,"96":7,"97":7,"98":7,"99":7,"100":7,"101":7,"102":7,"103":7,"104":7,"105":7,"106":7,"107":7,"108":7,"109":0,"110":0,"111":0,"112":0,"113":0,"114":0,"115":0,"116":0,"117":0,"118":0,"119":0,"120":0,"121":0,"122":0,"123":0,"124":1},"b":{"1":[21,4],"2":[21,4],"3":[0,0],"4":[0,0],"5":[0,0],"6":[19,2],"7":[0,19],"8":[17,2],"9":[1,16],"10":[0,16],"11":[14,2],"12":[15,0],"13":[13,2],"14":[56,0],"15":[48,2],"16":[3,45],"17":[0,3],"18":[8,0],"19":[6,2],"20":[4,2],"21":[62,2],"22":[60,2],"23":[58,2],"24":[13,0],"25":[13,0],"26":[13,0],"27":[13,0],"28":[10,3],"29":[8,2],"30":[1,2],"31":[9,0],"32":[7,2],"33":[7,0],"34":[7,0],"35":[7,0],"36":[7,0],"37":[7,0],"38":[7,0],"39":[7,0],"40":[7,0],"41":[7,0],"42":[7,0],"43":[7,0],"44":[7,0],"45":[7,0],"46":[7,0],"47":[0,0],"48":[0,0],"49":[0,0],"50":[0,0],"51":[0,0],"52":[0,0],"53":[0,0],"54":[0,0],"55":[0,0]},"f":{"1":25,"2":1,"3":2,"4":3,"5":21,"6":0,"7":0,"8":21,"9":21,"10":7,"11":56,"12":8,"13":9,"14":6,"15":64,"16":13,"17":13,"18":9,"19":7,"20":7,"21":7,"22":0,"23":0,"24":1},"fnMap":{"1":{"name":"makerSessionNotExpired","line":47,"loc":{"start":{"line":47,"column":4},"end":{"line":56,"column":4}}},"2":{"name":"DOMAIN_SEPARATOR","line":79,"loc":{"start":{"line":79,"column":4},"end":{"line":81,"column":4}}},"3":{"name":"invalidatorForOrderRFQ","line":85,"loc":{"start":{"line":85,"column":4},"end":{"line":91,"column":4}}},"4":{"name":"cancelOrderRFQ","line":93,"loc":{"start":{"line":93,"column":4},"end":{"line":95,"column":4}}},"5":{"name":"fillOrderRFQ","line":105,"loc":{"start":{"line":97,"column":4},"end":{"line":111,"column":4}}},"6":{"name":"fillOrderRFQCallPeriphery","line":123,"loc":{"start":{"line":113,"column":4},"end":{"line":136,"column":4}}},"7":{"name":"fillOrderRFQToWithCallback","line":138,"loc":{"start":{"line":138,"column":4},"end":{"line":182,"column":4}}},"8":{"name":"fillOrderRFQTo","line":184,"loc":{"start":{"line":184,"column":4},"end":{"line":210,"column":4}}},"9":{"name":"_validateRFQOrder","line":212,"loc":{"start":{"line":212,"column":4},"end":{"line":266,"column":4}}},"10":{"name":"_finishRFQOrder","line":268,"loc":{"start":{"line":268,"column":4},"end":{"line":284,"column":4}}},"11":{"name":"createOrUpdateSession","line":289,"loc":{"start":{"line":286,"column":4},"end":{"line":319,"column":4}}},"12":{"name":"endSession","line":321,"loc":{"start":{"line":321,"column":4},"end":{"line":332,"column":4}}},"13":{"name":"sessionExpirationTime","line":334,"loc":{"start":{"line":334,"column":4},"end":{"line":341,"column":4}}},"14":{"name":"session","line":343,"loc":{"start":{"line":343,"column":4},"end":{"line":360,"column":4}}},"15":{"name":"_validateSessionKey","line":362,"loc":{"start":{"line":362,"column":4},"end":{"line":366,"column":4}}},"16":{"name":"_hash","line":368,"loc":{"start":{"line":368,"column":4},"end":{"line":385,"column":4}}},"17":{"name":"_validate","line":387,"loc":{"start":{"line":387,"column":4},"end":{"line":426,"column":4}}},"18":{"name":"_callTakerAssetTransferFrom","line":428,"loc":{"start":{"line":428,"column":4},"end":{"line":469,"column":4}}},"19":{"name":"_callMakerAssetTransferFrom","line":471,"loc":{"start":{"line":471,"column":4},"end":{"line":502,"column":4}}},"20":{"name":"_updateSessionTransactions","line":504,"loc":{"start":{"line":504,"column":4},"end":{"line":516,"column":4}}},"21":{"name":"_withdrawFee","line":518,"loc":{"start":{"line":518,"column":4},"end":{"line":533,"column":4}}},"22":{"name":"depositToken","line":538,"loc":{"start":{"line":535,"column":4},"end":{"line":550,"column":4}}},"23":{"name":"withdrawToken","line":555,"loc":{"start":{"line":552,"column":4},"end":{"line":569,"column":4}}},"24":{"name":"balance","line":571,"loc":{"start":{"line":571,"column":4},"end":{"line":573,"column":4}}}},"statementMap":{"1":{"start":{"line":49,"column":8},"end":{"line":49,"column":71}},"2":{"start":{"line":50,"column":8},"end":{"line":50,"column":1545}},"3":{"start":{"line":80,"column":8},"end":{"line":80,"column":35}},"4":{"start":{"line":90,"column":8},"end":{"line":90,"column":40}},"5":{"start":{"line":94,"column":8},"end":{"line":94,"column":84}},"6":{"start":{"line":108,"column":8},"end":{"line":108,"column":90}},"7":{"start":{"line":110,"column":8},"end":{"line":110,"column":60}},"8":{"start":{"line":127,"column":8},"end":{"line":127,"column":70}},"9":{"start":{"line":129,"column":8},"end":{"line":129,"column":76}},"10":{"start":{"line":131,"column":8},"end":{"line":131,"column":90}},"11":{"start":{"line":135,"column":8},"end":{"line":135,"column":85}},"12":{"start":{"line":146,"column":8},"end":{"line":146,"column":72}},"13":{"start":{"line":149,"column":8},"end":{"line":149,"column":5214}},"14":{"start":{"line":157,"column":8},"end":{"line":157,"column":83}},"15":{"start":{"line":160,"column":8},"end":{"line":160,"column":5581}},"16":{"start":{"line":168,"column":8},"end":{"line":168,"column":5900}},"17":{"start":{"line":175,"column":8},"end":{"line":175,"column":6088}},"18":{"start":{"line":181,"column":8},"end":{"line":181,"column":49}},"19":{"start":{"line":190,"column":8},"end":{"line":190,"column":72}},"20":{"start":{"line":193,"column":8},"end":{"line":193,"column":6603}},"21":{"start":{"line":201,"column":8},"end":{"line":201,"column":6804}},"22":{"start":{"line":207,"column":8},"end":{"line":207,"column":49}},"23":{"start":{"line":209,"column":8},"end":{"line":209,"column":59}},"24":{"start":{"line":218,"column":8},"end":{"line":218,"column":54}},"25":{"start":{"line":219,"column":8},"end":{"line":219,"column":88}},"26":{"start":{"line":224,"column":12},"end":{"line":224,"column":75}},"27":{"start":{"line":225,"column":12},"end":{"line":225,"column":61}},"28":{"start":{"line":226,"column":12},"end":{"line":226,"column":59}},"29":{"start":{"line":227,"column":12},"end":{"line":227,"column":70}},"30":{"start":{"line":228,"column":12},"end":{"line":228,"column":78}},"31":{"start":{"line":229,"column":12},"end":{"line":229,"column":78}},"32":{"start":{"line":233,"column":8},"end":{"line":233,"column":84}},"33":{"start":{"line":234,"column":8},"end":{"line":234,"column":84}},"34":{"start":{"line":236,"column":8},"end":{"line":236,"column":8212}},"35":{"start":{"line":238,"column":12},"end":{"line":238,"column":50}},"36":{"start":{"line":239,"column":12},"end":{"line":239,"column":50}},"37":{"start":{"line":240,"column":15},"end":{"line":240,"column":8427}},"38":{"start":{"line":248,"column":15},"end":{"line":248,"column":8761}},"39":{"start":{"line":249,"column":12},"end":{"line":249,"column":8829}},"40":{"start":{"line":253,"column":12},"end":{"line":253,"column":50}},"41":{"start":{"line":256,"column":8},"end":{"line":256,"column":9035}},"42":{"start":{"line":261,"column":8},"end":{"line":261,"column":89}},"43":{"start":{"line":264,"column":8},"end":{"line":264,"column":31}},"44":{"start":{"line":265,"column":8},"end":{"line":265,"column":82}},"45":{"start":{"line":274,"column":8},"end":{"line":274,"column":9585}},"46":{"start":{"line":281,"column":8},"end":{"line":281,"column":77}},"47":{"start":{"line":283,"column":8},"end":{"line":283,"column":82}},"48":{"start":{"line":292,"column":8},"end":{"line":292,"column":38}},"49":{"start":{"line":293,"column":8},"end":{"line":293,"column":83}},"50":{"start":{"line":296,"column":8},"end":{"line":296,"column":10305}},"51":{"start":{"line":297,"column":12},"end":{"line":297,"column":64}},"52":{"start":{"line":300,"column":12},"end":{"line":300,"column":10515}},"53":{"start":{"line":301,"column":16},"end":{"line":301,"column":60}},"54":{"start":{"line":304,"column":12},"end":{"line":304,"column":93}},"55":{"start":{"line":306,"column":12},"end":{"line":306,"column":40}},"56":{"start":{"line":308,"column":12},"end":{"line":308,"column":10815}},"57":{"start":{"line":315,"column":12},"end":{"line":315,"column":93}},"58":{"start":{"line":318,"column":8},"end":{"line":318,"column":36}},"59":{"start":{"line":322,"column":8},"end":{"line":322,"column":60}},"60":{"start":{"line":323,"column":8},"end":{"line":323,"column":83}},"61":{"start":{"line":324,"column":8},"end":{"line":324,"column":11389}},"62":{"start":{"line":329,"column":8},"end":{"line":329,"column":47}},"63":{"start":{"line":331,"column":8},"end":{"line":331,"column":76}},"64":{"start":{"line":340,"column":8},"end":{"line":340,"column":46}},"65":{"start":{"line":354,"column":8},"end":{"line":354,"column":12102}},"66":{"start":{"line":363,"column":8},"end":{"line":363,"column":62}},"67":{"start":{"line":364,"column":8},"end":{"line":364,"column":64}},"68":{"start":{"line":365,"column":8},"end":{"line":365,"column":70}},"69":{"start":{"line":369,"column":8},"end":{"line":369,"column":12658}},"70":{"start":{"line":393,"column":8},"end":{"line":393,"column":69}},"71":{"start":{"line":394,"column":8},"end":{"line":394,"column":69}},"72":{"start":{"line":395,"column":8},"end":{"line":395,"column":62}},"73":{"start":{"line":396,"column":8},"end":{"line":396,"column":62}},"74":{"start":{"line":397,"column":8},"end":{"line":397,"column":13686}},"75":{"start":{"line":401,"column":8},"end":{"line":401,"column":13845}},"76":{"start":{"line":406,"column":8},"end":{"line":406,"column":74}},"77":{"start":{"line":407,"column":8},"end":{"line":407,"column":14081}},"78":{"start":{"line":410,"column":12},"end":{"line":410,"column":14190}},"79":{"start":{"line":421,"column":12},"end":{"line":421,"column":14625}},"80":{"start":{"line":435,"column":8},"end":{"line":435,"column":75}},"81":{"start":{"line":437,"column":8},"end":{"line":437,"column":15100}},"82":{"start":{"line":438,"column":12},"end":{"line":438,"column":15155}},"83":{"start":{"line":444,"column":8},"end":{"line":444,"column":15304}},"84":{"start":{"line":445,"column":12},"end":{"line":445,"column":15354}},"85":{"start":{"line":453,"column":8},"end":{"line":453,"column":63}},"86":{"start":{"line":455,"column":8},"end":{"line":455,"column":15618}},"87":{"start":{"line":462,"column":8},"end":{"line":462,"column":15854}},"88":{"start":{"line":466,"column":8},"end":{"line":466,"column":16000}},"89":{"start":{"line":467,"column":12},"end":{"line":467,"column":75}},"90":{"start":{"line":476,"column":8},"end":{"line":476,"column":77}},"91":{"start":{"line":478,"column":8},"end":{"line":478,"column":16360}},"92":{"start":{"line":479,"column":12},"end":{"line":479,"column":16415}},"93":{"start":{"line":486,"column":8},"end":{"line":486,"column":63}},"94":{"start":{"line":488,"column":8},"end":{"line":488,"column":16661}},"95":{"start":{"line":495,"column":8},"end":{"line":495,"column":16897}},"96":{"start":{"line":499,"column":8},"end":{"line":499,"column":17043}},"97":{"start":{"line":500,"column":12},"end":{"line":500,"column":75}},"98":{"start":{"line":508,"column":8},"end":{"line":508,"column":75}},"99":{"start":{"line":509,"column":8},"end":{"line":509,"column":80}},"100":{"start":{"line":511,"column":8},"end":{"line":511,"column":75}},"101":{"start":{"line":512,"column":8},"end":{"line":512,"column":80}},"102":{"start":{"line":514,"column":8},"end":{"line":514,"column":60}},"103":{"start":{"line":515,"column":8},"end":{"line":515,"column":60}},"104":{"start":{"line":524,"column":8},"end":{"line":524,"column":64}},"105":{"start":{"line":525,"column":8},"end":{"line":525,"column":77}},"106":{"start":{"line":526,"column":8},"end":{"line":526,"column":18102}},"107":{"start":{"line":531,"column":8},"end":{"line":531,"column":54}},"108":{"start":{"line":532,"column":8},"end":{"line":532,"column":57}},"109":{"start":{"line":541,"column":8},"end":{"line":541,"column":61}},"110":{"start":{"line":542,"column":8},"end":{"line":542,"column":66}},"111":{"start":{"line":543,"column":8},"end":{"line":543,"column":48}},"112":{"start":{"line":545,"column":8},"end":{"line":545,"column":41}},"113":{"start":{"line":546,"column":8},"end":{"line":546,"column":69}},"114":{"start":{"line":548,"column":8},"end":{"line":548,"column":53}},"115":{"start":{"line":549,"column":8},"end":{"line":549,"column":51}},"116":{"start":{"line":558,"column":8},"end":{"line":558,"column":61}},"117":{"start":{"line":559,"column":8},"end":{"line":559,"column":66}},"118":{"start":{"line":560,"column":8},"end":{"line":560,"column":48}},"119":{"start":{"line":561,"column":8},"end":{"line":561,"column":93}},"120":{"start":{"line":563,"column":8},"end":{"line":563,"column":41}},"121":{"start":{"line":564,"column":8},"end":{"line":564,"column":50}},"122":{"start":{"line":566,"column":8},"end":{"line":566,"column":53}},"123":{"start":{"line":568,"column":8},"end":{"line":568,"column":51}},"124":{"start":{"line":572,"column":8},"end":{"line":572,"column":51}}},"branchMap":{"1":{"line":50,"type":"if","locations":[{"start":{"line":50,"column":8},"end":{"line":50,"column":8}},{"start":{"line":50,"column":8},"end":{"line":50,"column":8}}]},"2":{"line":105,"type":"if","locations":[{"start":{"line":105,"column":8},"end":{"line":105,"column":8}},{"start":{"line":105,"column":8},"end":{"line":105,"column":8}}]},"3":{"line":123,"type":"if","locations":[{"start":{"line":123,"column":8},"end":{"line":123,"column":8}},{"start":{"line":123,"column":8},"end":{"line":123,"column":8}}]},"4":{"line":127,"type":"if","locations":[{"start":{"line":127,"column":8},"end":{"line":127,"column":8}},{"start":{"line":127,"column":8},"end":{"line":127,"column":8}}]},"5":{"line":129,"type":"if","locations":[{"start":{"line":129,"column":8},"end":{"line":129,"column":8}},{"start":{"line":129,"column":8},"end":{"line":129,"column":8}}]},"6":{"line":219,"type":"if","locations":[{"start":{"line":219,"column":8},"end":{"line":219,"column":8}},{"start":{"line":219,"column":8},"end":{"line":219,"column":8}}]},"7":{"line":219,"type":"cond-expr","locations":[{"start":{"line":219,"column":16},"end":{"line":219,"column":30}},{"start":{"line":219,"column":35},"end":{"line":219,"column":63}}]},"8":{"line":228,"type":"if","locations":[{"start":{"line":228,"column":12},"end":{"line":228,"column":12}},{"start":{"line":228,"column":12},"end":{"line":228,"column":12}}]},"9":{"line":236,"type":"if","locations":[{"start":{"line":236,"column":8},"end":{"line":236,"column":8}},{"start":{"line":236,"column":8},"end":{"line":236,"column":8}}]},"10":{"line":240,"type":"if","locations":[{"start":{"line":240,"column":15},"end":{"line":240,"column":15}},{"start":{"line":240,"column":15},"end":{"line":240,"column":15}}]},"11":{"line":248,"type":"if","locations":[{"start":{"line":248,"column":15},"end":{"line":248,"column":15}},{"start":{"line":248,"column":15},"end":{"line":248,"column":15}}]},"12":{"line":256,"type":"if","locations":[{"start":{"line":256,"column":8},"end":{"line":256,"column":8}},{"start":{"line":256,"column":8},"end":{"line":256,"column":8}}]},"13":{"line":261,"type":"if","locations":[{"start":{"line":261,"column":8},"end":{"line":261,"column":8}},{"start":{"line":261,"column":8},"end":{"line":261,"column":8}}]},"14":{"line":289,"type":"if","locations":[{"start":{"line":289,"column":8},"end":{"line":289,"column":8}},{"start":{"line":289,"column":8},"end":{"line":289,"column":8}}]},"15":{"line":293,"type":"if","locations":[{"start":{"line":293,"column":8},"end":{"line":293,"column":8}},{"start":{"line":293,"column":8},"end":{"line":293,"column":8}}]},"16":{"line":296,"type":"if","locations":[{"start":{"line":296,"column":8},"end":{"line":296,"column":8}},{"start":{"line":296,"column":8},"end":{"line":296,"column":8}}]},"17":{"line":300,"type":"if","locations":[{"start":{"line":300,"column":12},"end":{"line":300,"column":12}},{"start":{"line":300,"column":12},"end":{"line":300,"column":12}}]},"18":{"line":321,"type":"if","locations":[{"start":{"line":321,"column":44},"end":{"line":321,"column":44}},{"start":{"line":321,"column":44},"end":{"line":321,"column":44}}]},"19":{"line":323,"type":"if","locations":[{"start":{"line":323,"column":8},"end":{"line":323,"column":8}},{"start":{"line":323,"column":8},"end":{"line":323,"column":8}}]},"20":{"line":324,"type":"if","locations":[{"start":{"line":324,"column":8},"end":{"line":324,"column":8}},{"start":{"line":324,"column":8},"end":{"line":324,"column":8}}]},"21":{"line":363,"type":"if","locations":[{"start":{"line":363,"column":8},"end":{"line":363,"column":8}},{"start":{"line":363,"column":8},"end":{"line":363,"column":8}}]},"22":{"line":364,"type":"if","locations":[{"start":{"line":364,"column":8},"end":{"line":364,"column":8}},{"start":{"line":364,"column":8},"end":{"line":364,"column":8}}]},"23":{"line":365,"type":"if","locations":[{"start":{"line":365,"column":8},"end":{"line":365,"column":8}},{"start":{"line":365,"column":8},"end":{"line":365,"column":8}}]},"24":{"line":393,"type":"if","locations":[{"start":{"line":393,"column":8},"end":{"line":393,"column":8}},{"start":{"line":393,"column":8},"end":{"line":393,"column":8}}]},"25":{"line":394,"type":"if","locations":[{"start":{"line":394,"column":8},"end":{"line":394,"column":8}},{"start":{"line":394,"column":8},"end":{"line":394,"column":8}}]},"26":{"line":397,"type":"if","locations":[{"start":{"line":397,"column":8},"end":{"line":397,"column":8}},{"start":{"line":397,"column":8},"end":{"line":397,"column":8}}]},"27":{"line":401,"type":"if","locations":[{"start":{"line":401,"column":8},"end":{"line":401,"column":8}},{"start":{"line":401,"column":8},"end":{"line":401,"column":8}}]},"28":{"line":407,"type":"if","locations":[{"start":{"line":407,"column":8},"end":{"line":407,"column":8}},{"start":{"line":407,"column":8},"end":{"line":407,"column":8}}]},"29":{"line":410,"type":"if","locations":[{"start":{"line":410,"column":12},"end":{"line":410,"column":12}},{"start":{"line":410,"column":12},"end":{"line":410,"column":12}}]},"30":{"line":421,"type":"if","locations":[{"start":{"line":421,"column":12},"end":{"line":421,"column":12}},{"start":{"line":421,"column":12},"end":{"line":421,"column":12}}]},"31":{"line":437,"type":"if","locations":[{"start":{"line":437,"column":8},"end":{"line":437,"column":8}},{"start":{"line":437,"column":8},"end":{"line":437,"column":8}}]},"32":{"line":438,"type":"if","locations":[{"start":{"line":438,"column":12},"end":{"line":438,"column":12}},{"start":{"line":438,"column":12},"end":{"line":438,"column":12}}]},"33":{"line":444,"type":"if","locations":[{"start":{"line":444,"column":8},"end":{"line":444,"column":8}},{"start":{"line":444,"column":8},"end":{"line":444,"column":8}}]},"34":{"line":455,"type":"if","locations":[{"start":{"line":455,"column":8},"end":{"line":455,"column":8}},{"start":{"line":455,"column":8},"end":{"line":455,"column":8}}]},"35":{"line":466,"type":"if","locations":[{"start":{"line":466,"column":8},"end":{"line":466,"column":8}},{"start":{"line":466,"column":8},"end":{"line":466,"column":8}}]},"36":{"line":467,"type":"if","locations":[{"start":{"line":467,"column":12},"end":{"line":467,"column":12}},{"start":{"line":467,"column":12},"end":{"line":467,"column":12}}]},"37":{"line":478,"type":"if","locations":[{"start":{"line":478,"column":8},"end":{"line":478,"column":8}},{"start":{"line":478,"column":8},"end":{"line":478,"column":8}}]},"38":{"line":479,"type":"if","locations":[{"start":{"line":479,"column":12},"end":{"line":479,"column":12}},{"start":{"line":479,"column":12},"end":{"line":479,"column":12}}]},"39":{"line":488,"type":"if","locations":[{"start":{"line":488,"column":8},"end":{"line":488,"column":8}},{"start":{"line":488,"column":8},"end":{"line":488,"column":8}}]},"40":{"line":499,"type":"if","locations":[{"start":{"line":499,"column":8},"end":{"line":499,"column":8}},{"start":{"line":499,"column":8},"end":{"line":499,"column":8}}]},"41":{"line":500,"type":"if","locations":[{"start":{"line":500,"column":12},"end":{"line":500,"column":12}},{"start":{"line":500,"column":12},"end":{"line":500,"column":12}}]},"42":{"line":509,"type":"if","locations":[{"start":{"line":509,"column":8},"end":{"line":509,"column":8}},{"start":{"line":509,"column":8},"end":{"line":509,"column":8}}]},"43":{"line":512,"type":"if","locations":[{"start":{"line":512,"column":8},"end":{"line":512,"column":8}},{"start":{"line":512,"column":8},"end":{"line":512,"column":8}}]},"44":{"line":524,"type":"if","locations":[{"start":{"line":524,"column":8},"end":{"line":524,"column":8}},{"start":{"line":524,"column":8},"end":{"line":524,"column":8}}]},"45":{"line":525,"type":"if","locations":[{"start":{"line":525,"column":8},"end":{"line":525,"column":8}},{"start":{"line":525,"column":8},"end":{"line":525,"column":8}}]},"46":{"line":526,"type":"if","locations":[{"start":{"line":526,"column":8},"end":{"line":526,"column":8}},{"start":{"line":526,"column":8},"end":{"line":526,"column":8}}]},"47":{"line":538,"type":"if","locations":[{"start":{"line":538,"column":8},"end":{"line":538,"column":8}},{"start":{"line":538,"column":8},"end":{"line":538,"column":8}}]},"48":{"line":541,"type":"if","locations":[{"start":{"line":541,"column":8},"end":{"line":541,"column":8}},{"start":{"line":541,"column":8},"end":{"line":541,"column":8}}]},"49":{"line":542,"type":"if","locations":[{"start":{"line":542,"column":8},"end":{"line":542,"column":8}},{"start":{"line":542,"column":8},"end":{"line":542,"column":8}}]},"50":{"line":543,"type":"if","locations":[{"start":{"line":543,"column":8},"end":{"line":543,"column":8}},{"start":{"line":543,"column":8},"end":{"line":543,"column":8}}]},"51":{"line":555,"type":"if","locations":[{"start":{"line":555,"column":8},"end":{"line":555,"column":8}},{"start":{"line":555,"column":8},"end":{"line":555,"column":8}}]},"52":{"line":558,"type":"if","locations":[{"start":{"line":558,"column":8},"end":{"line":558,"column":8}},{"start":{"line":558,"column":8},"end":{"line":558,"column":8}}]},"53":{"line":559,"type":"if","locations":[{"start":{"line":559,"column":8},"end":{"line":559,"column":8}},{"start":{"line":559,"column":8},"end":{"line":559,"column":8}}]},"54":{"line":560,"type":"if","locations":[{"start":{"line":560,"column":8},"end":{"line":560,"column":8}},{"start":{"line":560,"column":8},"end":{"line":560,"column":8}}]},"55":{"line":561,"type":"if","locations":[{"start":{"line":561,"column":8},"end":{"line":561,"column":8}},{"start":{"line":561,"column":8},"end":{"line":561,"column":8}}]}}},"contracts/LLDEX/mocks/CallbackMock.sol":{"l":{},"path":"/Users/michaldedyk/Documents/Projects/GitHub_LLDEX/LLDEX/LLDEX-Core/contracts/LLDEX/mocks/CallbackMock.sol","s":{},"b":{},"f":{"1":0,"2":0},"fnMap":{"1":{"name":"constructor","line":9,"loc":{"start":{"line":9,"column":4},"end":{"line":9,"column":19}}},"2":{"name":"lldexPeripheryCallback","line":11,"loc":{"start":{"line":11,"column":4},"end":{"line":19,"column":4}}}},"statementMap":{},"branchMap":{}},"contracts/LLDEX/mocks/TokenMock.sol":{"l":{"13":0,"17":0},"path":"/Users/michaldedyk/Documents/Projects/GitHub_LLDEX/LLDEX/LLDEX-Core/contracts/LLDEX/mocks/TokenMock.sol","s":{"1":0,"2":0},"b":{"1":[0,0]},"f":{"1":216,"2":37,"3":0},"fnMap":{"1":{"name":"constructor","line":10,"loc":{"start":{"line":10,"column":4},"end":{"line":10,"column":79}}},"2":{"name":"mint","line":12,"loc":{"start":{"line":12,"column":4},"end":{"line":14,"column":4}}},"3":{"name":"getChainId","line":16,"loc":{"start":{"line":16,"column":4},"end":{"line":18,"column":4}}}},"statementMap":{"1":{"start":{"line":13,"column":8},"end":{"line":13,"column":29}},"2":{"start":{"line":17,"column":8},"end":{"line":17,"column":28}}},"branchMap":{"1":{"line":12,"type":"if","locations":[{"start":{"line":12,"column":60},"end":{"line":12,"column":60}},{"start":{"line":12,"column":60},"end":{"line":12,"column":60}}]}}},"contracts/LLDEX/periphery/AAVEBridge.sol":{"l":{"33":0,"35":0,"55":0,"56":0,"59":0,"81":0,"86":0,"87":0,"89":0,"97":0,"107":0,"109":0,"112":0,"115":0,"124":0,"132":0,"134":0,"137":0,"145":0,"152":0,"159":0,"167":0,"175":0},"path":"/Users/michaldedyk/Documents/Projects/GitHub_LLDEX/LLDEX/LLDEX-Core/contracts/LLDEX/periphery/AAVEBridge.sol","s":{"1":0,"2":0,"3":0,"4":0,"5":0,"6":0,"7":0,"8":0,"9":0,"10":0,"11":0,"12":0,"13":0,"14":0,"15":0,"16":0,"17":0,"18":0,"19":0,"20":0,"21":0},"b":{"1":[0,0],"2":[0,0],"3":[0,0],"4":[0,0],"5":[0,0],"6":[0,0]},"f":{"1":0,"2":0,"3":0,"4":0,"5":0,"6":0,"7":0,"8":0,"9":0},"fnMap":{"1":{"name":"verifyCallback","line":32,"loc":{"start":{"line":32,"column":4},"end":{"line":36,"column":4}}},"2":{"name":"constructor","line":54,"loc":{"start":{"line":54,"column":4},"end":{"line":60,"column":4}}},"3":{"name":"lldexPeripheryCallback","line":67,"loc":{"start":{"line":62,"column":4},"end":{"line":93,"column":4}}},"4":{"name":"_clearSelector","line":95,"loc":{"start":{"line":95,"column":4},"end":{"line":100,"column":4}}},"5":{"name":"depositAndBorrow","line":104,"loc":{"start":{"line":102,"column":4},"end":{"line":125,"column":4}}},"6":{"name":"repayAndWithdraw","line":129,"loc":{"start":{"line":127,"column":4},"end":{"line":156,"column":4}}},"7":{"name":"_getaToken","line":158,"loc":{"start":{"line":158,"column":4},"end":{"line":160,"column":4}}},"8":{"name":"_getStableDebtToken","line":162,"loc":{"start":{"line":162,"column":4},"end":{"line":168,"column":4}}},"9":{"name":"_getVariableDebtToken","line":170,"loc":{"start":{"line":170,"column":4},"end":{"line":176,"column":4}}}},"statementMap":{"1":{"start":{"line":33,"column":8},"end":{"line":33,"column":74}},"2":{"start":{"line":55,"column":8},"end":{"line":55,"column":47}},"3":{"start":{"line":56,"column":8},"end":{"line":56,"column":1598}},"4":{"start":{"line":59,"column":8},"end":{"line":59,"column":35}},"5":{"start":{"line":81,"column":8},"end":{"line":81,"column":2596}},"6":{"start":{"line":86,"column":8},"end":{"line":86,"column":90}},"7":{"start":{"line":87,"column":8},"end":{"line":87,"column":84}},"8":{"start":{"line":89,"column":8},"end":{"line":89,"column":46}},"9":{"start":{"line":107,"column":8},"end":{"line":107,"column":91}},"10":{"start":{"line":109,"column":8},"end":{"line":109,"column":82}},"11":{"start":{"line":112,"column":8},"end":{"line":112,"column":85}},"12":{"start":{"line":115,"column":8},"end":{"line":115,"column":4007}},"13":{"start":{"line":124,"column":8},"end":{"line":124,"column":70}},"14":{"start":{"line":132,"column":8},"end":{"line":132,"column":87}},"15":{"start":{"line":134,"column":8},"end":{"line":134,"column":78}},"16":{"start":{"line":137,"column":8},"end":{"line":137,"column":4944}},"17":{"start":{"line":145,"column":8},"end":{"line":145,"column":5157}},"18":{"start":{"line":152,"column":8},"end":{"line":152,"column":75}},"19":{"start":{"line":159,"column":8},"end":{"line":159,"column":74}},"20":{"start":{"line":167,"column":8},"end":{"line":167,"column":83}},"21":{"start":{"line":175,"column":8},"end":{"line":175,"column":85}}},"branchMap":{"1":{"line":33,"type":"if","locations":[{"start":{"line":33,"column":8},"end":{"line":33,"column":8}},{"start":{"line":33,"column":8},"end":{"line":33,"column":8}}]},"2":{"line":67,"type":"if","locations":[{"start":{"line":67,"column":24},"end":{"line":67,"column":24}},{"start":{"line":67,"column":24},"end":{"line":67,"column":24}}]},"3":{"line":86,"type":"if","locations":[{"start":{"line":86,"column":8},"end":{"line":86,"column":8}},{"start":{"line":86,"column":8},"end":{"line":86,"column":8}}]},"4":{"line":87,"type":"if","locations":[{"start":{"line":87,"column":8},"end":{"line":87,"column":8}},{"start":{"line":87,"column":8},"end":{"line":87,"column":8}}]},"5":{"line":104,"type":"if","locations":[{"start":{"line":104,"column":8},"end":{"line":104,"column":8}},{"start":{"line":104,"column":8},"end":{"line":104,"column":8}}]},"6":{"line":129,"type":"if","locations":[{"start":{"line":129,"column":8},"end":{"line":129,"column":8}},{"start":{"line":129,"column":8},"end":{"line":129,"column":8}}]}}},"contracts/LLDEX/periphery/interfaces/ILendingPool.sol":{"l":{},"path":"/Users/michaldedyk/Documents/Projects/GitHub_LLDEX/LLDEX/LLDEX-Core/contracts/LLDEX/periphery/interfaces/ILendingPool.sol","s":{},"b":{},"f":{},"fnMap":{},"statementMap":{},"branchMap":{}},"contracts/LLDEX/periphery/interfaces/ILendingPoolAddressesProvider.sol":{"l":{},"path":"/Users/michaldedyk/Documents/Projects/GitHub_LLDEX/LLDEX/LLDEX-Core/contracts/LLDEX/periphery/interfaces/ILendingPoolAddressesProvider.sol","s":{},"b":{},"f":{},"fnMap":{},"statementMap":{},"branchMap":{}},"contracts/LLDEX/periphery/interfaces/IProtocolDataProvider.sol":{"l":{},"path":"/Users/michaldedyk/Documents/Projects/GitHub_LLDEX/LLDEX/LLDEX-Core/contracts/LLDEX/periphery/interfaces/IProtocolDataProvider.sol","s":{},"b":{},"f":{},"fnMap":{},"statementMap":{},"branchMap":{}},"contracts/LLDEX/periphery/libraries/DataTypes.sol":{"l":{},"path":"/Users/michaldedyk/Documents/Projects/GitHub_LLDEX/LLDEX/LLDEX-Core/contracts/LLDEX/periphery/libraries/DataTypes.sol","s":{},"b":{},"f":{},"fnMap":{},"statementMap":{},"branchMap":{}}}